<?xml version="1.0" encoding="UTF-8"?>
<!-- Generated by org.testng.reporters.JUnitXMLReporter -->
<testsuite hostname="DESKTOP-MRVJBNT" failures="16" tests="141" name="MenuMitra API Tests" time="22.006" errors="0" timestamp="22 May 2025 18:35:32 GMT">
  <testcase classname="com.menumitratCommonAPITestScript.TableListViewTestScript" name="@BeforeClass setup" time="0.0">
    <failure type="com.menumitra.utilityclass.customException" message="Setup failed: Error while reading Table List View API endpoint data from Excel sheet: Unexpected error occurred while reading excel sheet No valid entries or contents found, this is not a valid OOXML (Office Open XML) file">
      <![CDATA[com.menumitra.utilityclass.customException: Setup failed: Error while reading Table List View API endpoint data from Excel sheet: Unexpected error occurred while reading excel sheet No valid entries or contents found, this is not a valid OOXML (Office Open XML) file
	at com.menumitratCommonAPITestScript.TableListViewTestScript.setup(TableListViewTestScript.java:172)
	at java.base/java.util.concurrent.ThreadPoolExecutor.runWorker(ThreadPoolExecutor.java:1144)
	at java.base/java.util.concurrent.ThreadPoolExecutor$Worker.run(ThreadPoolExecutor.java:642)
	at java.base/java.lang.Thread.run(Thread.java:1583)
... Removed 8 stack frames]]>
    </failure>
  </testcase> <!-- @BeforeClass setup -->
  <testcase classname="com.menumitratCommonAPITestScript.ActivityLogTestScript" name="@BeforeClass setup" time="0.0">
    <failure type="com.menumitra.utilityclass.customException" message="Error during setup: Error While Reading Activity Log API endpoint data from Excel sheet">
      <![CDATA[com.menumitra.utilityclass.customException: Error during setup: Error While Reading Activity Log API endpoint data from Excel sheet
	at com.menumitratCommonAPITestScript.ActivityLogTestScript.setup(ActivityLogTestScript.java:152)
	at java.base/java.util.concurrent.ThreadPoolExecutor.runWorker(ThreadPoolExecutor.java:1144)
	at java.base/java.util.concurrent.ThreadPoolExecutor$Worker.run(ThreadPoolExecutor.java:642)
	at java.base/java.lang.Thread.run(Thread.java:1583)
... Removed 8 stack frames]]>
    </failure>
  </testcase> <!-- @BeforeClass setup -->
  <testcase classname="com.menumitratCommonAPITestScript.GetStaffListWithRole" name="@BeforeClass getStaffListWithRoleSetUp" time="0.0">
    <failure type="com.menumitra.utilityclass.customException" message="Error in staff list with role setup: Error in getting staff list with role URL: Unexpected error occurred while reading excel sheet No valid entries or contents found, this is not a valid OOXML (Office Open XML) file">
      <![CDATA[com.menumitra.utilityclass.customException: Error in staff list with role setup: Error in getting staff list with role URL: Unexpected error occurred while reading excel sheet No valid entries or contents found, this is not a valid OOXML (Office Open XML) file
	at com.menumitratCommonAPITestScript.GetStaffListWithRole.getStaffListWithRoleSetUp(GetStaffListWithRole.java:88)
	at java.base/java.util.concurrent.ThreadPoolExecutor.runWorker(ThreadPoolExecutor.java:1144)
	at java.base/java.util.concurrent.ThreadPoolExecutor$Worker.run(ThreadPoolExecutor.java:642)
	at java.base/java.lang.Thread.run(Thread.java:1583)
... Removed 8 stack frames]]>
    </failure>
  </testcase> <!-- @BeforeClass getStaffListWithRoleSetUp -->
  <testcase classname="com.menumitratCommonAPITestScript.UpdateTemplatesTestScript" name="@BeforeClass setup" time="0.0">
    <failure type="com.menumitra.utilityclass.customException" message="Error during setup: Error While Reading Update Templates API endpoint data from Excel sheet">
      <![CDATA[com.menumitra.utilityclass.customException: Error during setup: Error While Reading Update Templates API endpoint data from Excel sheet
	at com.menumitratCommonAPITestScript.UpdateTemplatesTestScript.setup(UpdateTemplatesTestScript.java:143)
	at java.base/java.util.concurrent.ThreadPoolExecutor.runWorker(ThreadPoolExecutor.java:1144)
	at java.base/java.util.concurrent.ThreadPoolExecutor$Worker.run(ThreadPoolExecutor.java:642)
	at java.base/java.lang.Thread.run(Thread.java:1583)
... Removed 8 stack frames]]>
    </failure>
  </testcase> <!-- @BeforeClass setup -->
  <testcase classname="com.menumitratCommonAPITestScript.ChefViewTestScript" name="@BeforeClass chefViewSetUp" time="0.0">
    <failure type="com.menumitra.utilityclass.customException" message="Error in chef view setup: Error in getChefViewUrl: Unexpected error occurred while reading excel sheet No valid entries or contents found, this is not a valid OOXML (Office Open XML) file">
      <![CDATA[com.menumitra.utilityclass.customException: Error in chef view setup: Error in getChefViewUrl: Unexpected error occurred while reading excel sheet No valid entries or contents found, this is not a valid OOXML (Office Open XML) file
	at com.menumitratCommonAPITestScript.ChefViewTestScript.chefViewSetUp(ChefViewTestScript.java:90)
	at java.base/java.util.concurrent.ThreadPoolExecutor.runWorker(ThreadPoolExecutor.java:1144)
	at java.base/java.util.concurrent.ThreadPoolExecutor$Worker.run(ThreadPoolExecutor.java:642)
	at java.base/java.lang.Thread.run(Thread.java:1583)
... Removed 8 stack frames]]>
    </failure>
  </testcase> <!-- @BeforeClass chefViewSetUp -->
  <testcase classname="com.menumitratCommonAPITestScript.UpdateTemplatesTestScript" name="@AfterClass tearDown" time="0.0">
    <skipped/>
  </testcase> <!-- @AfterClass tearDown -->
  <testcase classname="com.menumitratCommonAPITestScript.GetStaffRole" name="@BeforeClass getStaffRoleSetUp" time="0.0">
    <failure type="com.menumitra.utilityclass.customException" message="Error in get staff role setup: Error in getStaffRoleUrl: Unexpected error occurred while reading excel sheet: Cannot get a STRING value from a NUMERIC cell">
      <![CDATA[com.menumitra.utilityclass.customException: Error in get staff role setup: Error in getStaffRoleUrl: Unexpected error occurred while reading excel sheet: Cannot get a STRING value from a NUMERIC cell
	at com.menumitratCommonAPITestScript.GetStaffRole.getStaffRoleSetUp(GetStaffRole.java:91)
	at java.base/java.util.concurrent.ThreadPoolExecutor.runWorker(ThreadPoolExecutor.java:1144)
	at java.base/java.util.concurrent.ThreadPoolExecutor$Worker.run(ThreadPoolExecutor.java:642)
	at java.base/java.lang.Thread.run(Thread.java:1583)
... Removed 8 stack frames]]>
    </failure>
  </testcase> <!-- @BeforeClass getStaffRoleSetUp -->
  <testcase classname="com.menumitratCommonAPITestScript.SendQRLinkTestScript" name="@BeforeClass sendQRLinkSetUp" time="0.0">
    <failure type="com.menumitra.utilityclass.customException" message="Error in send QR link setup: Error in getting send QR link URL: Unexpected error occurred while reading excel sheet: Cannot get a NUMERIC value from a STRING cell">
      <![CDATA[com.menumitra.utilityclass.customException: Error in send QR link setup: Error in getting send QR link URL: Unexpected error occurred while reading excel sheet: Cannot get a NUMERIC value from a STRING cell
	at com.menumitratCommonAPITestScript.SendQRLinkTestScript.sendQRLinkSetUp(SendQRLinkTestScript.java:87)
	at java.base/java.util.concurrent.ThreadPoolExecutor.runWorker(ThreadPoolExecutor.java:1144)
	at java.base/java.util.concurrent.ThreadPoolExecutor$Worker.run(ThreadPoolExecutor.java:642)
	at java.base/java.lang.Thread.run(Thread.java:1583)
... Removed 8 stack frames]]>
    </failure>
  </testcase> <!-- @BeforeClass sendQRLinkSetUp -->
  <testcase classname="com.menumitratCommonAPITestScript.MenuUpdate" name="@BeforeClass setup" time="0.0">
    <failure type="com.menumitra.utilityclass.customException" message="Error during setup: Error While Reading Menu Update API endpoint data from Excel sheet: Unexpected error occurred while reading excel sheet: Cannot get a STRING value from a NUMERIC cell">
      <![CDATA[com.menumitra.utilityclass.customException: Error during setup: Error While Reading Menu Update API endpoint data from Excel sheet: Unexpected error occurred while reading excel sheet: Cannot get a STRING value from a NUMERIC cell
	at com.menumitratCommonAPITestScript.MenuUpdate.setup(MenuUpdate.java:266)
	at java.base/java.util.concurrent.ThreadPoolExecutor.runWorker(ThreadPoolExecutor.java:1144)
	at java.base/java.util.concurrent.ThreadPoolExecutor$Worker.run(ThreadPoolExecutor.java:642)
	at java.base/java.lang.Thread.run(Thread.java:1583)
... Removed 8 stack frames]]>
    </failure>
  </testcase> <!-- @BeforeClass setup -->
  <testcase classname="com.menumitratCommonAPITestScript.OrderViewTestScript" name="@BeforeClass orderViewSetUp" time="0.0">
    <failure type="com.menumitra.utilityclass.customException" message="Error in order view setup: Error in getting order view URL: Unexpected error occurred while reading excel sheet: Cannot get a STRING value from a NUMERIC cell">
      <![CDATA[com.menumitra.utilityclass.customException: Error in order view setup: Error in getting order view URL: Unexpected error occurred while reading excel sheet: Cannot get a STRING value from a NUMERIC cell
	at com.menumitratCommonAPITestScript.OrderViewTestScript.orderViewSetUp(OrderViewTestScript.java:88)
	at java.base/java.util.concurrent.ThreadPoolExecutor.runWorker(ThreadPoolExecutor.java:1144)
	at java.base/java.util.concurrent.ThreadPoolExecutor$Worker.run(ThreadPoolExecutor.java:642)
	at java.base/java.lang.Thread.run(Thread.java:1583)
... Removed 8 stack frames]]>
    </failure>
  </testcase> <!-- @BeforeClass orderViewSetUp -->
  <testcase classname="com.menumitratCommonAPITestScript.SupplierCreditRatingChoicesTestScript" name="@BeforeClass setup" time="0.0">
    <failure type="com.menumitra.utilityclass.customException" message="Error in supplier credit rating choices setup: Error while reading Supplier Credit Rating Choices API endpoint data from Excel sheet: Unexpected error occurred while reading excel sheet: Cannot get a NUMERIC value from a STRING cell">
      <![CDATA[com.menumitra.utilityclass.customException: Error in supplier credit rating choices setup: Error while reading Supplier Credit Rating Choices API endpoint data from Excel sheet: Unexpected error occurred while reading excel sheet: Cannot get a NUMERIC value from a STRING cell
	at com.menumitratCommonAPITestScript.SupplierCreditRatingChoicesTestScript.setup(SupplierCreditRatingChoicesTestScript.java:162)
	at java.base/java.util.concurrent.ThreadPoolExecutor.runWorker(ThreadPoolExecutor.java:1144)
	at java.base/java.util.concurrent.ThreadPoolExecutor$Worker.run(ThreadPoolExecutor.java:642)
	at java.base/java.lang.Thread.run(Thread.java:1583)
... Removed 8 stack frames]]>
    </failure>
  </testcase> <!-- @BeforeClass setup -->
  <testcase classname="com.menumitratCommonAPITestScript.SearchMenu" name="@BeforeClass searchMenuSetUp" time="0.0">
    <failure type="com.menumitra.utilityclass.customException" message="Error in search menu setup: Error in getSearchMenuUrl: Unexpected error occurred while reading excel sheet: Cannot get a STRING value from a NUMERIC cell">
      <![CDATA[com.menumitra.utilityclass.customException: Error in search menu setup: Error in getSearchMenuUrl: Unexpected error occurred while reading excel sheet: Cannot get a STRING value from a NUMERIC cell
	at com.menumitratCommonAPITestScript.SearchMenu.searchMenuSetUp(SearchMenu.java:95)
	at java.base/java.util.concurrent.ThreadPoolExecutor.runWorker(ThreadPoolExecutor.java:1144)
	at java.base/java.util.concurrent.ThreadPoolExecutor$Worker.run(ThreadPoolExecutor.java:642)
	at java.base/java.lang.Thread.run(Thread.java:1583)
... Removed 8 stack frames]]>
    </failure>
  </testcase> <!-- @BeforeClass searchMenuSetUp -->
  <testcase classname="com.menumitratCommonAPITestScript.GetOutletListTestScript" name="@BeforeClass getOutletListSetUp" time="0.0">
    <failure type="com.menumitra.utilityclass.customException" message="Error in get outlet list setup: Error in getting outlet list URL: Unexpected error occurred while reading excel sheet: Cannot get a STRING value from a NUMERIC cell">
      <![CDATA[com.menumitra.utilityclass.customException: Error in get outlet list setup: Error in getting outlet list URL: Unexpected error occurred while reading excel sheet: Cannot get a STRING value from a NUMERIC cell
	at com.menumitratCommonAPITestScript.GetOutletListTestScript.getOutletListSetUp(GetOutletListTestScript.java:87)
	at java.base/java.util.concurrent.ThreadPoolExecutor.runWorker(ThreadPoolExecutor.java:1144)
	at java.base/java.util.concurrent.ThreadPoolExecutor$Worker.run(ThreadPoolExecutor.java:642)
	at java.base/java.lang.Thread.run(Thread.java:1583)
... Removed 8 stack frames]]>
    </failure>
  </testcase> <!-- @BeforeClass getOutletListSetUp -->
  <testcase classname="com.menumitratCommonAPITestScript.ViewTemplatesTestScript" name="@BeforeClass viewTemplatesSetUp" time="0.0">
    <failure type="com.menumitra.utilityclass.customException" message="Error in view templates setup: Error in getting view templates URL: Unexpected error occurred while reading excel sheet: Cannot get a STRING value from a NUMERIC cell">
      <![CDATA[com.menumitra.utilityclass.customException: Error in view templates setup: Error in getting view templates URL: Unexpected error occurred while reading excel sheet: Cannot get a STRING value from a NUMERIC cell
	at com.menumitratCommonAPITestScript.ViewTemplatesTestScript.viewTemplatesSetUp(ViewTemplatesTestScript.java:89)
	at java.base/java.util.concurrent.ThreadPoolExecutor.runWorker(ThreadPoolExecutor.java:1144)
	at java.base/java.util.concurrent.ThreadPoolExecutor$Worker.run(ThreadPoolExecutor.java:642)
	at java.base/java.lang.Thread.run(Thread.java:1583)
... Removed 8 stack frames]]>
    </failure>
  </testcase> <!-- @BeforeClass viewTemplatesSetUp -->
  <testcase classname="com.menumitratCommonAPITestScript.WaiterUpdateTestScript" name="@BeforeClass waiterUpdateSetUp" time="0.0">
    <failure type="com.menumitra.utilityclass.customException" message="Error in waiter update setup: Error in getWaiterUpdateUrl: Error reading the Excel file: Failed to read zip entry source">
      <![CDATA[com.menumitra.utilityclass.customException: Error in waiter update setup: Error in getWaiterUpdateUrl: Error reading the Excel file: Failed to read zip entry source
	at com.menumitratCommonAPITestScript.WaiterUpdateTestScript.waiterUpdateSetUp(WaiterUpdateTestScript.java:95)
	at java.base/java.util.concurrent.ThreadPoolExecutor.runWorker(ThreadPoolExecutor.java:1144)
	at java.base/java.util.concurrent.ThreadPoolExecutor$Worker.run(ThreadPoolExecutor.java:642)
	at java.base/java.lang.Thread.run(Thread.java:1583)
... Removed 8 stack frames]]>
    </failure>
  </testcase> <!-- @BeforeClass waiterUpdateSetUp -->
  <testcase classname="com.menumitratCommonAPITestScript.RemoveTemplateTestScript" name="@BeforeClass setup" time="0.0">
    <failure type="com.menumitra.utilityclass.customException" message="Error during setup: Error While Reading Remove Template API endpoint data from Excel sheet">
      <![CDATA[com.menumitra.utilityclass.customException: Error during setup: Error While Reading Remove Template API endpoint data from Excel sheet
	at com.menumitratCommonAPITestScript.RemoveTemplateTestScript.setup(RemoveTemplateTestScript.java:156)
	at java.base/java.util.concurrent.ThreadPoolExecutor.runWorker(ThreadPoolExecutor.java:1144)
	at java.base/java.util.concurrent.ThreadPoolExecutor$Worker.run(ThreadPoolExecutor.java:642)
	at java.base/java.lang.Thread.run(Thread.java:1583)
... Removed 8 stack frames]]>
    </failure>
  </testcase> <!-- @BeforeClass setup -->
  <testcase classname="com.menumitratCommonAPITestScript.SelectOutletTestScript" name="@BeforeClass selectOutletSetUp" time="0.0">
    <failure type="com.menumitra.utilityclass.customException" message="Error in select outlet setup: Cannot invoke &amp;quot;String.isEmpty()&amp;quot; because &amp;quot;this.accessToken&amp;quot; is null">
      <![CDATA[com.menumitra.utilityclass.customException: Error in select outlet setup: Cannot invoke "String.isEmpty()" because "this.accessToken" is null
	at com.menumitratCommonAPITestScript.SelectOutletTestScript.selectOutletSetUp(SelectOutletTestScript.java:87)
	at java.base/java.util.concurrent.ThreadPoolExecutor.runWorker(ThreadPoolExecutor.java:1144)
	at java.base/java.util.concurrent.ThreadPoolExecutor$Worker.run(ThreadPoolExecutor.java:642)
	at java.base/java.lang.Thread.run(Thread.java:1583)
... Removed 8 stack frames]]>
    </failure>
  </testcase> <!-- @BeforeClass selectOutletSetUp -->
  <testcase classname="com.menumitratCommonAPITestScript.ContinueChatTestScript" name="@BeforeClass continueChatSetUp" time="0.0">
    <failure type="com.menumitra.utilityclass.customException" message="Error in continue chat setup: Error in getting continue chat URL: Unexpected error occurred while reading excel sheet: Cannot get a NUMERIC value from a STRING cell">
      <![CDATA[com.menumitra.utilityclass.customException: Error in continue chat setup: Error in getting continue chat URL: Unexpected error occurred while reading excel sheet: Cannot get a NUMERIC value from a STRING cell
	at com.menumitratCommonAPITestScript.ContinueChatTestScript.continueChatSetUp(ContinueChatTestScript.java:89)
	at java.base/java.util.concurrent.ThreadPoolExecutor.runWorker(ThreadPoolExecutor.java:1144)
	at java.base/java.util.concurrent.ThreadPoolExecutor$Worker.run(ThreadPoolExecutor.java:642)
	at java.base/java.lang.Thread.run(Thread.java:1583)
... Removed 8 stack frames]]>
    </failure>
  </testcase> <!-- @BeforeClass continueChatSetUp -->
  <testcase classname="com.menumitratCommonAPITestScript.InventoryListViewTestScript" name="@BeforeClass inventoryListSetUp" time="0.0">
    <failure type="com.menumitra.utilityclass.customException" message="Error in inventory list setup: no protocol: positive">
      <![CDATA[com.menumitra.utilityclass.customException: Error in inventory list setup: no protocol: positive
	at com.menumitratCommonAPITestScript.InventoryListViewTestScript.inventoryListSetUp(InventoryListViewTestScript.java:94)
	at java.base/java.util.concurrent.ThreadPoolExecutor.runWorker(ThreadPoolExecutor.java:1144)
	at java.base/java.util.concurrent.ThreadPoolExecutor$Worker.run(ThreadPoolExecutor.java:642)
	at java.base/java.lang.Thread.run(Thread.java:1583)
... Removed 8 stack frames]]>
    </failure>
  </testcase> <!-- @BeforeClass inventoryListSetUp -->
  <testcase classname="com.menumitratCommonAPITestScript.PosDetailsTestScript" name="@BeforeClass posDetailsSetUp" time="0.0">
    <failure type="com.menumitra.utilityclass.customException" message="Error in pos details setup: Error in getting pos details URL: Unexpected error occurred while reading excel sheet: Cannot get a NUMERIC value from a STRING cell">
      <![CDATA[com.menumitra.utilityclass.customException: Error in pos details setup: Error in getting pos details URL: Unexpected error occurred while reading excel sheet: Cannot get a NUMERIC value from a STRING cell
	at com.menumitratCommonAPITestScript.PosDetailsTestScript.posDetailsSetUp(PosDetailsTestScript.java:90)
	at java.base/java.util.concurrent.ThreadPoolExecutor.runWorker(ThreadPoolExecutor.java:1144)
	at java.base/java.util.concurrent.ThreadPoolExecutor$Worker.run(ThreadPoolExecutor.java:642)
	at java.base/java.lang.Thread.run(Thread.java:1583)
... Removed 8 stack frames]]>
    </failure>
  </testcase> <!-- @BeforeClass posDetailsSetUp -->
  <testcase classname="com.menumitratCommonAPITestScript.TotalTicketsTestScript" name="@BeforeClass totalTicketsSetUp" time="0.0">
    <failure type="com.menumitra.utilityclass.customException" message="Error in total tickets setup: Error in getting total tickets URL: No total tickets URL data found after filtering">
      <![CDATA[com.menumitra.utilityclass.customException: Error in total tickets setup: Error in getting total tickets URL: No total tickets URL data found after filtering
	at com.menumitratCommonAPITestScript.TotalTicketsTestScript.totalTicketsSetUp(TotalTicketsTestScript.java:87)
	at java.base/java.util.concurrent.ThreadPoolExecutor.runWorker(ThreadPoolExecutor.java:1144)
	at java.base/java.util.concurrent.ThreadPoolExecutor$Worker.run(ThreadPoolExecutor.java:642)
	at java.base/java.lang.Thread.run(Thread.java:1583)
... Removed 8 stack frames]]>
    </failure>
  </testcase> <!-- @BeforeClass totalTicketsSetUp -->
  <testcase classname="com.menumitratCommonAPITestScript.ChefUpdateTestScript" name="@BeforeClass setup" time="0.0">
    <failure type="com.menumitra.utilityclass.customException" message="Error during setup: Error While Reading Chef Update API endpoint data from Excel sheet">
      <![CDATA[com.menumitra.utilityclass.customException: Error during setup: Error While Reading Chef Update API endpoint data from Excel sheet
	at com.menumitratCommonAPITestScript.ChefUpdateTestScript.setup(ChefUpdateTestScript.java:147)
	at java.base/java.util.concurrent.ThreadPoolExecutor.runWorker(ThreadPoolExecutor.java:1144)
	at java.base/java.util.concurrent.ThreadPoolExecutor$Worker.run(ThreadPoolExecutor.java:642)
	at java.base/java.lang.Thread.run(Thread.java:1583)
... Removed 8 stack frames]]>
    </failure>
  </testcase> <!-- @BeforeClass setup -->
  <testcase classname="com.menumitratCommonAPITestScript.SupplierStatusChoicesTestScript" name="@BeforeClass setup" time="0.0">
    <failure type="com.menumitra.utilityclass.customException" message="Error in supplier status choices setup: Error while reading Supplier Status Choices API endpoint data from Excel sheet: Unexpected error occurred while reading excel sheet: null">
      <![CDATA[com.menumitra.utilityclass.customException: Error in supplier status choices setup: Error while reading Supplier Status Choices API endpoint data from Excel sheet: Unexpected error occurred while reading excel sheet: null
	at com.menumitratCommonAPITestScript.SupplierStatusChoicesTestScript.setup(SupplierStatusChoicesTestScript.java:165)
	at java.base/java.util.concurrent.ThreadPoolExecutor.runWorker(ThreadPoolExecutor.java:1144)
	at java.base/java.util.concurrent.ThreadPoolExecutor$Worker.run(ThreadPoolExecutor.java:642)
	at java.base/java.lang.Thread.run(Thread.java:1583)
... Removed 8 stack frames]]>
    </failure>
  </testcase> <!-- @BeforeClass setup -->
  <testcase classname="com.menumitratCommonAPITestScript.GetMenuList" name="@BeforeClass menuListSetUp" time="0.0">
    <failure type="com.menumitra.utilityclass.customException" message="Error in menu list setup: Error in getMenuListUrl: Unexpected error occurred while reading excel sheet: Cannot get a NUMERIC value from a STRING cell">
      <![CDATA[com.menumitra.utilityclass.customException: Error in menu list setup: Error in getMenuListUrl: Unexpected error occurred while reading excel sheet: Cannot get a NUMERIC value from a STRING cell
	at com.menumitratCommonAPITestScript.GetMenuList.menuListSetUp(GetMenuList.java:94)
	at java.base/java.util.concurrent.ThreadPoolExecutor.runWorker(ThreadPoolExecutor.java:1144)
	at java.base/java.util.concurrent.ThreadPoolExecutor$Worker.run(ThreadPoolExecutor.java:642)
	at java.base/java.lang.Thread.run(Thread.java:1583)
... Removed 8 stack frames]]>
    </failure>
  </testcase> <!-- @BeforeClass menuListSetUp -->
  <testcase classname="com.menumitratCommonAPITestScript.ViewProfileTestScript" name="@BeforeClass viewProfileSetUp" time="0.0">
    <failure type="com.menumitra.utilityclass.customException" message="Error in view profile setup: Error in getViewProfileUrl: Unexpected error occurred while reading excel sheet: Cannot get a NUMERIC value from a STRING cell">
      <![CDATA[com.menumitra.utilityclass.customException: Error in view profile setup: Error in getViewProfileUrl: Unexpected error occurred while reading excel sheet: Cannot get a NUMERIC value from a STRING cell
	at com.menumitratCommonAPITestScript.ViewProfileTestScript.viewProfileSetUp(ViewProfileTestScript.java:97)
	at java.base/java.util.concurrent.ThreadPoolExecutor.runWorker(ThreadPoolExecutor.java:1144)
	at java.base/java.util.concurrent.ThreadPoolExecutor$Worker.run(ThreadPoolExecutor.java:642)
	at java.base/java.lang.Thread.run(Thread.java:1583)
... Removed 8 stack frames]]>
    </failure>
  </testcase> <!-- @BeforeClass viewProfileSetUp -->
  <testcase classname="com.menumitratCommonAPITestScript.MenuCreateTestScript" name="@BeforeClass setup" time="0.0">
    <failure type="com.menumitra.utilityclass.customException" message="Error during setup: Error While Reading Menu Create API endpoint data from Excel sheet">
      <![CDATA[com.menumitra.utilityclass.customException: Error during setup: Error While Reading Menu Create API endpoint data from Excel sheet
	at com.menumitratCommonAPITestScript.MenuCreateTestScript.setup(MenuCreateTestScript.java:177)
	at java.base/java.util.concurrent.ThreadPoolExecutor.runWorker(ThreadPoolExecutor.java:1144)
	at java.base/java.util.concurrent.ThreadPoolExecutor$Worker.run(ThreadPoolExecutor.java:642)
	at java.base/java.lang.Thread.run(Thread.java:1583)
... Removed 8 stack frames]]>
    </failure>
  </testcase> <!-- @BeforeClass setup -->
  <testcase classname="com.menumitratCommonAPITestScript.MenuCreateTestScript" name="@AfterClass tearDown" time="0.0">
    <skipped/>
  </testcase> <!-- @AfterClass tearDown -->
  <testcase classname="com.menumitratCommonAPITestScript.SupplierDeleteTestScript" name="@BeforeClass setup" time="0.0">
    <failure type="com.menumitra.utilityclass.customException" message="Error in supplier delete setup: [EXCEPTION] Error during login API execution: JSONObject[&amp;quot;access_token&amp;quot;] not found.">
      <![CDATA[com.menumitra.utilityclass.customException: Error in supplier delete setup: [EXCEPTION] Error during login API execution: JSONObject["access_token"] not found.
	at com.menumitratCommonAPITestScript.SupplierDeleteTestScript.setup(SupplierDeleteTestScript.java:172)
	at java.base/java.util.concurrent.ThreadPoolExecutor.runWorker(ThreadPoolExecutor.java:1144)
	at java.base/java.util.concurrent.ThreadPoolExecutor$Worker.run(ThreadPoolExecutor.java:642)
	at java.base/java.lang.Thread.run(Thread.java:1583)
... Removed 8 stack frames]]>
    </failure>
  </testcase> <!-- @BeforeClass setup -->
  <testcase classname="com.menumitratCommonAPITestScript.GetTemplates" name="@BeforeClass getTemplatesSetUp" time="0.0">
    <failure type="com.menumitra.utilityclass.customException" message="Error in get templates setup: Error in getTemplatesUrl: Unexpected error occurred while reading excel sheet: Cannot get a STRING value from a NUMERIC cell">
      <![CDATA[com.menumitra.utilityclass.customException: Error in get templates setup: Error in getTemplatesUrl: Unexpected error occurred while reading excel sheet: Cannot get a STRING value from a NUMERIC cell
	at com.menumitratCommonAPITestScript.GetTemplates.getTemplatesSetUp(GetTemplates.java:91)
	at java.base/java.util.concurrent.ThreadPoolExecutor.runWorker(ThreadPoolExecutor.java:1144)
	at java.base/java.util.concurrent.ThreadPoolExecutor$Worker.run(ThreadPoolExecutor.java:642)
	at java.base/java.lang.Thread.run(Thread.java:1583)
... Removed 8 stack frames]]>
    </failure>
  </testcase> <!-- @BeforeClass getTemplatesSetUp -->
  <testcase classname="com.menumitratCommonAPITestScript.ActivityLogTestScript" name="activityLogTest" time="0.0">
    <skipped/>
  </testcase> <!-- activityLogTest -->
  <testcase classname="com.menumitratCommonAPITestScript.GetStaffListWithRole" name="getStaffListWithRoleTest" time="0.0">
    <skipped/>
  </testcase> <!-- getStaffListWithRoleTest -->
  <testcase classname="com.menumitratCommonAPITestScript.ChefViewTestScript" name="chefViewTest" time="0.0">
    <skipped/>
  </testcase> <!-- chefViewTest -->
  <testcase classname="com.menumitratCommonAPITestScript.UpdateTemplatesTestScript" name="updateTemplatesUsingValidInputData" time="0.0">
    <skipped/>
  </testcase> <!-- updateTemplatesUsingValidInputData -->
  <testcase classname="com.menumitratCommonAPITestScript.TableListViewTestScript" name="verifyTableListView" time="0.004">
    <skipped/>
  </testcase> <!-- verifyTableListView -->
  <testcase classname="com.menumitratCommonAPITestScript.GetStaffRole" name="verifyStaffRole" time="0.0">
    <skipped/>
  </testcase> <!-- verifyStaffRole -->
  <testcase classname="com.menumitratCommonAPITestScript.MenuUpdate" name="updateMenu" time="0.0">
    <skipped/>
  </testcase> <!-- updateMenu -->
  <testcase classname="com.menumitratCommonAPITestScript.WaiterCreateTestScript" name="verifyWaiterCreate" time="0.0">
    <skipped/>
  </testcase> <!-- verifyWaiterCreate -->
  <testcase classname="com.menumitratCommonAPITestScript.orderListViewSetUp" name="orderListViewTest" time="0.0">
    <skipped/>
  </testcase> <!-- orderListViewTest -->
  <testcase classname="com.menumitratCommonAPITestScript.SendQRLinkTestScript" name="sendQRLinkTest" time="0.002">
    <skipped/>
  </testcase> <!-- sendQRLinkTest -->
  <testcase classname="com.menumitratCommonAPITestScript.ChefDeleteTestScript" name="deleteChef" time="0.0">
    <skipped/>
  </testcase> <!-- deleteChef -->
  <testcase classname="com.menumitratCommonAPITestScript.OrderViewTestScript" name="verifyOrderView" time="0.0">
    <skipped/>
  </testcase> <!-- verifyOrderView -->
  <testcase classname="com.menumitratCommonAPITestScript.WaiterViewTestScript" name="verifyWaiterView" time="0.13"/>
  <testcase classname="com.menumitratCommonAPITestScript.DefaultSettingTestScript" name="defaultSetting" time="0.127"/>
  <testcase classname="com.menumitratCommonAPITestScript.sectionUpdateTestScript" name="sectionUpdateNegativeTest" time="0.152"/>
  <testcase classname="com.menumitratCommonAPITestScript.sectionUpdateTestScript" name="verifySectionUpdateUsingValidInputData" time="0.077"/>
  <testcase classname="com.menumitratCommonAPITestScript.GetInventoryCategoryList" name="getInventoryCategoryList" time="0.0">
    <skipped/>
  </testcase> <!-- getInventoryCategoryList -->
  <testcase classname="com.menumitratCommonAPITestScript.sectionUpdateTestScript" name="verifySectionCreateUsingInvalidData" time="0.0">
    <skipped/>
  </testcase> <!-- verifySectionCreateUsingInvalidData -->
  <testcase classname="com.menumitratCommonAPITestScript.CaptainListViewTestScript" name="captainListViewTest" time="0.0">
    <skipped/>
  </testcase> <!-- captainListViewTest -->
  <testcase classname="com.menumitratCommonAPITestScript.CaptainDeleteTestScript" name="deleteCaptain" time="0.0">
    <skipped/>
  </testcase> <!-- deleteCaptain -->
  <testcase classname="com.menumitratCommonAPITestScript.TableCreateTestScript" name="createTable" time="0.016">
    <failure type="java.lang.Exception" message="Error during table creation: JSONObject[&amp;quot;table_number&amp;quot;] not found.">
      <![CDATA[java.lang.Exception: Error during table creation: JSONObject["table_number"] not found.
	at com.menumitratCommonAPITestScript.TableCreateTestScript.createTable(TableCreateTestScript.java:184)
	at java.base/java.util.concurrent.ThreadPoolExecutor.runWorker(ThreadPoolExecutor.java:1144)
	at java.base/java.util.concurrent.ThreadPoolExecutor$Worker.run(ThreadPoolExecutor.java:642)
	at java.base/java.lang.Thread.run(Thread.java:1583)
... Removed 8 stack frames]]>
    </failure>
  </testcase> <!-- createTable -->
  <testcase classname="com.menumitratCommonAPITestScript.OutletSettingsViewTestScript" name="outletSettingsView" time="0.0">
    <skipped/>
  </testcase> <!-- outletSettingsView -->
  <testcase classname="com.menumitratCommonAPITestScript.verifyOTPTestScript" name="verifyOTPUsingValidInputData" time="0.002">
    <failure type="java.lang.Exception" message="Error during verify OTP test: JSONObject[&amp;quot;mobile_number&amp;quot;] not found.">
      <![CDATA[java.lang.Exception: Error during verify OTP test: JSONObject["mobile_number"] not found.
	at com.menumitratCommonAPITestScript.verifyOTPTestScript.verifyOTPUsingValidInputData(verifyOTPTestScript.java:163)
	at java.base/java.util.concurrent.ThreadPoolExecutor.runWorker(ThreadPoolExecutor.java:1144)
	at java.base/java.util.concurrent.ThreadPoolExecutor$Worker.run(ThreadPoolExecutor.java:642)
	at java.base/java.lang.Thread.run(Thread.java:1583)
... Removed 8 stack frames]]>
    </failure>
  </testcase> <!-- verifyOTPUsingValidInputData -->
  <testcase classname="com.menumitratCommonAPITestScript.InventoryCategoryListView" name="getInventoryCategoryList" time="0.104"/>
  <testcase classname="com.menumitratCommonAPITestScript.MenuCategoryViewTestScript" name="verifyMenuCategoryView" time="0.084"/>
  <testcase classname="com.menumitratCommonAPITestScript.SupplierCreditRatingChoicesTestScript" name="testSupplierCreditRatingChoices" time="0.002">
    <skipped/>
  </testcase> <!-- testSupplierCreditRatingChoices -->
  <testcase classname="com.menumitratCommonAPITestScript.SearchMenu" name="verifySearchMenu" time="0.001">
    <skipped/>
  </testcase> <!-- verifySearchMenu -->
  <testcase classname="com.menumitratCommonAPITestScript.GetRatingList" name="verifyRatingList" time="0.0">
    <skipped/>
  </testcase> <!-- verifyRatingList -->
  <testcase classname="com.menumitratCommonAPITestScript.WaiterListViewTestScript" name="waiterListViewTest" time="0.091"/>
  <testcase classname="com.menumitratCommonAPITestScript.MenuCategoryUpdateTestScript" name="menuCategoryUpdateNegativeTest" time="0.402"/>
  <testcase classname="com.menumitratCommonAPITestScript.MenuCategoryUpdateTestScript" name="menuCategoryUpdateNegativeTest" time="0.067"/>
  <testcase classname="com.menumitratCommonAPITestScript.CheckVersionTestScript" name="checkVersionTest" time="0.0">
    <skipped/>
  </testcase> <!-- checkVersionTest -->
  <testcase classname="com.menumitratCommonAPITestScript.StaffRoleListTestScript" name="staffRoleListTest" time="0.0">
    <skipped/>
  </testcase> <!-- staffRoleListTest -->
  <testcase classname="com.menumitratCommonAPITestScript.SupplierListViewTestScript" name="verifySupplierListViewUsingPositiveData" time="0.128"/>
  <testcase classname="com.menumitratCommonAPITestScript.GetVegOrNonVegList" name="verifyVegOrNonVegList" time="0.14"/>
  <testcase classname="com.menumitratCommonAPITestScript.DefaultUserSettingsTestScript" name="defaultUserSettingsTest" time="0.0">
    <skipped/>
  </testcase> <!-- defaultUserSettingsTest -->
  <testcase classname="com.menumitratCommonAPITestScript.ForceCancelOrderTestScript" name="forceCancelOrderTest" time="0.09"/>
  <testcase classname="com.menumitratCommonAPITestScript.ViewOutletTestScript" name="verifyViewOutlet" time="0.128"/>
  <testcase classname="com.menumitratCommonAPITestScript.GetTableListTestScript" name="verifyTableListView" time="0.279"/>
  <testcase classname="com.menumitratCommonAPITestScript.UpdateTableTestScript" name="updateTableUsingValidInputData" time="0.205">
    <failure type="com.menumitra.utilityclass.customException" message="Error during update table test execution: Table update failed with status code: 400">
      <![CDATA[com.menumitra.utilityclass.customException: Error during update table test execution: Table update failed with status code: 400
	at com.menumitratCommonAPITestScript.UpdateTableTestScript.updateTableUsingValidInputData(UpdateTableTestScript.java:205)
	at java.base/java.util.concurrent.ThreadPoolExecutor.runWorker(ThreadPoolExecutor.java:1144)
	at java.base/java.util.concurrent.ThreadPoolExecutor$Worker.run(ThreadPoolExecutor.java:642)
	at java.base/java.lang.Thread.run(Thread.java:1583)
... Removed 8 stack frames]]>
    </failure>
  </testcase> <!-- updateTableUsingValidInputData -->
  <testcase classname="com.menumitratCommonAPITestScript.CaptainCreateTestScript" name="captainCreateTest" time="0.209"/>
  <testcase classname="com.menumitratCommonAPITestScript.JoinTablesTestScript" name="joinTables" time="0.0">
    <skipped/>
  </testcase> <!-- joinTables -->
  <testcase classname="com.menumitratCommonAPITestScript.CheckTableIsReservedTestScript" name="checkIfTableIsReserved" time="0.0">
    <skipped/>
  </testcase> <!-- checkIfTableIsReserved -->
  <testcase classname="com.menumitratCommonAPITestScript.InventoryCreateTestScript" name="createInventory" time="0.093"/>
  <testcase classname="com.menumitratCommonAPITestScript.StaffViewTestScript" name="verifyStaffView" time="0.109"/>
  <testcase classname="com.menumitratCommonAPITestScript.GetTemplatesListTestScript" name="verifyTemplatesList" time="0.456"/>
  <testcase classname="com.menumitratCommonAPITestScript.StaffViewTestScript" name="verifyStaffViewNegative" time="0.093"/>
  <testcase classname="com.menumitratCommonAPITestScript.CaptainUpdateTestScript" name="captainUpdateTest" time="0.083"/>
  <testcase classname="com.menumitratCommonAPITestScript.ViewTemplatesTestScript" name="viewTemplatesTest" time="0.0">
    <skipped/>
  </testcase> <!-- viewTemplatesTest -->
  <testcase classname="com.menumitratCommonAPITestScript.GetOutletListTestScript" name="getOutletListNegativeTest" time="0.002">
    <skipped/>
  </testcase> <!-- getOutletListNegativeTest -->
  <testcase classname="com.menumitratCommonAPITestScript.WaiterUpdateTestScript" name="updateWaiter" time="0.005">
    <skipped/>
  </testcase> <!-- updateWaiter -->
  <testcase classname="com.menumitratCommonAPITestScript.WaiterUpdateTestScript" name="updateWaiter" time="0.003">
    <skipped/>
  </testcase> <!-- updateWaiter -->
  <testcase classname="com.menumitratCommonAPITestScript.MenuListView" name="menuListViewNegativeTest" time="0.081"/>
  <testcase classname="com.menumitratCommonAPITestScript.GetOutletListTestScript" name="getOutletListTest" time="0.0">
    <skipped/>
  </testcase> <!-- getOutletListTest -->
  <testcase classname="com.menumitratCommonAPITestScript.MenuListView" name="menuListViewNegativeTest" time="0.068"/>
  <testcase classname="com.menumitratCommonAPITestScript.MenuListView" name="menuListViewNegativeTest" time="0.093"/>
  <testcase classname="com.menumitratCommonAPITestScript.MenuListView" name="menuListViewNegativeTest" time="0.083"/>
  <testcase classname="com.menumitratCommonAPITestScript.MenuCategoryDeleteTestScript" name="verifyMenuCategoryDelete" time="0.166"/>
  <testcase classname="com.menumitratCommonAPITestScript.MenuListView" name="verifyMenuListView" time="0.0">
    <skipped/>
  </testcase> <!-- verifyMenuListView -->
  <testcase classname="com.menumitratCommonAPITestScript.GetInorOutList" name="testInOrOutList" time="0.088"/>
  <testcase classname="com.menumitratCommonAPITestScript.MenuView" name="verifyMenuView" time="0.076"/>
  <testcase classname="com.menumitratCommonAPITestScript.OrderListViewCdskdsTestScript" name="orderListViewCdskdsNegativeTest" time="0.118"/>
  <testcase classname="com.menumitratCommonAPITestScript.CreateQRTemplatesTestScript" name="createQRTemplatesUsingValidInputData" time="0.0">
    <skipped/>
  </testcase> <!-- createQRTemplatesUsingValidInputData -->
  <testcase classname="com.menumitratCommonAPITestScript.SupplierCreateTestScript" name="createSupplier" time="0.0">
    <skipped/>
  </testcase> <!-- createSupplier -->
  <testcase classname="com.menumitratCommonAPITestScript.OrderListViewCdskdsTestScript" name="orderListViewCdskdsTest" time="0.003">
    <failure type="com.menumitra.utilityclass.customException" message="Error in order list view cdskds test: JSONObject[&amp;quot;order_status&amp;quot;] not found.">
      <![CDATA[com.menumitra.utilityclass.customException: Error in order list view cdskds test: JSONObject["order_status"] not found.
	at com.menumitratCommonAPITestScript.OrderListViewCdskdsTestScript.orderListViewCdskdsTest(OrderListViewCdskdsTestScript.java:367)
	at java.base/java.util.concurrent.ThreadPoolExecutor.runWorker(ThreadPoolExecutor.java:1144)
	at java.base/java.util.concurrent.ThreadPoolExecutor$Worker.run(ThreadPoolExecutor.java:642)
	at java.base/java.lang.Thread.run(Thread.java:1583)
... Removed 8 stack frames]]>
    </failure>
  </testcase> <!-- orderListViewCdskdsTest -->
  <testcase classname="com.menumitratCommonAPITestScript.UpdateMenuQuantity" name="updateMenuQuantityNegativeTest" time="0.118"/>
  <testcase classname="com.menumitratCommonAPITestScript.CaptainViewTestScript" name="captainViewTest" time="0.085">
    <failure type="com.menumitra.utilityclass.customException" message="Error in captain view test: Status code mismatch - Expected: 200, Actual: 400">
      <![CDATA[com.menumitra.utilityclass.customException: Error in captain view test: Status code mismatch - Expected: 200, Actual: 400
	at com.menumitratCommonAPITestScript.CaptainViewTestScript.captainViewTest(CaptainViewTestScript.java:220)
	at java.base/java.util.concurrent.ThreadPoolExecutor.runWorker(ThreadPoolExecutor.java:1144)
	at java.base/java.util.concurrent.ThreadPoolExecutor$Worker.run(ThreadPoolExecutor.java:642)
	at java.base/java.lang.Thread.run(Thread.java:1583)
... Removed 8 stack frames]]>
    </failure>
  </testcase> <!-- captainViewTest -->
  <testcase classname="com.menumitratCommonAPITestScript.UpdateMenuQuantity" name="updateMenuQuantityNegativeTest" time="0.124"/>
  <testcase classname="com.menumitratCommonAPITestScript.UpdateMenuQuantity" name="verifyUpdateMenuQuantity" time="0.096">
    <failure type="com.menumitra.utilityclass.customException" message="Error in update menu quantity test: Status code mismatch - Expected: 200, Actual: 401">
      <![CDATA[com.menumitra.utilityclass.customException: Error in update menu quantity test: Status code mismatch - Expected: 200, Actual: 401
	at com.menumitratCommonAPITestScript.UpdateMenuQuantity.verifyUpdateMenuQuantity(UpdateMenuQuantity.java:260)
	at java.base/java.util.concurrent.ThreadPoolExecutor.runWorker(ThreadPoolExecutor.java:1144)
	at java.base/java.util.concurrent.ThreadPoolExecutor$Worker.run(ThreadPoolExecutor.java:642)
	at java.base/java.lang.Thread.run(Thread.java:1583)
... Removed 8 stack frames]]>
    </failure>
  </testcase> <!-- verifyUpdateMenuQuantity -->
  <testcase classname="com.menumitratCommonAPITestScript.SelectOutletTestScript" name="selectOutletTest" time="0.0">
    <skipped/>
  </testcase> <!-- selectOutletTest -->
  <testcase classname="com.menumitratCommonAPITestScript.SelectTemplateTestScript" name="selectTemplateUsingValidInputData" time="0.367"/>
  <testcase classname="com.menumitratCommonAPITestScript.InventoryListViewTestScript" name="inventoryListViewTest" time="0.0">
    <skipped/>
  </testcase> <!-- inventoryListViewTest -->
  <testcase classname="com.menumitratCommonAPITestScript.ContinueChatTestScript" name="continueChatTest" time="0.002">
    <skipped/>
  </testcase> <!-- continueChatTest -->
  <testcase classname="com.menumitratCommonAPITestScript.DeleteTemplatesTestScript" name="deleteTemplatesTest" time="0.091"/>
  <testcase classname="com.menumitratCommonAPITestScript.TicketListViewTestScript" name="ticketListViewNegativeTest" time="0.0">
    <skipped/>
  </testcase> <!-- ticketListViewNegativeTest -->
  <testcase classname="com.menumitratCommonAPITestScript.PosDetailsTestScript" name="posDetailsNegativeTest" time="0.001">
    <skipped/>
  </testcase> <!-- posDetailsNegativeTest -->
  <testcase classname="com.menumitratCommonAPITestScript.TicketListViewTestScript" name="ticketListViewTest" time="0.0">
    <skipped/>
  </testcase> <!-- ticketListViewTest -->
  <testcase classname="com.menumitratCommonAPITestScript.TotalTicketsTestScript" name="totalTicketsNegativeTest" time="0.002">
    <skipped/>
  </testcase> <!-- totalTicketsNegativeTest -->
  <testcase classname="com.menumitratCommonAPITestScript.PosDetailsTestScript" name="posDetailsTest" time="0.001">
    <skipped/>
  </testcase> <!-- posDetailsTest -->
  <testcase classname="com.menumitratCommonAPITestScript.UpdateProfileDetailTestScript" name="verifyUpdateProfileDetail" time="0.102"/>
  <testcase classname="com.menumitratCommonAPITestScript.TableDeleteTestScript" name="verifyTableDelete" time="0.119">
    <failure type="com.menumitra.utilityclass.customException" message="Test execution failed: Status code validation failed - Expected: 200, Actual: 400">
      <![CDATA[com.menumitra.utilityclass.customException: Test execution failed: Status code validation failed - Expected: 200, Actual: 400
	at com.menumitratCommonAPITestScript.TableDeleteTestScript.verifyTableDelete(TableDeleteTestScript.java:263)
	at java.base/java.util.concurrent.ThreadPoolExecutor.runWorker(ThreadPoolExecutor.java:1144)
	at java.base/java.util.concurrent.ThreadPoolExecutor$Worker.run(ThreadPoolExecutor.java:642)
	at java.base/java.lang.Thread.run(Thread.java:1583)
... Removed 8 stack frames]]>
    </failure>
  </testcase> <!-- verifyTableDelete -->
  <testcase classname="com.menumitratCommonAPITestScript.ChefUpdateTestScript" name="updateChef" time="0.0">
    <skipped/>
  </testcase> <!-- updateChef -->
  <testcase classname="com.menumitratCommonAPITestScript.ChefCreateTestScript" name="createChef" time="0.084"/>
  <testcase classname="com.menumitratCommonAPITestScript.UpdateActiveStatusTestScript" name="updateActiveStatusTest" time="0.071">
    <failure type="com.menumitra.utilityclass.customException" message="Error in update active status test: Status code mismatch - Expected: 200, Actual: 400">
      <![CDATA[com.menumitra.utilityclass.customException: Error in update active status test: Status code mismatch - Expected: 200, Actual: 400
	at com.menumitratCommonAPITestScript.UpdateActiveStatusTestScript.updateActiveStatusTest(UpdateActiveStatusTestScript.java:219)
	at java.base/java.util.concurrent.ThreadPoolExecutor.runWorker(ThreadPoolExecutor.java:1144)
	at java.base/java.util.concurrent.ThreadPoolExecutor$Worker.run(ThreadPoolExecutor.java:642)
	at java.base/java.lang.Thread.run(Thread.java:1583)
... Removed 8 stack frames]]>
    </failure>
  </testcase> <!-- updateActiveStatusTest -->
  <testcase classname="com.menumitratCommonAPITestScript.ListViewOutletTestScript" name="verifyListViewOutlet" time="0.0">
    <skipped/>
  </testcase> <!-- verifyListViewOutlet -->
  <testcase classname="com.menumitratCommonAPITestScript.ChangeSettingsTestScript" name="changeSettingsTest" time="0.72"/>
  <testcase classname="com.menumitratCommonAPITestScript.SupplierStatusChoicesTestScript" name="testSupplierStatusChoices" time="0.0">
    <skipped/>
  </testcase> <!-- testSupplierStatusChoices -->
  <testcase classname="com.menumitratCommonAPITestScript.TableIsReservedTestScript" name="setTableIsReserved" time="0.647"/>
  <testcase classname="com.menumitratCommonAPITestScript.OwnerDetailsTestScript" name="ownerDetailsTest" time="0.0">
    <skipped/>
  </testcase> <!-- ownerDetailsTest -->
  <testcase classname="com.menumitratCommonAPITestScript.AddMenusToOrder" name="verifyAddMenusToOrder" time="0.11">
    <failure type="com.menumitra.utilityclass.customException" message="Error in add menus to order test: A JSONObject text must begin with &amp;apos;{&amp;apos; at 1 [character 2 line 1]">
      <![CDATA[com.menumitra.utilityclass.customException: Error in add menus to order test: A JSONObject text must begin with '{' at 1 [character 2 line 1]
	at com.menumitratCommonAPITestScript.AddMenusToOrder.verifyAddMenusToOrder(AddMenusToOrder.java:253)
	at java.base/java.util.concurrent.ThreadPoolExecutor.runWorker(ThreadPoolExecutor.java:1144)
	at java.base/java.util.concurrent.ThreadPoolExecutor$Worker.run(ThreadPoolExecutor.java:642)
	at java.base/java.lang.Thread.run(Thread.java:1583)
... Removed 8 stack frames]]>
    </failure>
  </testcase> <!-- verifyAddMenusToOrder -->
  <testcase classname="com.menumitratCommonAPITestScript.GetMenuList" name="verifyMenuList" time="0.001">
    <skipped/>
  </testcase> <!-- verifyMenuList -->
  <testcase classname="com.menumitratCommonAPITestScript.MenuDelete" name="deleteMenu" time="0.061"/>
  <testcase classname="com.menumitratCommonAPITestScript.StaffDeleteTestScript" name="staffDeleteNegativeTest" time="0.06"/>
  <testcase classname="com.menumitratCommonAPITestScript.StaffDeleteTestScript" name="testStaffDelete" time="0.052"/>
  <testcase classname="com.menumitratCommonAPITestScript.CreateTicketTestScript" name="createTicketUsingValidInputData" time="0.106"/>
  <testcase classname="com.menumitratCommonAPITestScript.WaiterDeleteTestScript" name="deleteWaiter" time="0.056"/>
  <testcase classname="com.menumitratCommonAPITestScript.MenuCategorysTestScript" name="verifyMenuCategorys" time="0.089"/>
  <testcase classname="com.menumitratCommonAPITestScript.ViewProfileTestScript" name="verifyViewProfile" time="0.001">
    <skipped/>
  </testcase> <!-- verifyViewProfile -->
  <testcase classname="com.menumitratCommonAPITestScript.ViewProfileTestScript" name="verifyViewProfile" time="0.001">
    <skipped/>
  </testcase> <!-- verifyViewProfile -->
  <testcase classname="com.menumitratCommonAPITestScript.OrderMenuDetailsTestScript" name="verifyOrderMenuDetails" time="0.105"/>
  <testcase classname="com.menumitratCommonAPITestScript.GetSpicyIndexList" name="verifySpicyIndexList" time="0.07"/>
  <testcase classname="com.menumitratCommonAPITestScript.ChefListViewTestScript" name="verifyChefListView" time="0.105"/>
  <testcase classname="com.menumitratCommonAPITestScript.GetSupplierListTestScript" name="getSupplierList" time="0.052"/>
  <testcase classname="com.menumitratCommonAPITestScript.GetAllMenuListByCategory" name="getAllMenuListByCategory" time="0.0">
    <skipped/>
  </testcase> <!-- getAllMenuListByCategory -->
  <testcase classname="com.menumitratCommonAPITestScript.MenuCreateTestScript" name="createMenuUsigValidInputData" time="0.002">
    <skipped/>
  </testcase> <!-- createMenuUsigValidInputData -->
  <testcase classname="com.menumitratCommonAPITestScript.StaffCreateTestScript" name="createStaff" time="0.0">
    <skipped/>
  </testcase> <!-- createStaff -->
  <testcase classname="com.menumitratCommonAPITestScript.InventoryCategoryCreate" name="createInventoryCategory" time="0.102"/>
  <testcase classname="com.menumitratCommonAPITestScript.OutletTypeTestScript" name="verifyOutletType" time="0.058"/>
  <testcase classname="com.menumitratCommonAPITestScript.InventoryDeleteTestScript" name="inventoryDeleteTest" time="0.088"/>
  <testcase classname="com.menumitratCommonAPITestScript.GetFoodTypeList" name="verifyFoodTypeList" time="0.705"/>
  <testcase classname="com.menumitratCommonAPITestScript.TicketViewTestScript" name="ticketViewTest" time="0.853"/>
  <testcase classname="com.menumitratCommonAPITestScript.supplierViewTestScript" name="supplierViewNegativeTest" time="0.0">
    <skipped/>
  </testcase> <!-- supplierViewNegativeTest -->
  <testcase classname="com.menumitratCommonAPITestScript.InventoryUpdateTestScript" name="updateInventory" time="0.0">
    <skipped/>
  </testcase> <!-- updateInventory -->
  <testcase classname="com.menumitratCommonAPITestScript.InventoryViewTestScript" name="inventoryViewTest" time="0.0">
    <skipped/>
  </testcase> <!-- inventoryViewTest -->
  <testcase classname="com.menumitratCommonAPITestScript.supplierViewTestScript" name="verifySupplierView" time="0.076"/>
  <testcase classname="com.menumitratCommonAPITestScript.TableListTestScript" name="verifyTableListView" time="0.002"/>
  <testcase classname="com.menumitratCommonAPITestScript.MenuCategoryListViewTestScript" name="verifyMenuCategoryListView" time="0.077"/>
  <testcase classname="com.menumitratCommonAPITestScript.SupplierDeleteTestScript" name="testSupplierDelete" time="0.001">
    <skipped/>
  </testcase> <!-- testSupplierDelete -->
  <testcase classname="com.menumitratCommonAPITestScript.tableView" name="verifyTableView" time="0.086">
    <failure type="com.menumitra.utilityclass.customException" message="Test execution failed: Status code validation failed - Expected: 200, Actual: 400">
      <![CDATA[com.menumitra.utilityclass.customException: Test execution failed: Status code validation failed - Expected: 200, Actual: 400
	at com.menumitratCommonAPITestScript.tableView.verifyTableView(tableView.java:252)
	at java.base/java.util.concurrent.ThreadPoolExecutor.runWorker(ThreadPoolExecutor.java:1144)
	at java.base/java.util.concurrent.ThreadPoolExecutor$Worker.run(ThreadPoolExecutor.java:642)
	at java.base/java.lang.Thread.run(Thread.java:1583)
... Removed 8 stack frames]]>
    </failure>
  </testcase> <!-- verifyTableView -->
  <testcase classname="com.menumitratCommonAPITestScript.UpdateOrderTestScript" name="updateOrder" time="0.0">
    <skipped/>
  </testcase> <!-- updateOrder -->
  <testcase classname="com.menumitratCommonAPITestScript.GetAvailableTablesTestScript" name="getAvailableTablesTest" time="0.082"/>
  <testcase classname="com.menumitratCommonAPITestScript.UpdateOutletTestScript" name="verifyUpdateOutlet" time="0.093"/>
  <testcase classname="com.menumitratCommonAPITestScript.StaffUpdateTestScript" name="updateStaff" time="0.773"/>
  <testcase classname="com.menumitratCommonAPITestScript.UpdateOrderTestScript" name="updateDineInOrder" time="1.259">
    <failure type="com.menumitra.utilityclass.customException" message="Exception in update Dine-In order test: Status code mismatch - Expected: 200, Actual: 400">
      <![CDATA[com.menumitra.utilityclass.customException: Exception in update Dine-In order test: Status code mismatch - Expected: 200, Actual: 400
	at com.menumitratCommonAPITestScript.UpdateOrderTestScript.updateDineInOrder(UpdateOrderTestScript.java:461)
	at java.base/java.util.concurrent.ThreadPoolExecutor.runWorker(ThreadPoolExecutor.java:1144)
	at java.base/java.util.concurrent.ThreadPoolExecutor$Worker.run(ThreadPoolExecutor.java:642)
	at java.base/java.lang.Thread.run(Thread.java:1583)
... Removed 8 stack frames]]>
    </failure>
  </testcase> <!-- updateDineInOrder -->
  <testcase classname="com.menumitratCommonAPITestScript.GetTemplates" name="verifyTemplates" time="0.001">
    <skipped/>
  </testcase> <!-- verifyTemplates -->
  <testcase classname="com.menumitratCommonAPITestScript.MenuCategoryCreateTestScript" name="createMenuCategoryUsingValidInputData" time="1.156"/>
  <testcase classname="com.menumitratCommonAPITestScript.UpdateOrderTestScript" name="updateDeliveryOrder" time="0.0">
    <skipped/>
  </testcase> <!-- updateDeliveryOrder -->
  <testcase classname="com.menumitratCommonAPITestScript.loginTestScript" name="verifyloginUsingValidInputData" time="0.065"/>
  <testcase classname="com.menumitratCommonAPITestScript.UpdateOrderTestScript" name="updateParcelOrder" time="0.268"/>
  <testcase classname="com.menumitratCommonAPITestScript.SectionDeleteTestScript" name="verifySectionDeleteUsingValidInputData" time="0.243"/>
  <testcase classname="com.menumitratCommonAPITestScript.UpdateOrderTestScript" name="updateDriveThroughOrder" time="0.0">
    <skipped/>
  </testcase> <!-- updateDriveThroughOrder -->
  <testcase classname="com.menumitratCommonAPITestScript.sectionCreateTestScript" name="verifySectionUsingValidInputData" time="0.18"/>
  <testcase classname="com.menumitratCommonAPITestScript.SectionViewTestScript" name="verifySectionViewUsingValidInputData" time="0.221"/>
  <testcase classname="com.menumitratCommonAPITestScript.UpdateOrderTestScript" name="updateCounterOrder" time="0.241"/>
  <testcase classname="com.menumitratCommonAPITestScript.ResendOTPTestScript" name="verifyRessendOTPUSingPositiveInputData" time="0.197"/>
  <testcase classname="com.menumitratCommonAPITestScript.CreateOrderTestScript" name="createDineInOrder" time="0.493">
    <failure type="com.menumitra.utilityclass.customException" message="Exception in create Dine-In order test: Status code mismatch - Expected: 200, Actual: 400">
      <![CDATA[com.menumitra.utilityclass.customException: Exception in create Dine-In order test: Status code mismatch - Expected: 200, Actual: 400
	at com.menumitratCommonAPITestScript.CreateOrderTestScript.createDineInOrder(CreateOrderTestScript.java:366)
	at java.base/java.util.concurrent.ThreadPoolExecutor.runWorker(ThreadPoolExecutor.java:1144)
	at java.base/java.util.concurrent.ThreadPoolExecutor$Worker.run(ThreadPoolExecutor.java:642)
	at java.base/java.lang.Thread.run(Thread.java:1583)
... Removed 8 stack frames]]>
    </failure>
  </testcase> <!-- createDineInOrder -->
  <testcase classname="com.menumitratCommonAPITestScript.CreateOrderTestScript" name="createDeliveryOrder" time="0.565">
    <failure type="com.menumitra.utilityclass.customException" message="Exception in create Delivery order test: Status code mismatch - Expected: 200, Actual: 201">
      <![CDATA[com.menumitra.utilityclass.customException: Exception in create Delivery order test: Status code mismatch - Expected: 200, Actual: 201
	at com.menumitratCommonAPITestScript.CreateOrderTestScript.createDeliveryOrder(CreateOrderTestScript.java:475)
	at java.base/java.util.concurrent.ThreadPoolExecutor.runWorker(ThreadPoolExecutor.java:1144)
	at java.base/java.util.concurrent.ThreadPoolExecutor$Worker.run(ThreadPoolExecutor.java:642)
	at java.base/java.lang.Thread.run(Thread.java:1583)
... Removed 8 stack frames]]>
    </failure>
  </testcase> <!-- createDeliveryOrder -->
  <testcase classname="com.menumitratCommonAPITestScript.CreateOrderTestScript" name="createParcelOrderString" time="0.328">
    <failure type="com.menumitra.utilityclass.customException" message="Exception in create Parcel order test: Status code mismatch - Expected: 200, Actual: 201">
      <![CDATA[com.menumitra.utilityclass.customException: Exception in create Parcel order test: Status code mismatch - Expected: 200, Actual: 201
	at com.menumitratCommonAPITestScript.CreateOrderTestScript.createParcelOrderString(CreateOrderTestScript.java:564)
	at java.base/java.util.concurrent.ThreadPoolExecutor.runWorker(ThreadPoolExecutor.java:1144)
	at java.base/java.util.concurrent.ThreadPoolExecutor$Worker.run(ThreadPoolExecutor.java:642)
	at java.base/java.lang.Thread.run(Thread.java:1583)
... Removed 8 stack frames]]>
    </failure>
  </testcase> <!-- createParcelOrderString -->
  <testcase classname="com.menumitratCommonAPITestScript.sectionListViewTestScript" name="verifySectionListViewUsingValidInputData" time="1.487"/>
  <testcase classname="com.menumitratCommonAPITestScript.CreateOrderTestScript" name="createDriveThroughOrder" time="0.234">
    <failure type="com.menumitra.utilityclass.customException" message="Exception in create Drive-Through order test: Status code mismatch - Expected: 200, Actual: 201">
      <![CDATA[com.menumitra.utilityclass.customException: Exception in create Drive-Through order test: Status code mismatch - Expected: 200, Actual: 201
	at com.menumitratCommonAPITestScript.CreateOrderTestScript.createDriveThroughOrder(CreateOrderTestScript.java:653)
	at java.base/java.util.concurrent.ThreadPoolExecutor.runWorker(ThreadPoolExecutor.java:1144)
	at java.base/java.util.concurrent.ThreadPoolExecutor$Worker.run(ThreadPoolExecutor.java:642)
	at java.base/java.lang.Thread.run(Thread.java:1583)
... Removed 8 stack frames]]>
    </failure>
  </testcase> <!-- createDriveThroughOrder -->
  <testcase classname="com.menumitratCommonAPITestScript.CreateOrderTestScript" name="createCounterOrder" time="0.081">
    <failure type="com.menumitra.utilityclass.customException" message="Exception in create Counter order test: Status code mismatch - Expected: 200, Actual: 201">
      <![CDATA[com.menumitra.utilityclass.customException: Exception in create Counter order test: Status code mismatch - Expected: 200, Actual: 201
	at com.menumitratCommonAPITestScript.CreateOrderTestScript.createCounterOrder(CreateOrderTestScript.java:732)
	at java.base/java.util.concurrent.ThreadPoolExecutor.runWorker(ThreadPoolExecutor.java:1144)
	at java.base/java.util.concurrent.ThreadPoolExecutor$Worker.run(ThreadPoolExecutor.java:642)
	at java.base/java.lang.Thread.run(Thread.java:1583)
... Removed 8 stack frames]]>
    </failure>
  </testcase> <!-- createCounterOrder -->
</testsuite> <!-- MenuMitra API Tests -->
