<?xml version="1.0" encoding="UTF-8"?>
<!-- Generated by org.testng.reporters.JUnitXMLReporter -->
<testsuite hostname="DESKTOP-MRVJBNT" failures="74" tests="274" name="Test" time="35.642" errors="0" timestamp="22 May 2025 12:46:35 GMT">
  <testcase classname="com.menumitratCommonAPITestScript.GetStaffListWithRole" name="@BeforeClass getStaffListWithRoleSetUp" time="0.0">
    <failure type="com.menumitra.utilityclass.customException" message="Error in staff list with role setup: Error in getting staff list with role URL: Unexpected error occurred while reading excel sheet: Cannot get a NUMERIC value from a STRING cell">
      <![CDATA[com.menumitra.utilityclass.customException: Error in staff list with role setup: Error in getting staff list with role URL: Unexpected error occurred while reading excel sheet: Cannot get a NUMERIC value from a STRING cell
	at com.menumitratCommonAPITestScript.GetStaffListWithRole.getStaffListWithRoleSetUp(GetStaffListWithRole.java:89)
	at java.base/java.util.concurrent.ThreadPoolExecutor.runWorker(ThreadPoolExecutor.java:1144)
	at java.base/java.util.concurrent.ThreadPoolExecutor$Worker.run(ThreadPoolExecutor.java:642)
	at java.base/java.lang.Thread.run(Thread.java:1583)
... Removed 8 stack frames]]>
    </failure>
  </testcase> <!-- @BeforeClass getStaffListWithRoleSetUp -->
  <testcase classname="com.menumitratCommonAPITestScript.ChefDeleteTestScript" name="@BeforeClass setup" time="0.0">
    <failure type="com.menumitra.utilityclass.customException" message="Error during setup: [EXCEPTION] Error during login API execution: JSONObject[&amp;quot;access_token&amp;quot;] not found.">
      <![CDATA[com.menumitra.utilityclass.customException: Error during setup: [EXCEPTION] Error during login API execution: JSONObject["access_token"] not found.
	at com.menumitratCommonAPITestScript.ChefDeleteTestScript.setup(ChefDeleteTestScript.java:160)
	at java.base/java.util.concurrent.ThreadPoolExecutor.runWorker(ThreadPoolExecutor.java:1144)
	at java.base/java.util.concurrent.ThreadPoolExecutor$Worker.run(ThreadPoolExecutor.java:642)
	at java.base/java.lang.Thread.run(Thread.java:1583)
... Removed 8 stack frames]]>
    </failure>
  </testcase> <!-- @BeforeClass setup -->
  <testcase classname="com.menumitratCommonAPITestScript.WaiterViewTestScript" name="@BeforeClass waiterViewSetUp" time="0.0">
    <failure type="com.menumitra.utilityclass.customException" message="Error in waiter view setUp: Error in getWaiterViewUrl: Unexpected error occurred while reading excel sheet: Cannot get a NUMERIC value from a STRING cell">
      <![CDATA[com.menumitra.utilityclass.customException: Error in waiter view setUp: Error in getWaiterViewUrl: Unexpected error occurred while reading excel sheet: Cannot get a NUMERIC value from a STRING cell
	at com.menumitratCommonAPITestScript.WaiterViewTestScript.waiterViewSetUp(WaiterViewTestScript.java:175)
	at java.base/java.util.concurrent.ThreadPoolExecutor.runWorker(ThreadPoolExecutor.java:1144)
	at java.base/java.util.concurrent.ThreadPoolExecutor$Worker.run(ThreadPoolExecutor.java:642)
	at java.base/java.lang.Thread.run(Thread.java:1583)
... Removed 8 stack frames]]>
    </failure>
  </testcase> <!-- @BeforeClass waiterViewSetUp -->
  <testcase classname="com.menumitratCommonAPITestScript.OrderViewTestScript" name="@BeforeClass orderViewSetUp" time="0.0">
    <failure type="com.menumitra.utilityclass.customException" message="Error in order view setup: Error in getting order view URL: Unexpected error occurred while reading excel sheet: Cannot get a STRING value from a NUMERIC cell">
      <![CDATA[com.menumitra.utilityclass.customException: Error in order view setup: Error in getting order view URL: Unexpected error occurred while reading excel sheet: Cannot get a STRING value from a NUMERIC cell
	at com.menumitratCommonAPITestScript.OrderViewTestScript.orderViewSetUp(OrderViewTestScript.java:89)
	at java.base/java.util.concurrent.ThreadPoolExecutor.runWorker(ThreadPoolExecutor.java:1144)
	at java.base/java.util.concurrent.ThreadPoolExecutor$Worker.run(ThreadPoolExecutor.java:642)
	at java.base/java.lang.Thread.run(Thread.java:1583)
... Removed 8 stack frames]]>
    </failure>
  </testcase> <!-- @BeforeClass orderViewSetUp -->
  <testcase classname="com.menumitratCommonAPITestScript.DefaultSettingTestScript" name="@BeforeClass setup" time="0.0">
    <failure type="com.menumitra.utilityclass.customException" message="Error during setup: Error While Reading Default Setting API endpoint data from Excel sheet">
      <![CDATA[com.menumitra.utilityclass.customException: Error during setup: Error While Reading Default Setting API endpoint data from Excel sheet
	at com.menumitratCommonAPITestScript.DefaultSettingTestScript.setup(DefaultSettingTestScript.java:161)
	at java.base/java.util.concurrent.ThreadPoolExecutor.runWorker(ThreadPoolExecutor.java:1144)
	at java.base/java.util.concurrent.ThreadPoolExecutor$Worker.run(ThreadPoolExecutor.java:642)
	at java.base/java.lang.Thread.run(Thread.java:1583)
... Removed 8 stack frames]]>
    </failure>
  </testcase> <!-- @BeforeClass setup -->
  <testcase classname="com.menumitratCommonAPITestScript.DefaultSettingTestScript" name="@AfterClass tearDown" time="0.0">
    <skipped/>
  </testcase> <!-- @AfterClass tearDown -->
  <testcase classname="com.menumitratCommonAPITestScript.TableCreateTestScript" name="@BeforeClass setup" time="0.0">
    <failure type="com.menumitra.utilityclass.customException" message="Setup failed: Error while reading Table Create API endpoint data from Excel sheet: Error reading the Excel file: Failed to read zip entry source">
      <![CDATA[com.menumitra.utilityclass.customException: Setup failed: Error while reading Table Create API endpoint data from Excel sheet: Error reading the Excel file: Failed to read zip entry source
	at com.menumitratCommonAPITestScript.TableCreateTestScript.setup(TableCreateTestScript.java:173)
	at java.base/java.util.concurrent.ThreadPoolExecutor.runWorker(ThreadPoolExecutor.java:1144)
	at java.base/java.util.concurrent.ThreadPoolExecutor$Worker.run(ThreadPoolExecutor.java:642)
	at java.base/java.lang.Thread.run(Thread.java:1583)
... Removed 8 stack frames]]>
    </failure>
  </testcase> <!-- @BeforeClass setup -->
  <testcase classname="com.menumitratCommonAPITestScript.OutletSettingsViewTestScript" name="@BeforeClass setup" time="0.0">
    <failure type="com.menumitra.utilityclass.customException" message="Error during setup: [EXCEPTION] Error during login API execution: JSONObject[&amp;quot;access_token&amp;quot;] not found.">
      <![CDATA[com.menumitra.utilityclass.customException: Error during setup: [EXCEPTION] Error during login API execution: JSONObject["access_token"] not found.
	at com.menumitratCommonAPITestScript.OutletSettingsViewTestScript.setup(OutletSettingsViewTestScript.java:160)
	at java.base/java.util.concurrent.ThreadPoolExecutor.runWorker(ThreadPoolExecutor.java:1144)
	at java.base/java.util.concurrent.ThreadPoolExecutor$Worker.run(ThreadPoolExecutor.java:642)
	at java.base/java.lang.Thread.run(Thread.java:1583)
... Removed 8 stack frames]]>
    </failure>
  </testcase> <!-- @BeforeClass setup -->
  <testcase classname="com.menumitratCommonAPITestScript.InventoryCategoryListView" name="@BeforeClass setup" time="0.0">
    <failure type="com.menumitra.utilityclass.customException" message="Error in inventory category list view setUp: no protocol: positive">
      <![CDATA[com.menumitra.utilityclass.customException: Error in inventory category list view setUp: no protocol: positive
	at com.menumitratCommonAPITestScript.InventoryCategoryListView.setup(InventoryCategoryListView.java:168)
	at java.base/java.util.concurrent.ThreadPoolExecutor.runWorker(ThreadPoolExecutor.java:1144)
	at java.base/java.util.concurrent.ThreadPoolExecutor$Worker.run(ThreadPoolExecutor.java:642)
	at java.base/java.lang.Thread.run(Thread.java:1583)
... Removed 8 stack frames]]>
    </failure>
  </testcase> <!-- @BeforeClass setup -->
  <testcase classname="com.menumitratCommonAPITestScript.StaffRoleListTestScript" name="@BeforeClass staffRoleListSetUp" time="0.0">
    <failure type="com.menumitra.utilityclass.customException" message="Error in staff role list setup: Error in getting staff role list URL: Error reading the Excel file: Failed to read zip entry source">
      <![CDATA[com.menumitra.utilityclass.customException: Error in staff role list setup: Error in getting staff role list URL: Error reading the Excel file: Failed to read zip entry source
	at com.menumitratCommonAPITestScript.StaffRoleListTestScript.staffRoleListSetUp(StaffRoleListTestScript.java:89)
	at java.base/java.util.concurrent.ThreadPoolExecutor.runWorker(ThreadPoolExecutor.java:1144)
	at java.base/java.util.concurrent.ThreadPoolExecutor$Worker.run(ThreadPoolExecutor.java:642)
	at java.base/java.lang.Thread.run(Thread.java:1583)
... Removed 8 stack frames]]>
    </failure>
  </testcase> <!-- @BeforeClass staffRoleListSetUp -->
  <testcase classname="com.menumitratCommonAPITestScript.CaptainCreateTestScript" name="@BeforeClass captainCreateSetUp" time="0.0">
    <failure type="com.menumitra.utilityclass.customException" message="Error in captain create setup: Error in getting captain create URL: Unexpected error occurred while reading excel sheet: Cannot get a STRING value from a NUMERIC cell">
      <![CDATA[com.menumitra.utilityclass.customException: Error in captain create setup: Error in getting captain create URL: Unexpected error occurred while reading excel sheet: Cannot get a STRING value from a NUMERIC cell
	at com.menumitratCommonAPITestScript.CaptainCreateTestScript.captainCreateSetUp(CaptainCreateTestScript.java:90)
	at java.base/java.util.concurrent.ThreadPoolExecutor.runWorker(ThreadPoolExecutor.java:1144)
	at java.base/java.util.concurrent.ThreadPoolExecutor$Worker.run(ThreadPoolExecutor.java:642)
	at java.base/java.lang.Thread.run(Thread.java:1583)
... Removed 8 stack frames]]>
    </failure>
  </testcase> <!-- @BeforeClass captainCreateSetUp -->
  <testcase classname="com.menumitratCommonAPITestScript.GetOutletListTestScript" name="@BeforeClass getOutletListSetUp" time="0.0">
    <failure type="com.menumitra.utilityclass.customException" message="Error in get outlet list setup: no protocol: positive">
      <![CDATA[com.menumitra.utilityclass.customException: Error in get outlet list setup: no protocol: positive
	at com.menumitratCommonAPITestScript.GetOutletListTestScript.getOutletListSetUp(GetOutletListTestScript.java:88)
	at java.base/java.util.concurrent.ThreadPoolExecutor.runWorker(ThreadPoolExecutor.java:1144)
	at java.base/java.util.concurrent.ThreadPoolExecutor$Worker.run(ThreadPoolExecutor.java:642)
	at java.base/java.lang.Thread.run(Thread.java:1583)
... Removed 8 stack frames]]>
    </failure>
  </testcase> <!-- @BeforeClass getOutletListSetUp -->
  <testcase classname="com.menumitratCommonAPITestScript.RemoveTemplateTestScript" name="@BeforeClass setup" time="0.0">
    <failure type="com.menumitra.utilityclass.customException" message="Error during setup: Error While Reading Remove Template API endpoint data from Excel sheet">
      <![CDATA[com.menumitra.utilityclass.customException: Error during setup: Error While Reading Remove Template API endpoint data from Excel sheet
	at com.menumitratCommonAPITestScript.RemoveTemplateTestScript.setup(RemoveTemplateTestScript.java:157)
	at java.base/java.util.concurrent.ThreadPoolExecutor.runWorker(ThreadPoolExecutor.java:1144)
	at java.base/java.util.concurrent.ThreadPoolExecutor$Worker.run(ThreadPoolExecutor.java:642)
	at java.base/java.lang.Thread.run(Thread.java:1583)
... Removed 8 stack frames]]>
    </failure>
  </testcase> <!-- @BeforeClass setup -->
  <testcase classname="com.menumitratCommonAPITestScript.ViewTemplatesTestScript" name="@BeforeClass viewTemplatesSetUp" time="0.0">
    <failure type="com.menumitra.utilityclass.customException" message="Error in view templates setup: Error in getting view templates URL: Unexpected error occurred while reading excel sheet: Cannot get a NUMERIC value from a STRING cell">
      <![CDATA[com.menumitra.utilityclass.customException: Error in view templates setup: Error in getting view templates URL: Unexpected error occurred while reading excel sheet: Cannot get a NUMERIC value from a STRING cell
	at com.menumitratCommonAPITestScript.ViewTemplatesTestScript.viewTemplatesSetUp(ViewTemplatesTestScript.java:90)
	at java.base/java.util.concurrent.ThreadPoolExecutor.runWorker(ThreadPoolExecutor.java:1144)
	at java.base/java.util.concurrent.ThreadPoolExecutor$Worker.run(ThreadPoolExecutor.java:642)
	at java.base/java.lang.Thread.run(Thread.java:1583)
... Removed 8 stack frames]]>
    </failure>
  </testcase> <!-- @BeforeClass viewTemplatesSetUp -->
  <testcase classname="com.menumitratCommonAPITestScript.PosDetailsTestScript" name="@BeforeClass posDetailsSetUp" time="0.0">
    <failure type="com.menumitra.utilityclass.customException" message="Error in pos details setup: Error in getting pos details URL: Unexpected error occurred while reading excel sheet: Cannot invoke &amp;quot;org.apache.poi.ss.usermodel.Cell.getStringCellValue()&amp;quot; because &amp;quot;com.menumitra.utilityclass.DataDriven.cell&amp;quot; is null">
      <![CDATA[com.menumitra.utilityclass.customException: Error in pos details setup: Error in getting pos details URL: Unexpected error occurred while reading excel sheet: Cannot invoke "org.apache.poi.ss.usermodel.Cell.getStringCellValue()" because "com.menumitra.utilityclass.DataDriven.cell" is null
	at com.menumitratCommonAPITestScript.PosDetailsTestScript.posDetailsSetUp(PosDetailsTestScript.java:91)
	at java.base/java.util.concurrent.ThreadPoolExecutor.runWorker(ThreadPoolExecutor.java:1144)
	at java.base/java.util.concurrent.ThreadPoolExecutor$Worker.run(ThreadPoolExecutor.java:642)
	at java.base/java.lang.Thread.run(Thread.java:1583)
... Removed 8 stack frames]]>
    </failure>
  </testcase> <!-- @BeforeClass posDetailsSetUp -->
  <testcase classname="com.menumitratCommonAPITestScript.TableIsReservedTestScript" name="@BeforeClass setup" time="0.0">
    <failure type="com.menumitra.utilityclass.customException" message="Error during setup: Error While Reading Table Is Reserved API endpoint data from Excel sheet">
      <![CDATA[com.menumitra.utilityclass.customException: Error during setup: Error While Reading Table Is Reserved API endpoint data from Excel sheet
	at com.menumitratCommonAPITestScript.TableIsReservedTestScript.setup(TableIsReservedTestScript.java:143)
	at java.base/java.util.concurrent.ThreadPoolExecutor.runWorker(ThreadPoolExecutor.java:1144)
	at java.base/java.util.concurrent.ThreadPoolExecutor$Worker.run(ThreadPoolExecutor.java:642)
	at java.base/java.lang.Thread.run(Thread.java:1583)
... Removed 8 stack frames]]>
    </failure>
  </testcase> <!-- @BeforeClass setup -->
  <testcase classname="com.menumitratCommonAPITestScript.WaiterDeleteTestScript" name="@BeforeClass setup" time="0.0">
    <failure type="com.menumitra.utilityclass.customException" message="Error during setup: Error While Reading Waiter Delete API endpoint data from Excel sheet">
      <![CDATA[com.menumitra.utilityclass.customException: Error during setup: Error While Reading Waiter Delete API endpoint data from Excel sheet
	at com.menumitratCommonAPITestScript.WaiterDeleteTestScript.setup(WaiterDeleteTestScript.java:160)
	at java.base/java.util.concurrent.ThreadPoolExecutor.runWorker(ThreadPoolExecutor.java:1144)
	at java.base/java.util.concurrent.ThreadPoolExecutor$Worker.run(ThreadPoolExecutor.java:642)
	at java.base/java.lang.Thread.run(Thread.java:1583)
... Removed 8 stack frames]]>
    </failure>
  </testcase> <!-- @BeforeClass setup -->
  <testcase classname="com.menumitratCommonAPITestScript.GetSpicyIndexList" name="@BeforeClass getSpicyIndexListSetUp" time="0.0">
    <failure type="com.menumitra.utilityclass.customException" message="Error in get spicy index list setup: Error in getSpicyIndexListUrl: Unexpected error occurred while reading excel sheet: Cannot get a NUMERIC value from a STRING cell">
      <![CDATA[com.menumitra.utilityclass.customException: Error in get spicy index list setup: Error in getSpicyIndexListUrl: Unexpected error occurred while reading excel sheet: Cannot get a NUMERIC value from a STRING cell
	at com.menumitratCommonAPITestScript.GetSpicyIndexList.getSpicyIndexListSetUp(GetSpicyIndexList.java:92)
	at java.base/java.util.concurrent.ThreadPoolExecutor.runWorker(ThreadPoolExecutor.java:1144)
	at java.base/java.util.concurrent.ThreadPoolExecutor$Worker.run(ThreadPoolExecutor.java:642)
	at java.base/java.lang.Thread.run(Thread.java:1583)
... Removed 8 stack frames]]>
    </failure>
  </testcase> <!-- @BeforeClass getSpicyIndexListSetUp -->
  <testcase classname="com.menumitratCommonAPITestScript.MenuCreateTestScript" name="@BeforeClass setup" time="0.0">
    <failure type="com.menumitra.utilityclass.customException" message="Error during setup: [EXCEPTION] Error during login API execution: JSONObject[&amp;quot;access_token&amp;quot;] not found.">
      <![CDATA[com.menumitra.utilityclass.customException: Error during setup: [EXCEPTION] Error during login API execution: JSONObject["access_token"] not found.
	at com.menumitratCommonAPITestScript.MenuCreateTestScript.setup(MenuCreateTestScript.java:182)
	at java.base/java.util.concurrent.ThreadPoolExecutor.runWorker(ThreadPoolExecutor.java:1144)
	at java.base/java.util.concurrent.ThreadPoolExecutor$Worker.run(ThreadPoolExecutor.java:642)
	at java.base/java.lang.Thread.run(Thread.java:1583)
... Removed 8 stack frames]]>
    </failure>
  </testcase> <!-- @BeforeClass setup -->
  <testcase classname="com.menumitratCommonAPITestScript.MenuCreateTestScript" name="@AfterClass tearDown" time="0.0">
    <skipped/>
  </testcase> <!-- @AfterClass tearDown -->
  <testcase classname="com.menumitratCommonAPITestScript.GetAllMenuListByCategory" name="@BeforeClass setup" time="0.0">
    <failure type="com.menumitra.utilityclass.customException" message="Error during GetAllMenuListByCategory setup: Error in getMenuListViewUrl: Error reading the Excel file: Failed to read zip entry source">
      <![CDATA[com.menumitra.utilityclass.customException: Error during GetAllMenuListByCategory setup: Error in getMenuListViewUrl: Error reading the Excel file: Failed to read zip entry source
	at com.menumitratCommonAPITestScript.GetAllMenuListByCategory.setup(GetAllMenuListByCategory.java:174)
	at java.base/java.util.concurrent.ThreadPoolExecutor.runWorker(ThreadPoolExecutor.java:1144)
	at java.base/java.util.concurrent.ThreadPoolExecutor$Worker.run(ThreadPoolExecutor.java:642)
	at java.base/java.lang.Thread.run(Thread.java:1583)
... Removed 8 stack frames]]>
    </failure>
  </testcase> <!-- @BeforeClass setup -->
  <testcase classname="com.menumitratCommonAPITestScript.GetFoodTypeList" name="@BeforeClass getFoodTypeListSetUp" time="0.0">
    <failure type="com.menumitra.utilityclass.customException" message="Error in get food type list setup: Error in getFoodTypeListUrl: Unexpected error occurred while reading excel sheet: Cannot get a NUMERIC value from a STRING cell">
      <![CDATA[com.menumitra.utilityclass.customException: Error in get food type list setup: Error in getFoodTypeListUrl: Unexpected error occurred while reading excel sheet: Cannot get a NUMERIC value from a STRING cell
	at com.menumitratCommonAPITestScript.GetFoodTypeList.getFoodTypeListSetUp(GetFoodTypeList.java:92)
	at java.base/java.util.concurrent.ThreadPoolExecutor.runWorker(ThreadPoolExecutor.java:1144)
	at java.base/java.util.concurrent.ThreadPoolExecutor$Worker.run(ThreadPoolExecutor.java:642)
	at java.base/java.lang.Thread.run(Thread.java:1583)
... Removed 8 stack frames]]>
    </failure>
  </testcase> <!-- @BeforeClass getFoodTypeListSetUp -->
  <testcase classname="com.menumitratCommonAPITestScript.MenuCategoryListViewTestScript" name="@BeforeClass menuCategoryListViewSetUp" time="0.0">
    <failure type="com.menumitra.utilityclass.customException" message="Error in menu category list view setup: Error in getMenuCategoryListViewUrl: Unexpected error occurred while reading excel sheet: Cannot get a NUMERIC value from a STRING cell">
      <![CDATA[com.menumitra.utilityclass.customException: Error in menu category list view setup: Error in getMenuCategoryListViewUrl: Unexpected error occurred while reading excel sheet: Cannot get a NUMERIC value from a STRING cell
	at com.menumitratCommonAPITestScript.MenuCategoryListViewTestScript.menuCategoryListViewSetUp(MenuCategoryListViewTestScript.java:95)
	at java.base/java.util.concurrent.ThreadPoolExecutor.runWorker(ThreadPoolExecutor.java:1144)
	at java.base/java.util.concurrent.ThreadPoolExecutor$Worker.run(ThreadPoolExecutor.java:642)
	at java.base/java.lang.Thread.run(Thread.java:1583)
... Removed 8 stack frames]]>
    </failure>
  </testcase> <!-- @BeforeClass menuCategoryListViewSetUp -->
  <testcase classname="com.menumitratCommonAPITestScript.ChefViewTestScript" name="chefViewNegativeTest" time="0.0">
    <skipped/>
  </testcase> <!-- chefViewNegativeTest -->
  <testcase classname="com.menumitratCommonAPITestScript.GetStaffListWithRole" name="getStaffListWithRoleTest" time="0.004">
    <skipped/>
  </testcase> <!-- getStaffListWithRoleTest -->
  <testcase classname="com.menumitratCommonAPITestScript.GetStaffListWithRole" name="getStaffListWithRoleTest" time="0.003">
    <skipped/>
  </testcase> <!-- getStaffListWithRoleTest -->
  <testcase classname="com.menumitratCommonAPITestScript.GetStaffListWithRole" name="staffListWithRoleNegativeTest" time="0.0">
    <skipped/>
  </testcase> <!-- staffListWithRoleNegativeTest -->
  <testcase classname="com.menumitratCommonAPITestScript.ChefViewTestScript" name="chefViewTest" time="0.107">
    <failure type="com.menumitra.utilityclass.customException" message="Error in chef view test: Status code mismatch - Expected: 200, Actual: 400">
      <![CDATA[com.menumitra.utilityclass.customException: Error in chef view test: Status code mismatch - Expected: 200, Actual: 400
	at com.menumitratCommonAPITestScript.ChefViewTestScript.chefViewTest(ChefViewTestScript.java:221)
	at java.base/java.util.concurrent.ThreadPoolExecutor.runWorker(ThreadPoolExecutor.java:1144)
	at java.base/java.util.concurrent.ThreadPoolExecutor$Worker.run(ThreadPoolExecutor.java:642)
	at java.base/java.lang.Thread.run(Thread.java:1583)
... Removed 8 stack frames]]>
    </failure>
  </testcase> <!-- chefViewTest -->
  <testcase classname="com.menumitratCommonAPITestScript.MakeMenuSpecialNonSpecial" name="makeMenuSpecialNonSpecialNegativeTest" time="0.221">
    <failure type="com.menumitra.utilityclass.customException" message="Error in Make Menu Special/Non-Special negative test: Error validating response: Error processing success response: Actual response does not match expected response">
      <![CDATA[com.menumitra.utilityclass.customException: Error in Make Menu Special/Non-Special negative test: Error validating response: Error processing success response: Actual response does not match expected response
	at com.menumitratCommonAPITestScript.MakeMenuSpecialNonSpecial.makeMenuSpecialNonSpecialNegativeTest(MakeMenuSpecialNonSpecial.java:447)
	at java.base/java.util.concurrent.ThreadPoolExecutor.runWorker(ThreadPoolExecutor.java:1144)
	at java.base/java.util.concurrent.ThreadPoolExecutor$Worker.run(ThreadPoolExecutor.java:642)
	at java.base/java.lang.Thread.run(Thread.java:1583)
... Removed 8 stack frames]]>
    </failure>
  </testcase> <!-- makeMenuSpecialNonSpecialNegativeTest -->
  <testcase classname="com.menumitratCommonAPITestScript.UpdateTemplatesTestScript" name="updateTemplatesUsingValidInputData" time="0.0">
    <skipped/>
  </testcase> <!-- updateTemplatesUsingValidInputData -->
  <testcase classname="com.menumitratCommonAPITestScript.GetStaffRole" name="verifyStaffRole" time="0.132"/>
  <testcase classname="com.menumitratCommonAPITestScript.ActivityLogTestScript" name="activityLogNegativeTest" time="0.0">
    <skipped/>
  </testcase> <!-- activityLogNegativeTest -->
  <testcase classname="com.menumitratCommonAPITestScript.TableListViewTestScript" name="tableListViewNegativeTest" time="0.169">
    <failure type="com.menumitra.utilityclass.customException" message="Error in table list view negative test: Error validating response: Error processing success response: Actual response does not match expected response">
      <![CDATA[com.menumitra.utilityclass.customException: Error in table list view negative test: Error validating response: Error processing success response: Actual response does not match expected response
	at com.menumitratCommonAPITestScript.TableListViewTestScript.tableListViewNegativeTest(TableListViewTestScript.java:418)
	at java.base/java.util.concurrent.ThreadPoolExecutor.runWorker(ThreadPoolExecutor.java:1144)
	at java.base/java.util.concurrent.ThreadPoolExecutor$Worker.run(ThreadPoolExecutor.java:642)
	at java.base/java.lang.Thread.run(Thread.java:1583)
... Removed 8 stack frames]]>
    </failure>
  </testcase> <!-- tableListViewNegativeTest -->
  <testcase classname="com.menumitratCommonAPITestScript.MenuUpdate" name="updateMenu" time="0.0">
    <skipped/>
  </testcase> <!-- updateMenu -->
  <testcase classname="com.menumitratCommonAPITestScript.WaiterCreateTestScript" name="verifyWaiterCreate" time="0.122">
    <failure type="com.menumitra.utilityclass.customException" message="Error in waiter create test: Status code mismatch - Expected: 200, Actual: 400">
      <![CDATA[com.menumitra.utilityclass.customException: Error in waiter create test: Status code mismatch - Expected: 200, Actual: 400
	at com.menumitratCommonAPITestScript.WaiterCreateTestScript.verifyWaiterCreate(WaiterCreateTestScript.java:263)
	at java.base/java.util.concurrent.ThreadPoolExecutor.runWorker(ThreadPoolExecutor.java:1144)
	at java.base/java.util.concurrent.ThreadPoolExecutor$Worker.run(ThreadPoolExecutor.java:642)
	at java.base/java.lang.Thread.run(Thread.java:1583)
... Removed 8 stack frames]]>
    </failure>
  </testcase> <!-- verifyWaiterCreate -->
  <testcase classname="com.menumitratCommonAPITestScript.ActivityLogTestScript" name="activityLogTest" time="0.228"/>
  <testcase classname="com.menumitratCommonAPITestScript.MakeMenuSpecialNonSpecial" name="verifyMakeMenuSpecialNonSpecial" time="1.15"/>
  <testcase classname="com.menumitratCommonAPITestScript.WaiterCreateTestScript" name="waiterCreateNegativeTest" time="0.0">
    <skipped/>
  </testcase> <!-- waiterCreateNegativeTest -->
  <testcase classname="com.menumitratCommonAPITestScript.TableListViewTestScript" name="verifyTableListView" time="0.0">
    <skipped/>
  </testcase> <!-- verifyTableListView -->
  <testcase classname="com.menumitratCommonAPITestScript.orderListViewSetUp" name="orderListViewNegativeTest" time="0.0">
    <skipped/>
  </testcase> <!-- orderListViewNegativeTest -->
  <testcase classname="com.menumitratCommonAPITestScript.orderListViewSetUp" name="orderListViewTest" time="0.0">
    <skipped/>
  </testcase> <!-- orderListViewTest -->
  <testcase classname="com.menumitratCommonAPITestScript.ChefDeleteTestScript" name="chefDeleteNegativeTest" time="0.0">
    <skipped/>
  </testcase> <!-- chefDeleteNegativeTest -->
  <testcase classname="com.menumitratCommonAPITestScript.WaiterViewTestScript" name="verifyWaiterView" time="0.001">
    <skipped/>
  </testcase> <!-- verifyWaiterView -->
  <testcase classname="com.menumitratCommonAPITestScript.OrderViewTestScript" name="orderViewNegativeTest" time="0.002">
    <skipped/>
  </testcase> <!-- orderViewNegativeTest -->
  <testcase classname="com.menumitratCommonAPITestScript.OrderViewTestScript" name="orderViewNegativeTest" time="0.002">
    <skipped/>
  </testcase> <!-- orderViewNegativeTest -->
  <testcase classname="com.menumitratCommonAPITestScript.WaiterViewTestScript" name="waiterViewNegativeTest" time="0.0">
    <skipped/>
  </testcase> <!-- waiterViewNegativeTest -->
  <testcase classname="com.menumitratCommonAPITestScript.ChefDeleteTestScript" name="deleteChef" time="0.002">
    <skipped/>
  </testcase> <!-- deleteChef -->
  <testcase classname="com.menumitratCommonAPITestScript.DefaultSettingTestScript" name="defaultSetting" time="0.002">
    <skipped/>
  </testcase> <!-- defaultSetting -->
  <testcase classname="com.menumitratCommonAPITestScript.DefaultSettingTestScript" name="defaultSettingsNegativeTest" time="0.0">
    <skipped/>
  </testcase> <!-- defaultSettingsNegativeTest -->
  <testcase classname="com.menumitratCommonAPITestScript.SendQRLinkTestScript" name="sendQRLinkNegativeTest" time="0.234"/>
  <testcase classname="com.menumitratCommonAPITestScript.OrderViewTestScript" name="orderViewTest" time="0.0">
    <skipped/>
  </testcase> <!-- orderViewTest -->
  <testcase classname="com.menumitratCommonAPITestScript.SendQRLinkTestScript" name="sendQRLinkNegativeTest" time="0.094"/>
  <testcase classname="com.menumitratCommonAPITestScript.SendQRLinkTestScript" name="sendQRLinkTest" time="0.0">
    <skipped/>
  </testcase> <!-- sendQRLinkTest -->
  <testcase classname="com.menumitratCommonAPITestScript.TableCreateTestScript" name="verifyTableCreate" time="0.004">
    <skipped/>
  </testcase> <!-- verifyTableCreate -->
  <testcase classname="com.menumitratCommonAPITestScript.sectionUpdateTestScript" name="sectionUpdateNegativeTest" time="0.342">
    <failure type="com.menumitra.utilityclass.customException" message="Error in section update negative test: Error validating response: Error processing success response: Actual response does not match expected response">
      <![CDATA[com.menumitra.utilityclass.customException: Error in section update negative test: Error validating response: Error processing success response: Actual response does not match expected response
	at com.menumitratCommonAPITestScript.sectionUpdateTestScript.sectionUpdateNegativeTest(sectionUpdateTestScript.java:472)
	at java.base/java.util.concurrent.ThreadPoolExecutor.runWorker(ThreadPoolExecutor.java:1144)
	at java.base/java.util.concurrent.ThreadPoolExecutor$Worker.run(ThreadPoolExecutor.java:642)
	at java.base/java.lang.Thread.run(Thread.java:1583)
... Removed 8 stack frames]]>
    </failure>
  </testcase> <!-- sectionUpdateNegativeTest -->
  <testcase classname="com.menumitratCommonAPITestScript.CaptainDeleteTestScript" name="captainDeleteNegativeTest" time="0.083"/>
  <testcase classname="com.menumitratCommonAPITestScript.TableCreateTestScript" name="verifyTableCreateNegative" time="0.007">
    <skipped/>
  </testcase> <!-- verifyTableCreateNegative -->
  <testcase classname="com.menumitratCommonAPITestScript.CaptainListViewTestScript" name="captainListViewNegativeTest" time="0.225">
    <failure type="com.menumitra.utilityclass.customException" message="Error in captain list view negative test: Error validating response: Error processing success response: Actual response does not match expected response">
      <![CDATA[com.menumitra.utilityclass.customException: Error in captain list view negative test: Error validating response: Error processing success response: Actual response does not match expected response
	at com.menumitratCommonAPITestScript.CaptainListViewTestScript.captainListViewNegativeTest(CaptainListViewTestScript.java:388)
	at java.base/java.util.concurrent.ThreadPoolExecutor.runWorker(ThreadPoolExecutor.java:1144)
	at java.base/java.util.concurrent.ThreadPoolExecutor$Worker.run(ThreadPoolExecutor.java:642)
	at java.base/java.lang.Thread.run(Thread.java:1583)
... Removed 8 stack frames]]>
    </failure>
  </testcase> <!-- captainListViewNegativeTest -->
  <testcase classname="com.menumitratCommonAPITestScript.CaptainDeleteTestScript" name="deleteCaptain" time="0.09"/>
  <testcase classname="com.menumitratCommonAPITestScript.sectionUpdateTestScript" name="verifySectionUpdateUsingValidInputData" time="0.101"/>
  <testcase classname="com.menumitratCommonAPITestScript.sectionUpdateTestScript" name="verifySectionCreateUsingInvalidData" time="0.106"/>
  <testcase classname="com.menumitratCommonAPITestScript.CaptainListViewTestScript" name="captainListViewTest" time="0.094">
    <failure type="com.menumitra.utilityclass.customException" message="Error in captain list view test: Status code mismatch - Expected: , Actual: 400">
      <![CDATA[com.menumitra.utilityclass.customException: Error in captain list view test: Status code mismatch - Expected: , Actual: 400
	at com.menumitratCommonAPITestScript.CaptainListViewTestScript.captainListViewTest(CaptainListViewTestScript.java:220)
	at java.base/java.util.concurrent.ThreadPoolExecutor.runWorker(ThreadPoolExecutor.java:1144)
	at java.base/java.util.concurrent.ThreadPoolExecutor$Worker.run(ThreadPoolExecutor.java:642)
	at java.base/java.lang.Thread.run(Thread.java:1583)
... Removed 8 stack frames]]>
    </failure>
  </testcase> <!-- captainListViewTest -->
  <testcase classname="com.menumitratCommonAPITestScript.OutletSettingsViewTestScript" name="outletSettingsView" time="0.0">
    <skipped/>
  </testcase> <!-- outletSettingsView -->
  <testcase classname="com.menumitratCommonAPITestScript.MenuCategoryViewTestScript" name="menuCategoryViewNegativeTest" time="0.133"/>
  <testcase classname="com.menumitratCommonAPITestScript.MenuCategoryViewTestScript" name="menuCategoryViewNegativeTest" time="0.102"/>
  <testcase classname="com.menumitratCommonAPITestScript.InventoryCategoryListView" name="getInventoryCategoryList" time="0.009">
    <skipped/>
  </testcase> <!-- getInventoryCategoryList -->
  <testcase classname="com.menumitratCommonAPITestScript.MenuCategoryViewTestScript" name="menuCategoryViewNegativeTest" time="0.068"/>
  <testcase classname="com.menumitratCommonAPITestScript.OutletSettingsViewTestScript" name="outletSettingsViewNegativeTest" time="0.001">
    <skipped/>
  </testcase> <!-- outletSettingsViewNegativeTest -->
  <testcase classname="com.menumitratCommonAPITestScript.MenuCategoryViewTestScript" name="menuCategoryViewNegativeTest" time="0.078"/>
  <testcase classname="com.menumitratCommonAPITestScript.SupplierCreditRatingChoicesTestScript" name="testSupplierCreditRatingChoices" time="0.078"/>
  <testcase classname="com.menumitratCommonAPITestScript.GetInventoryCategoryList" name="getInventoryCategoryList" time="0.094"/>
  <testcase classname="com.menumitratCommonAPITestScript.MenuCategoryViewTestScript" name="verifyMenuCategoryView" time="0.093">
    <failure type="com.menumitra.utilityclass.customException" message="Error in menu category view test: Status code mismatch - Expected: 200, Actual: 404">
      <![CDATA[com.menumitra.utilityclass.customException: Error in menu category view test: Status code mismatch - Expected: 200, Actual: 404
	at com.menumitratCommonAPITestScript.MenuCategoryViewTestScript.verifyMenuCategoryView(MenuCategoryViewTestScript.java:261)
	at java.base/java.util.concurrent.ThreadPoolExecutor.runWorker(ThreadPoolExecutor.java:1144)
	at java.base/java.util.concurrent.ThreadPoolExecutor$Worker.run(ThreadPoolExecutor.java:642)
	at java.base/java.lang.Thread.run(Thread.java:1583)
... Removed 8 stack frames]]>
    </failure>
  </testcase> <!-- verifyMenuCategoryView -->
  <testcase classname="com.menumitratCommonAPITestScript.GetRatingList" name="verifyRatingList" time="0.008"/>
  <testcase classname="com.menumitratCommonAPITestScript.MenuCategoryUpdateTestScript" name="menuCategoryUpdateNegativeTest" time="0.298"/>
  <testcase classname="com.menumitratCommonAPITestScript.CheckVersionTestScript" name="checkVersionNegativeTest" time="0.0">
    <skipped/>
  </testcase> <!-- checkVersionNegativeTest -->
  <testcase classname="com.menumitratCommonAPITestScript.MenuCategoryUpdateTestScript" name="menuCategoryUpdateNegativeTest" time="0.073"/>
  <testcase classname="com.menumitratCommonAPITestScript.SearchMenu" name="searchMenuNegativeTest" time="0.086"/>
  <testcase classname="com.menumitratCommonAPITestScript.CheckVersionTestScript" name="checkVersionTest" time="0.0">
    <skipped/>
  </testcase> <!-- checkVersionTest -->
  <testcase classname="com.menumitratCommonAPITestScript.StaffRoleListTestScript" name="staffRoleListNegativeTest" time="0.002">
    <skipped/>
  </testcase> <!-- staffRoleListNegativeTest -->
  <testcase classname="com.menumitratCommonAPITestScript.StaffRoleListTestScript" name="staffRoleListTest" time="0.002">
    <skipped/>
  </testcase> <!-- staffRoleListTest -->
  <testcase classname="com.menumitratCommonAPITestScript.GetVegOrNonVegList" name="verifyVegOrNonVegList" time="0.055"/>
  <testcase classname="com.menumitratCommonAPITestScript.SupplierListViewTestScript" name="supplierListViewNegativeTest" time="0.077"/>
  <testcase classname="com.menumitratCommonAPITestScript.SupplierListViewTestScript" name="verifySupplierListViewUsingPositiveData" time="0.055">
    <failure type="com.menumitra.utilityclass.customException" message="Error in supplier list view test: Status code mismatch - Expected: 200, Actual: 400">
      <![CDATA[com.menumitra.utilityclass.customException: Error in supplier list view test: Status code mismatch - Expected: 200, Actual: 400
	at com.menumitratCommonAPITestScript.SupplierListViewTestScript.verifySupplierListViewUsingPositiveData(SupplierListViewTestScript.java:236)
	at java.base/java.util.concurrent.ThreadPoolExecutor.runWorker(ThreadPoolExecutor.java:1144)
	at java.base/java.util.concurrent.ThreadPoolExecutor$Worker.run(ThreadPoolExecutor.java:642)
	at java.base/java.lang.Thread.run(Thread.java:1583)
... Removed 8 stack frames]]>
    </failure>
  </testcase> <!-- verifySupplierListViewUsingPositiveData -->
  <testcase classname="com.menumitratCommonAPITestScript.DefaultUserSettingsTestScript" name="defaultUserSettingsTest" time="0.079"/>
  <testcase classname="com.menumitratCommonAPITestScript.WaiterListViewTestScript" name="waiterListViewNegativeTest" time="0.067">
    <failure type="com.menumitra.utilityclass.customException" message="Error in waiter list view negative test: Error validating response: Error processing success response: Actual response does not match expected response">
      <![CDATA[com.menumitra.utilityclass.customException: Error in waiter list view negative test: Error validating response: Error processing success response: Actual response does not match expected response
	at com.menumitratCommonAPITestScript.WaiterListViewTestScript.waiterListViewNegativeTest(WaiterListViewTestScript.java:391)
	at java.base/java.util.concurrent.ThreadPoolExecutor.runWorker(ThreadPoolExecutor.java:1144)
	at java.base/java.util.concurrent.ThreadPoolExecutor$Worker.run(ThreadPoolExecutor.java:642)
	at java.base/java.lang.Thread.run(Thread.java:1583)
... Removed 8 stack frames]]>
    </failure>
  </testcase> <!-- waiterListViewNegativeTest -->
  <testcase classname="com.menumitratCommonAPITestScript.WaiterListViewTestScript" name="waiterListViewTest" time="0.0">
    <skipped/>
  </testcase> <!-- waiterListViewTest -->
  <testcase classname="com.menumitratCommonAPITestScript.GetTableListTestScript" name="tableListViewNegativeTest" time="0.073"/>
  <testcase classname="com.menumitratCommonAPITestScript.GetTableListTestScript" name="tableListViewNegativeTest" time="0.065"/>
  <testcase classname="com.menumitratCommonAPITestScript.SearchMenu" name="verifySearchMenu" time="1.077">
    <failure type="com.menumitra.utilityclass.customException" message="Error in search menu test: Status code mismatch - Expected: 200, Actual: 404">
      <![CDATA[com.menumitra.utilityclass.customException: Error in search menu test: Status code mismatch - Expected: 200, Actual: 404
	at com.menumitratCommonAPITestScript.SearchMenu.verifySearchMenu(SearchMenu.java:262)
	at java.base/java.util.concurrent.ThreadPoolExecutor.runWorker(ThreadPoolExecutor.java:1144)
	at java.base/java.util.concurrent.ThreadPoolExecutor$Worker.run(ThreadPoolExecutor.java:642)
	at java.base/java.lang.Thread.run(Thread.java:1583)
... Removed 8 stack frames]]>
    </failure>
  </testcase> <!-- verifySearchMenu -->
  <testcase classname="com.menumitratCommonAPITestScript.GetTableListTestScript" name="verifyTableListView" time="0.063"/>
  <testcase classname="com.menumitratCommonAPITestScript.CaptainCreateTestScript" name="captainCreateNegativeTest" time="0.032">
    <skipped/>
  </testcase> <!-- captainCreateNegativeTest -->
  <testcase classname="com.menumitratCommonAPITestScript.CaptainCreateTestScript" name="captainCreateNegativeTest" time="0.001">
    <skipped/>
  </testcase> <!-- captainCreateNegativeTest -->
  <testcase classname="com.menumitratCommonAPITestScript.CaptainCreateTestScript" name="captainCreateNegativeTest" time="0.001">
    <skipped/>
  </testcase> <!-- captainCreateNegativeTest -->
  <testcase classname="com.menumitratCommonAPITestScript.CaptainCreateTestScript" name="captainCreateNegativeTest" time="0.001">
    <skipped/>
  </testcase> <!-- captainCreateNegativeTest -->
  <testcase classname="com.menumitratCommonAPITestScript.CaptainCreateTestScript" name="captainCreateNegativeTest" time="0.002">
    <skipped/>
  </testcase> <!-- captainCreateNegativeTest -->
  <testcase classname="com.menumitratCommonAPITestScript.CaptainCreateTestScript" name="captainCreateNegativeTest" time="0.001">
    <skipped/>
  </testcase> <!-- captainCreateNegativeTest -->
  <testcase classname="com.menumitratCommonAPITestScript.CaptainCreateTestScript" name="captainCreateNegativeTest" time="0.002">
    <skipped/>
  </testcase> <!-- captainCreateNegativeTest -->
  <testcase classname="com.menumitratCommonAPITestScript.CaptainCreateTestScript" name="captainCreateNegativeTest" time="0.002">
    <skipped/>
  </testcase> <!-- captainCreateNegativeTest -->
  <testcase classname="com.menumitratCommonAPITestScript.CaptainCreateTestScript" name="captainCreateTest" time="0.001">
    <skipped/>
  </testcase> <!-- captainCreateTest -->
  <testcase classname="com.menumitratCommonAPITestScript.UpdateTableTestScript" name="updateTableNegativeTest" time="0.091"/>
  <testcase classname="com.menumitratCommonAPITestScript.UpdateTableTestScript" name="updateTableNegativeTest" time="0.141"/>
  <testcase classname="com.menumitratCommonAPITestScript.ViewOutletTestScript" name="verifyViewOutlet" time="0.119"/>
  <testcase classname="com.menumitratCommonAPITestScript.SectionViewTestScript" name="sectionViewNegativeTest" time="0.098"/>
  <testcase classname="com.menumitratCommonAPITestScript.UpdateTableTestScript" name="updateTableNegativeTest" time="0.093"/>
  <testcase classname="com.menumitratCommonAPITestScript.ForceCancelOrderTestScript" name="forceCancelOrderNegativeTest" time="0.0">
    <skipped/>
  </testcase> <!-- forceCancelOrderNegativeTest -->
  <testcase classname="com.menumitratCommonAPITestScript.UpdateTableTestScript" name="updateTableNegativeTest" time="0.079"/>
  <testcase classname="com.menumitratCommonAPITestScript.ViewOutletTestScript" name="viewOutletNegativeTest" time="0.065"/>
  <testcase classname="com.menumitratCommonAPITestScript.CheckTableIsReservedTestScript" name="checkIfTableIsReserved" time="0.088"/>
  <testcase classname="com.menumitratCommonAPITestScript.UpdateTableTestScript" name="updateTableUsingValidInputData" time="0.0">
    <skipped/>
  </testcase> <!-- updateTableUsingValidInputData -->
  <testcase classname="com.menumitratCommonAPITestScript.SectionViewTestScript" name="verifySectionViewUsingValidInputData" time="0.065">
    <failure type="com.menumitra.utilityclass.customException" message="An error occurred during section view verification">
      <![CDATA[com.menumitra.utilityclass.customException: An error occurred during section view verification
	at com.menumitratCommonAPITestScript.SectionViewTestScript.verifySectionViewUsingValidInputData(SectionViewTestScript.java:240)
	at java.base/java.util.concurrent.ThreadPoolExecutor.runWorker(ThreadPoolExecutor.java:1144)
	at java.base/java.util.concurrent.ThreadPoolExecutor$Worker.run(ThreadPoolExecutor.java:642)
	at java.base/java.lang.Thread.run(Thread.java:1583)
... Removed 8 stack frames]]>
    </failure>
  </testcase> <!-- verifySectionViewUsingValidInputData -->
  <testcase classname="com.menumitratCommonAPITestScript.ViewOutletTestScript" name="viewOutletNegativeTest" time="0.076"/>
  <testcase classname="com.menumitratCommonAPITestScript.ForceCancelOrderTestScript" name="forceCancelOrderTest" time="0.062">
    <failure type="com.menumitra.utilityclass.customException" message="Error in force cancel order test: Status code mismatch - Expected: 200, Actual: 400">
      <![CDATA[com.menumitra.utilityclass.customException: Error in force cancel order test: Status code mismatch - Expected: 200, Actual: 400
	at com.menumitratCommonAPITestScript.ForceCancelOrderTestScript.forceCancelOrderTest(ForceCancelOrderTestScript.java:221)
	at java.base/java.util.concurrent.ThreadPoolExecutor.runWorker(ThreadPoolExecutor.java:1144)
	at java.base/java.util.concurrent.ThreadPoolExecutor$Worker.run(ThreadPoolExecutor.java:642)
	at java.base/java.lang.Thread.run(Thread.java:1583)
... Removed 8 stack frames]]>
    </failure>
  </testcase> <!-- forceCancelOrderTest -->
  <testcase classname="com.menumitratCommonAPITestScript.ViewOutletTestScript" name="viewOutletNegativeTest" time="0.076"/>
  <testcase classname="com.menumitratCommonAPITestScript.ViewOutletTestScript" name="viewOutletNegativeTest" time="0.077"/>
  <testcase classname="com.menumitratCommonAPITestScript.CheckTableIsReservedTestScript" name="checkTableIsReservedNegativeTest" time="0.083"/>
  <testcase classname="com.menumitratCommonAPITestScript.ViewOutletTestScript" name="viewOutletNegativeTest" time="0.073"/>
  <testcase classname="com.menumitratCommonAPITestScript.CheckTableIsReservedTestScript" name="checkTableIsReservedNegativeTest" time="0.078"/>
  <testcase classname="com.menumitratCommonAPITestScript.ViewOutletTestScript" name="viewOutletNegativeTest" time="0.083"/>
  <testcase classname="com.menumitratCommonAPITestScript.InventoryCreateTestScript" name="createInventory" time="0.081">
    <failure type="com.menumitra.utilityclass.customException" message="Test execution failed: Status code validation failed - Expected: 200, Actual: 404">
      <![CDATA[com.menumitra.utilityclass.customException: Test execution failed: Status code validation failed - Expected: 200, Actual: 404
	at com.menumitratCommonAPITestScript.InventoryCreateTestScript.createInventory(InventoryCreateTestScript.java:263)
	at java.base/java.util.concurrent.ThreadPoolExecutor.runWorker(ThreadPoolExecutor.java:1144)
	at java.base/java.util.concurrent.ThreadPoolExecutor$Worker.run(ThreadPoolExecutor.java:642)
	at java.base/java.lang.Thread.run(Thread.java:1583)
... Removed 8 stack frames]]>
    </failure>
  </testcase> <!-- createInventory -->
  <testcase classname="com.menumitratCommonAPITestScript.CreateOrderTestScript" name="createOrderNegativeTest" time="0.073">
    <failure type="com.menumitra.utilityclass.customException" message="Error in create order negative test: A JSONObject text must begin with &amp;apos;{&amp;apos; at 1 [character 2 line 1]">
      <![CDATA[com.menumitra.utilityclass.customException: Error in create order negative test: A JSONObject text must begin with '{' at 1 [character 2 line 1]
	at com.menumitratCommonAPITestScript.CreateOrderTestScript.createOrderNegativeTest(CreateOrderTestScript.java:952)
	at java.base/java.util.concurrent.ThreadPoolExecutor.runWorker(ThreadPoolExecutor.java:1144)
	at java.base/java.util.concurrent.ThreadPoolExecutor$Worker.run(ThreadPoolExecutor.java:642)
	at java.base/java.lang.Thread.run(Thread.java:1583)
... Removed 8 stack frames]]>
    </failure>
  </testcase> <!-- createOrderNegativeTest -->
  <testcase classname="com.menumitratCommonAPITestScript.CreateOrderTestScript" name="createOrderNegativeTest" time="0.072"/>
  <testcase classname="com.menumitratCommonAPITestScript.CreateOrderTestScript" name="createOrderNegativeTest" time="0.085">
    <failure type="com.menumitra.utilityclass.customException" message="Error in create order negative test: A JSONObject text must begin with &amp;apos;{&amp;apos; at 1 [character 2 line 1]">
      <![CDATA[com.menumitra.utilityclass.customException: Error in create order negative test: A JSONObject text must begin with '{' at 1 [character 2 line 1]
	at com.menumitratCommonAPITestScript.CreateOrderTestScript.createOrderNegativeTest(CreateOrderTestScript.java:952)
	at java.base/java.util.concurrent.ThreadPoolExecutor.runWorker(ThreadPoolExecutor.java:1144)
	at java.base/java.util.concurrent.ThreadPoolExecutor$Worker.run(ThreadPoolExecutor.java:642)
	at java.base/java.lang.Thread.run(Thread.java:1583)
... Removed 8 stack frames]]>
    </failure>
  </testcase> <!-- createOrderNegativeTest -->
  <testcase classname="com.menumitratCommonAPITestScript.JoinTablesTestScript" name="joinTables" time="0.095">
    <failure type="com.menumitra.utilityclass.customException" message="Test execution failed: Status code validation failed - Expected: 200, Actual: 400">
      <![CDATA[com.menumitra.utilityclass.customException: Test execution failed: Status code validation failed - Expected: 200, Actual: 400
	at com.menumitratCommonAPITestScript.JoinTablesTestScript.joinTables(JoinTablesTestScript.java:243)
	at java.base/java.util.concurrent.ThreadPoolExecutor.runWorker(ThreadPoolExecutor.java:1144)
	at java.base/java.util.concurrent.ThreadPoolExecutor$Worker.run(ThreadPoolExecutor.java:642)
	at java.base/java.lang.Thread.run(Thread.java:1583)
... Removed 8 stack frames]]>
    </failure>
  </testcase> <!-- joinTables -->
  <testcase classname="com.menumitratCommonAPITestScript.StaffViewTestScript" name="verifyStaffView" time="0.068">
    <failure type="com.menumitra.utilityclass.customException" message="Error in staff view test: Status code mismatch - Expected: 200, Actual: 400">
      <![CDATA[com.menumitra.utilityclass.customException: Error in staff view test: Status code mismatch - Expected: 200, Actual: 400
	at com.menumitratCommonAPITestScript.StaffViewTestScript.verifyStaffView(StaffViewTestScript.java:306)
	at java.base/java.util.concurrent.ThreadPoolExecutor.runWorker(ThreadPoolExecutor.java:1144)
	at java.base/java.util.concurrent.ThreadPoolExecutor$Worker.run(ThreadPoolExecutor.java:642)
	at java.base/java.lang.Thread.run(Thread.java:1583)
... Removed 8 stack frames]]>
    </failure>
  </testcase> <!-- verifyStaffView -->
  <testcase classname="com.menumitratCommonAPITestScript.CreateOrderTestScript" name="createDineInOrder" time="0.956">
    <failure type="com.menumitra.utilityclass.customException" message="Exception in create Dine-In order test: Status code mismatch - Expected: 201, Actual: 400">
      <![CDATA[com.menumitra.utilityclass.customException: Exception in create Dine-In order test: Status code mismatch - Expected: 201, Actual: 400
	at com.menumitratCommonAPITestScript.CreateOrderTestScript.createDineInOrder(CreateOrderTestScript.java:367)
	at java.base/java.util.concurrent.ThreadPoolExecutor.runWorker(ThreadPoolExecutor.java:1144)
	at java.base/java.util.concurrent.ThreadPoolExecutor$Worker.run(ThreadPoolExecutor.java:642)
	at java.base/java.lang.Thread.run(Thread.java:1583)
... Removed 8 stack frames]]>
    </failure>
  </testcase> <!-- createDineInOrder -->
  <testcase classname="com.menumitratCommonAPITestScript.sectionListViewTestScript" name="sectionListViewNegativeTest" time="0.927"/>
  <testcase classname="com.menumitratCommonAPITestScript.JoinTablesTestScript" name="joinTablesNegativeTest" time="0.904">
    <failure type="com.menumitra.utilityclass.customException" message="Error in join tables negative test: For input string: &amp;quot;&amp;quot;">
      <![CDATA[com.menumitra.utilityclass.customException: Error in join tables negative test: For input string: ""
	at com.menumitratCommonAPITestScript.JoinTablesTestScript.joinTablesNegativeTest(JoinTablesTestScript.java:425)
	at java.base/java.util.concurrent.ThreadPoolExecutor.runWorker(ThreadPoolExecutor.java:1144)
	at java.base/java.util.concurrent.ThreadPoolExecutor$Worker.run(ThreadPoolExecutor.java:642)
	at java.base/java.lang.Thread.run(Thread.java:1583)
... Removed 8 stack frames]]>
    </failure>
  </testcase> <!-- joinTablesNegativeTest -->
  <testcase classname="com.menumitratCommonAPITestScript.StaffViewTestScript" name="verifyStaffViewNegative" time="0.252"/>
  <testcase classname="com.menumitratCommonAPITestScript.sectionListViewTestScript" name="sectionListViewNegativeTest" time="0.013">
    <failure type="com.menumitra.utilityclass.customException" message="Error in section list view negative test: JSONObject[&amp;quot;outlet_id&amp;quot;] is not a int (class java.lang.String : @).">
      <![CDATA[com.menumitra.utilityclass.customException: Error in section list view negative test: JSONObject["outlet_id"] is not a int (class java.lang.String : @).
	at com.menumitratCommonAPITestScript.sectionListViewTestScript.sectionListViewNegativeTest(sectionListViewTestScript.java:452)
	at java.base/java.util.concurrent.ThreadPoolExecutor.runWorker(ThreadPoolExecutor.java:1144)
	at java.base/java.util.concurrent.ThreadPoolExecutor$Worker.run(ThreadPoolExecutor.java:642)
	at java.base/java.lang.Thread.run(Thread.java:1583)
... Removed 8 stack frames]]>
    </failure>
  </testcase> <!-- sectionListViewNegativeTest -->
  <testcase classname="com.menumitratCommonAPITestScript.JoinTablesTestScript" name="joinTablesNegativeTest" time="0.016">
    <failure type="com.menumitra.utilityclass.customException" message="Error in join tables negative test: For input string: &amp;quot;&amp;quot;">
      <![CDATA[com.menumitra.utilityclass.customException: Error in join tables negative test: For input string: ""
	at com.menumitratCommonAPITestScript.JoinTablesTestScript.joinTablesNegativeTest(JoinTablesTestScript.java:425)
	at java.base/java.util.concurrent.ThreadPoolExecutor.runWorker(ThreadPoolExecutor.java:1144)
	at java.base/java.util.concurrent.ThreadPoolExecutor$Worker.run(ThreadPoolExecutor.java:642)
	at java.base/java.lang.Thread.run(Thread.java:1583)
... Removed 8 stack frames]]>
    </failure>
  </testcase> <!-- joinTablesNegativeTest -->
  <testcase classname="com.menumitratCommonAPITestScript.CreateOrderTestScript" name="createDeliveryOrder" time="0.0">
    <skipped/>
  </testcase> <!-- createDeliveryOrder -->
  <testcase classname="com.menumitratCommonAPITestScript.GetTemplatesListTestScript" name="verifyTemplatesList" time="0.05">
    <failure type="com.menumitra.utilityclass.customException" message="Error in templates list test: Status code mismatch - Expected: 200, Actual: 404">
      <![CDATA[com.menumitra.utilityclass.customException: Error in templates list test: Status code mismatch - Expected: 200, Actual: 404
	at com.menumitratCommonAPITestScript.GetTemplatesListTestScript.verifyTemplatesList(GetTemplatesListTestScript.java:253)
	at java.base/java.util.concurrent.ThreadPoolExecutor.runWorker(ThreadPoolExecutor.java:1144)
	at java.base/java.util.concurrent.ThreadPoolExecutor$Worker.run(ThreadPoolExecutor.java:642)
	at java.base/java.lang.Thread.run(Thread.java:1583)
... Removed 8 stack frames]]>
    </failure>
  </testcase> <!-- verifyTemplatesList -->
  <testcase classname="com.menumitratCommonAPITestScript.sectionListViewTestScript" name="verifySectionListViewUsingValidInputData" time="0.068">
    <failure type="com.menumitra.utilityclass.customException" message="An error occurred during section list view verification">
      <![CDATA[com.menumitra.utilityclass.customException: An error occurred during section list view verification
	at com.menumitratCommonAPITestScript.sectionListViewTestScript.verifySectionListViewUsingValidInputData(sectionListViewTestScript.java:266)
	at java.base/java.util.concurrent.ThreadPoolExecutor.runWorker(ThreadPoolExecutor.java:1144)
	at java.base/java.util.concurrent.ThreadPoolExecutor$Worker.run(ThreadPoolExecutor.java:642)
	at java.base/java.lang.Thread.run(Thread.java:1583)
... Removed 8 stack frames]]>
    </failure>
  </testcase> <!-- verifySectionListViewUsingValidInputData -->
  <testcase classname="com.menumitratCommonAPITestScript.CreateOrderTestScript" name="createParcelOrderString" time="0.297"/>
  <testcase classname="com.menumitratCommonAPITestScript.CreateOrderTestScript" name="createDriveThroughOrder" time="0.0">
    <skipped/>
  </testcase> <!-- createDriveThroughOrder -->
  <testcase classname="com.menumitratCommonAPITestScript.CaptainUpdateTestScript" name="captainUpdateNegativeTest" time="0.0">
    <skipped/>
  </testcase> <!-- captainUpdateNegativeTest -->
  <testcase classname="com.menumitratCommonAPITestScript.GetOutletListTestScript" name="getOutletListNegativeTest" time="0.0">
    <skipped/>
  </testcase> <!-- getOutletListNegativeTest -->
  <testcase classname="com.menumitratCommonAPITestScript.CreateOrderTestScript" name="createCounterOrder" time="0.0">
    <skipped/>
  </testcase> <!-- createCounterOrder -->
  <testcase classname="com.menumitratCommonAPITestScript.CaptainUpdateTestScript" name="captainUpdateTest" time="0.066">
    <failure type="com.menumitra.utilityclass.customException" message="Error in captain update test: Status code mismatch - Expected: 200, Actual: 400">
      <![CDATA[com.menumitra.utilityclass.customException: Error in captain update test: Status code mismatch - Expected: 200, Actual: 400
	at com.menumitratCommonAPITestScript.CaptainUpdateTestScript.captainUpdateTest(CaptainUpdateTestScript.java:230)
	at java.base/java.util.concurrent.ThreadPoolExecutor.runWorker(ThreadPoolExecutor.java:1144)
	at java.base/java.util.concurrent.ThreadPoolExecutor$Worker.run(ThreadPoolExecutor.java:642)
	at java.base/java.lang.Thread.run(Thread.java:1583)
... Removed 8 stack frames]]>
    </failure>
  </testcase> <!-- captainUpdateTest -->
  <testcase classname="com.menumitratCommonAPITestScript.WaiterUpdateTestScript" name="verifyWaiterUpdate" time="0.069">
    <failure type="com.menumitra.utilityclass.customException" message="Error in waiter update test: Status code mismatch - Expected: 200, Actual: 404">
      <![CDATA[com.menumitra.utilityclass.customException: Error in waiter update test: Status code mismatch - Expected: 200, Actual: 404
	at com.menumitratCommonAPITestScript.WaiterUpdateTestScript.verifyWaiterUpdate(WaiterUpdateTestScript.java:263)
	at java.base/java.util.concurrent.ThreadPoolExecutor.runWorker(ThreadPoolExecutor.java:1144)
	at java.base/java.util.concurrent.ThreadPoolExecutor$Worker.run(ThreadPoolExecutor.java:642)
	at java.base/java.lang.Thread.run(Thread.java:1583)
... Removed 8 stack frames]]>
    </failure>
  </testcase> <!-- verifyWaiterUpdate -->
  <testcase classname="com.menumitratCommonAPITestScript.GetOutletListTestScript" name="getOutletListTest" time="0.001">
    <skipped/>
  </testcase> <!-- getOutletListTest -->
  <testcase classname="com.menumitratCommonAPITestScript.WaiterUpdateTestScript" name="verifyWaiterUpdate" time="0.062">
    <failure type="com.menumitra.utilityclass.customException" message="Error in waiter update test: Status code mismatch - Expected: 200, Actual: 404">
      <![CDATA[com.menumitra.utilityclass.customException: Error in waiter update test: Status code mismatch - Expected: 200, Actual: 404
	at com.menumitratCommonAPITestScript.WaiterUpdateTestScript.verifyWaiterUpdate(WaiterUpdateTestScript.java:263)
	at java.base/java.util.concurrent.ThreadPoolExecutor.runWorker(ThreadPoolExecutor.java:1144)
	at java.base/java.util.concurrent.ThreadPoolExecutor$Worker.run(ThreadPoolExecutor.java:642)
	at java.base/java.lang.Thread.run(Thread.java:1583)
... Removed 8 stack frames]]>
    </failure>
  </testcase> <!-- verifyWaiterUpdate -->
  <testcase classname="com.menumitratCommonAPITestScript.MenuListView" name="menuListViewNegativeTest" time="0.0">
    <skipped/>
  </testcase> <!-- menuListViewNegativeTest -->
  <testcase classname="com.menumitratCommonAPITestScript.MenuCategoryDeleteTestScript" name="menuCategoryListDeleteNegativeTest" time="0.0">
    <skipped/>
  </testcase> <!-- menuCategoryListDeleteNegativeTest -->
  <testcase classname="com.menumitratCommonAPITestScript.RemoveTemplateTestScript" name="removeTemplate" time="0.003">
    <skipped/>
  </testcase> <!-- removeTemplate -->
  <testcase classname="com.menumitratCommonAPITestScript.RemoveTemplateTestScript" name="removeTemplate" time="0.002">
    <skipped/>
  </testcase> <!-- removeTemplate -->
  <testcase classname="com.menumitratCommonAPITestScript.WaiterUpdateTestScript" name="waiterUpdateNegativeTest" time="0.107">
    <failure type="com.menumitra.utilityclass.customException" message="Error in waiter update negative test: Response message mismatch - Expected: User ID is incorrect or user is not a waiter, Actual: User ID does not exist.">
      <![CDATA[com.menumitra.utilityclass.customException: Error in waiter update negative test: Response message mismatch - Expected: User ID is incorrect or user is not a waiter, Actual: User ID does not exist.
	at com.menumitratCommonAPITestScript.WaiterUpdateTestScript.waiterUpdateNegativeTest(WaiterUpdateTestScript.java:414)
	at java.base/java.util.concurrent.ThreadPoolExecutor.runWorker(ThreadPoolExecutor.java:1144)
	at java.base/java.util.concurrent.ThreadPoolExecutor$Worker.run(ThreadPoolExecutor.java:642)
	at java.base/java.lang.Thread.run(Thread.java:1583)
... Removed 8 stack frames]]>
    </failure>
  </testcase> <!-- waiterUpdateNegativeTest -->
  <testcase classname="com.menumitratCommonAPITestScript.MenuListView" name="verifyMenuListView" time="0.0">
    <skipped/>
  </testcase> <!-- verifyMenuListView -->
  <testcase classname="com.menumitratCommonAPITestScript.RemoveTemplateTestScript" name="removeTemplateNegativeTest" time="0.0">
    <skipped/>
  </testcase> <!-- removeTemplateNegativeTest -->
  <testcase classname="com.menumitratCommonAPITestScript.MenuCategoryDeleteTestScript" name="verifyMenuCategoryDelete" time="0.066">
    <failure type="com.menumitra.utilityclass.customException" message="Error in menu category delete test: Status code mismatch - Expected: 404, Actual: 400">
      <![CDATA[com.menumitra.utilityclass.customException: Error in menu category delete test: Status code mismatch - Expected: 404, Actual: 400
	at com.menumitratCommonAPITestScript.MenuCategoryDeleteTestScript.verifyMenuCategoryDelete(MenuCategoryDeleteTestScript.java:262)
	at java.base/java.util.concurrent.ThreadPoolExecutor.runWorker(ThreadPoolExecutor.java:1144)
	at java.base/java.util.concurrent.ThreadPoolExecutor$Worker.run(ThreadPoolExecutor.java:642)
	at java.base/java.lang.Thread.run(Thread.java:1583)
... Removed 8 stack frames]]>
    </failure>
  </testcase> <!-- verifyMenuCategoryDelete -->
  <testcase classname="com.menumitratCommonAPITestScript.ViewTemplatesTestScript" name="viewTemplatesNegativeTest" time="0.001">
    <skipped/>
  </testcase> <!-- viewTemplatesNegativeTest -->
  <testcase classname="com.menumitratCommonAPITestScript.WaiterUpdateTestScript" name="waiterUpdateNegativeTest" time="0.291">
    <failure type="com.menumitra.utilityclass.customException" message="Error in waiter update negative test: Status code mismatch - Expected: 400, Actual: 200">
      <![CDATA[com.menumitra.utilityclass.customException: Error in waiter update negative test: Status code mismatch - Expected: 400, Actual: 200
	at com.menumitratCommonAPITestScript.WaiterUpdateTestScript.waiterUpdateNegativeTest(WaiterUpdateTestScript.java:414)
	at java.base/java.util.concurrent.ThreadPoolExecutor.runWorker(ThreadPoolExecutor.java:1144)
	at java.base/java.util.concurrent.ThreadPoolExecutor$Worker.run(ThreadPoolExecutor.java:642)
	at java.base/java.lang.Thread.run(Thread.java:1583)
... Removed 8 stack frames]]>
    </failure>
  </testcase> <!-- waiterUpdateNegativeTest -->
  <testcase classname="com.menumitratCommonAPITestScript.ViewTemplatesTestScript" name="viewTemplatesTest" time="0.001">
    <skipped/>
  </testcase> <!-- viewTemplatesTest -->
  <testcase classname="com.menumitratCommonAPITestScript.WaiterUpdateTestScript" name="waiterUpdateNegativeTest" time="0.083">
    <failure type="com.menumitra.utilityclass.customException" message="Error in waiter update negative test: Status code mismatch - Expected: 400, Actual: 404">
      <![CDATA[com.menumitra.utilityclass.customException: Error in waiter update negative test: Status code mismatch - Expected: 400, Actual: 404
	at com.menumitratCommonAPITestScript.WaiterUpdateTestScript.waiterUpdateNegativeTest(WaiterUpdateTestScript.java:414)
	at java.base/java.util.concurrent.ThreadPoolExecutor.runWorker(ThreadPoolExecutor.java:1144)
	at java.base/java.util.concurrent.ThreadPoolExecutor$Worker.run(ThreadPoolExecutor.java:642)
	at java.base/java.lang.Thread.run(Thread.java:1583)
... Removed 8 stack frames]]>
    </failure>
  </testcase> <!-- waiterUpdateNegativeTest -->
  <testcase classname="com.menumitratCommonAPITestScript.GetInorOutList" name="testInOrOutList" time="0.0">
    <skipped/>
  </testcase> <!-- testInOrOutList -->
  <testcase classname="com.menumitratCommonAPITestScript.WaiterUpdateTestScript" name="waiterUpdateNegativeTest" time="0.099">
    <failure type="com.menumitra.utilityclass.customException" message="Error in waiter update negative test: Status code mismatch - Expected: 400, Actual: 404">
      <![CDATA[com.menumitra.utilityclass.customException: Error in waiter update negative test: Status code mismatch - Expected: 400, Actual: 404
	at com.menumitratCommonAPITestScript.WaiterUpdateTestScript.waiterUpdateNegativeTest(WaiterUpdateTestScript.java:414)
	at java.base/java.util.concurrent.ThreadPoolExecutor.runWorker(ThreadPoolExecutor.java:1144)
	at java.base/java.util.concurrent.ThreadPoolExecutor$Worker.run(ThreadPoolExecutor.java:642)
	at java.base/java.lang.Thread.run(Thread.java:1583)
... Removed 8 stack frames]]>
    </failure>
  </testcase> <!-- waiterUpdateNegativeTest -->
  <testcase classname="com.menumitratCommonAPITestScript.WaiterUpdateTestScript" name="waiterUpdateNegativeTest" time="0.053"/>
  <testcase classname="com.menumitratCommonAPITestScript.WaiterUpdateTestScript" name="waiterUpdateNegativeTest" time="0.071">
    <failure type="com.menumitra.utilityclass.customException" message="Error in waiter update negative test: Status code mismatch - Expected: 400, Actual: 404">
      <![CDATA[com.menumitra.utilityclass.customException: Error in waiter update negative test: Status code mismatch - Expected: 400, Actual: 404
	at com.menumitratCommonAPITestScript.WaiterUpdateTestScript.waiterUpdateNegativeTest(WaiterUpdateTestScript.java:414)
	at java.base/java.util.concurrent.ThreadPoolExecutor.runWorker(ThreadPoolExecutor.java:1144)
	at java.base/java.util.concurrent.ThreadPoolExecutor$Worker.run(ThreadPoolExecutor.java:642)
	at java.base/java.lang.Thread.run(Thread.java:1583)
... Removed 8 stack frames]]>
    </failure>
  </testcase> <!-- waiterUpdateNegativeTest -->
  <testcase classname="com.menumitratCommonAPITestScript.MenuView" name="menuViewNegativeTest" time="0.0">
    <skipped/>
  </testcase> <!-- menuViewNegativeTest -->
  <testcase classname="com.menumitratCommonAPITestScript.OrderListViewCdskdsTestScript" name="orderListViewCdskdsNegativeTest" time="0.061"/>
  <testcase classname="com.menumitratCommonAPITestScript.MenuView" name="verifyMenuView" time="0.066">
    <failure type="com.menumitra.utilityclass.customException" message="Error in menu view test: Status code mismatch - Expected: 200, Actual: 400">
      <![CDATA[com.menumitra.utilityclass.customException: Error in menu view test: Status code mismatch - Expected: 200, Actual: 400
	at com.menumitratCommonAPITestScript.MenuView.verifyMenuView(MenuView.java:224)
	at java.base/java.util.concurrent.ThreadPoolExecutor.runWorker(ThreadPoolExecutor.java:1144)
	at java.base/java.util.concurrent.ThreadPoolExecutor$Worker.run(ThreadPoolExecutor.java:642)
	at java.base/java.lang.Thread.run(Thread.java:1583)
... Removed 8 stack frames]]>
    </failure>
  </testcase> <!-- verifyMenuView -->
  <testcase classname="com.menumitratCommonAPITestScript.SupplierCreateTestScript" name="createSupplier" time="0.125">
    <failure type="com.menumitra.utilityclass.customException" message="Test execution failed: Status code validation failed - Expected: 200, Actual: 400">
      <![CDATA[com.menumitra.utilityclass.customException: Test execution failed: Status code validation failed - Expected: 200, Actual: 400
	at com.menumitratCommonAPITestScript.SupplierCreateTestScript.createSupplier(SupplierCreateTestScript.java:316)
	at java.base/java.util.concurrent.ThreadPoolExecutor.runWorker(ThreadPoolExecutor.java:1144)
	at java.base/java.util.concurrent.ThreadPoolExecutor$Worker.run(ThreadPoolExecutor.java:642)
	at java.base/java.lang.Thread.run(Thread.java:1583)
... Removed 8 stack frames]]>
    </failure>
  </testcase> <!-- createSupplier -->
  <testcase classname="com.menumitratCommonAPITestScript.OrderListViewCdskdsTestScript" name="orderListViewCdskdsTest" time="0.377"/>
  <testcase classname="com.menumitratCommonAPITestScript.CreateQRTemplatesTestScript" name="createQRTemplatesUsingValidInputData" time="0.118"/>
  <testcase classname="com.menumitratCommonAPITestScript.SupplierCreateTestScript" name="supplierCreateNegativeTest" time="0.08"/>
  <testcase classname="com.menumitratCommonAPITestScript.SupplierCreateTestScript" name="supplierCreateNegativeTest" time="0.101"/>
  <testcase classname="com.menumitratCommonAPITestScript.SupplierCreateTestScript" name="supplierCreateNegativeTest" time="0.13"/>
  <testcase classname="com.menumitratCommonAPITestScript.SelectTemplateTestScript" name="selectTemplateNegativeTest" time="0.073"/>
  <testcase classname="com.menumitratCommonAPITestScript.CaptainViewTestScript" name="captainViewNegativeTest" time="0.066">
    <failure type="com.menumitra.utilityclass.customException" message="Error in captain view negative test: Error validating response: Error processing success response: Actual response does not match expected response">
      <![CDATA[com.menumitra.utilityclass.customException: Error in captain view negative test: Error validating response: Error processing success response: Actual response does not match expected response
	at com.menumitratCommonAPITestScript.CaptainViewTestScript.captainViewNegativeTest(CaptainViewTestScript.java:392)
	at java.base/java.util.concurrent.ThreadPoolExecutor.runWorker(ThreadPoolExecutor.java:1144)
	at java.base/java.util.concurrent.ThreadPoolExecutor$Worker.run(ThreadPoolExecutor.java:642)
	at java.base/java.lang.Thread.run(Thread.java:1583)
... Removed 8 stack frames]]>
    </failure>
  </testcase> <!-- captainViewNegativeTest -->
  <testcase classname="com.menumitratCommonAPITestScript.CaptainViewTestScript" name="captainViewNegativeTest" time="0.062">
    <failure type="com.menumitra.utilityclass.customException" message="Error in captain view negative test: Error validating response: Error processing success response: Actual response does not match expected response">
      <![CDATA[com.menumitra.utilityclass.customException: Error in captain view negative test: Error validating response: Error processing success response: Actual response does not match expected response
	at com.menumitratCommonAPITestScript.CaptainViewTestScript.captainViewNegativeTest(CaptainViewTestScript.java:392)
	at java.base/java.util.concurrent.ThreadPoolExecutor.runWorker(ThreadPoolExecutor.java:1144)
	at java.base/java.util.concurrent.ThreadPoolExecutor$Worker.run(ThreadPoolExecutor.java:642)
	at java.base/java.lang.Thread.run(Thread.java:1583)
... Removed 8 stack frames]]>
    </failure>
  </testcase> <!-- captainViewNegativeTest -->
  <testcase classname="com.menumitratCommonAPITestScript.SelectOutletTestScript" name="selectOutletNegativeTest" time="0.077"/>
  <testcase classname="com.menumitratCommonAPITestScript.CaptainViewTestScript" name="captainViewNegativeTest" time="0.071">
    <failure type="com.menumitra.utilityclass.customException" message="Error in captain view negative test: Error validating response: Error processing success response: Actual response does not match expected response">
      <![CDATA[com.menumitra.utilityclass.customException: Error in captain view negative test: Error validating response: Error processing success response: Actual response does not match expected response
	at com.menumitratCommonAPITestScript.CaptainViewTestScript.captainViewNegativeTest(CaptainViewTestScript.java:392)
	at java.base/java.util.concurrent.ThreadPoolExecutor.runWorker(ThreadPoolExecutor.java:1144)
	at java.base/java.util.concurrent.ThreadPoolExecutor$Worker.run(ThreadPoolExecutor.java:642)
	at java.base/java.lang.Thread.run(Thread.java:1583)
... Removed 8 stack frames]]>
    </failure>
  </testcase> <!-- captainViewNegativeTest -->
  <testcase classname="com.menumitratCommonAPITestScript.SelectOutletTestScript" name="selectOutletNegativeTest" time="0.06"/>
  <testcase classname="com.menumitratCommonAPITestScript.InventoryListViewTestScript" name="inventoryListViewNegativeTest" time="0.081">
    <failure type="com.menumitra.utilityclass.customException" message="Error in inventory list view negative test: Error validating response: Error processing success response: Actual response does not match expected response">
      <![CDATA[com.menumitra.utilityclass.customException: Error in inventory list view negative test: Error validating response: Error processing success response: Actual response does not match expected response
	at com.menumitratCommonAPITestScript.InventoryListViewTestScript.inventoryListViewNegativeTest(InventoryListViewTestScript.java:411)
	at java.base/java.util.concurrent.ThreadPoolExecutor.runWorker(ThreadPoolExecutor.java:1144)
	at java.base/java.util.concurrent.ThreadPoolExecutor$Worker.run(ThreadPoolExecutor.java:642)
	at java.base/java.lang.Thread.run(Thread.java:1583)
... Removed 8 stack frames]]>
    </failure>
  </testcase> <!-- inventoryListViewNegativeTest -->
  <testcase classname="com.menumitratCommonAPITestScript.CaptainViewTestScript" name="captainViewTest" time="0.073">
    <failure type="com.menumitra.utilityclass.customException" message="Error in captain view test: Status code mismatch - Expected: 200, Actual: 400">
      <![CDATA[com.menumitra.utilityclass.customException: Error in captain view test: Status code mismatch - Expected: 200, Actual: 400
	at com.menumitratCommonAPITestScript.CaptainViewTestScript.captainViewTest(CaptainViewTestScript.java:221)
	at java.base/java.util.concurrent.ThreadPoolExecutor.runWorker(ThreadPoolExecutor.java:1144)
	at java.base/java.util.concurrent.ThreadPoolExecutor$Worker.run(ThreadPoolExecutor.java:642)
	at java.base/java.lang.Thread.run(Thread.java:1583)
... Removed 8 stack frames]]>
    </failure>
  </testcase> <!-- captainViewTest -->
  <testcase classname="com.menumitratCommonAPITestScript.SelectOutletTestScript" name="selectOutletTest" time="0.072"/>
  <testcase classname="com.menumitratCommonAPITestScript.InventoryListViewTestScript" name="verifyInventoryList" time="0.049">
    <failure type="com.menumitra.utilityclass.customException" message="Error in inventory list test: Status code mismatch - Expected: 200, Actual: 400">
      <![CDATA[com.menumitra.utilityclass.customException: Error in inventory list test: Status code mismatch - Expected: 200, Actual: 400
	at com.menumitratCommonAPITestScript.InventoryListViewTestScript.verifyInventoryList(InventoryListViewTestScript.java:243)
	at java.base/java.util.concurrent.ThreadPoolExecutor.runWorker(ThreadPoolExecutor.java:1144)
	at java.base/java.util.concurrent.ThreadPoolExecutor$Worker.run(ThreadPoolExecutor.java:642)
	at java.base/java.lang.Thread.run(Thread.java:1583)
... Removed 8 stack frames]]>
    </failure>
  </testcase> <!-- verifyInventoryList -->
  <testcase classname="com.menumitratCommonAPITestScript.ContinueChatTestScript" name="continueChatTest" time="0.084"/>
  <testcase classname="com.menumitratCommonAPITestScript.DeleteTemplatesTestScript" name="deleteTemplatesNegativeTest" time="0.0">
    <skipped/>
  </testcase> <!-- deleteTemplatesNegativeTest -->
  <testcase classname="com.menumitratCommonAPITestScript.UpdateProfileDetailTestScript" name="updateProfileDetailNegativeTest" time="0.0">
    <skipped/>
  </testcase> <!-- updateProfileDetailNegativeTest -->
  <testcase classname="com.menumitratCommonAPITestScript.DeleteTemplatesTestScript" name="deleteTemplatesTest" time="0.0">
    <skipped/>
  </testcase> <!-- deleteTemplatesTest -->
  <testcase classname="com.menumitratCommonAPITestScript.UpdateMenuQuantity" name="updateMenuQuantityNegativeTest" time="1.093"/>
  <testcase classname="com.menumitratCommonAPITestScript.UpdateMenuQuantity" name="updateMenuQuantityNegativeTest" time="0.059"/>
  <testcase classname="com.menumitratCommonAPITestScript.UpdateProfileDetailTestScript" name="verifyUpdateProfileDetail" time="0.184"/>
  <testcase classname="com.menumitratCommonAPITestScript.PosDetailsTestScript" name="posDetailsNegativeTest" time="0.001">
    <skipped/>
  </testcase> <!-- posDetailsNegativeTest -->
  <testcase classname="com.menumitratCommonAPITestScript.TicketListViewTestScript" name="ticketListViewNegativeTest" time="0.077"/>
  <testcase classname="com.menumitratCommonAPITestScript.TableDeleteTestScript" name="tableDeleteNegativeTest" time="0.0">
    <skipped/>
  </testcase> <!-- tableDeleteNegativeTest -->
  <testcase classname="com.menumitratCommonAPITestScript.UpdateMenuQuantity" name="verifyUpdateMenuQuantity" time="0.12">
    <failure type="com.menumitra.utilityclass.customException" message="Error in update menu quantity test: Status code mismatch - Expected: 200, Actual: 400">
      <![CDATA[com.menumitra.utilityclass.customException: Error in update menu quantity test: Status code mismatch - Expected: 200, Actual: 400
	at com.menumitratCommonAPITestScript.UpdateMenuQuantity.verifyUpdateMenuQuantity(UpdateMenuQuantity.java:261)
	at java.base/java.util.concurrent.ThreadPoolExecutor.runWorker(ThreadPoolExecutor.java:1144)
	at java.base/java.util.concurrent.ThreadPoolExecutor$Worker.run(ThreadPoolExecutor.java:642)
	at java.base/java.lang.Thread.run(Thread.java:1583)
... Removed 8 stack frames]]>
    </failure>
  </testcase> <!-- verifyUpdateMenuQuantity -->
  <testcase classname="com.menumitratCommonAPITestScript.PosDetailsTestScript" name="posDetailsTest" time="0.001">
    <skipped/>
  </testcase> <!-- posDetailsTest -->
  <testcase classname="com.menumitratCommonAPITestScript.TotalTicketsTestScript" name="totalTicketsNegativeTest" time="0.061"/>
  <testcase classname="com.menumitratCommonAPITestScript.TableDeleteTestScript" name="verifyTableDelete" time="0.124"/>
  <testcase classname="com.menumitratCommonAPITestScript.TotalTicketsTestScript" name="totalTicketsTest" time="0.095"/>
  <testcase classname="com.menumitratCommonAPITestScript.ChangeSettingsTestScript" name="changeSettingsNegativeTest" time="0.09">
    <failure type="com.menumitra.utilityclass.customException" message="Error in change settings negative test: JSONObject[&amp;quot;detail&amp;quot;] is not a string (class org.json.JSONObject).">
      <![CDATA[com.menumitra.utilityclass.customException: Error in change settings negative test: JSONObject["detail"] is not a string (class org.json.JSONObject).
	at com.menumitratCommonAPITestScript.ChangeSettingsTestScript.changeSettingsNegativeTest(ChangeSettingsTestScript.java:403)
	at java.base/java.util.concurrent.ThreadPoolExecutor.runWorker(ThreadPoolExecutor.java:1144)
	at java.base/java.util.concurrent.ThreadPoolExecutor$Worker.run(ThreadPoolExecutor.java:642)
	at java.base/java.lang.Thread.run(Thread.java:1583)
... Removed 8 stack frames]]>
    </failure>
  </testcase> <!-- changeSettingsNegativeTest -->
[...]
	at com.menumitratCommonAPITestScript.CreateTicketTestScript.createTicketNegative(CreateTicketTestScript.java:373)
	at java.base/java.util.concurrent.ThreadPoolExecutor.runWorker(ThreadPoolExecutor.java:1144)
	at java.base/java.util.concurrent.ThreadPoolExecutor$Worker.run(ThreadPoolExecutor.java:642)
	at java.base/java.lang.Thread.run(Thread.java:1583)
... Removed 8 stack frames]]>
    </failure>
  </testcase> <!-- createTicketNegative -->
  <testcase classname="com.menumitratCommonAPITestScript.OrderMenuDetailsTestScript" name="verifyOrderMenuDetails" time="0.0">
    <skipped/>
  </testcase> <!-- verifyOrderMenuDetails -->
  <testcase classname="com.menumitratCommonAPITestScript.CreateTicketTestScript" name="createTicketUsingValidInputData" time="0.102"/>
  <testcase classname="com.menumitratCommonAPITestScript.ChefListViewTestScript" name="chefListViewNegativeTest" time="0.0">
    <skipped/>
  </testcase> <!-- chefListViewNegativeTest -->
  <testcase classname="com.menumitratCommonAPITestScript.GetSpicyIndexList" name="verifySpicyIndexList" time="0.001">
    <skipped/>
  </testcase> <!-- verifySpicyIndexList -->
  <testcase classname="com.menumitratCommonAPITestScript.ChefListViewTestScript" name="chefListViewTest" time="0.0">
    <skipped/>
  </testcase> <!-- chefListViewTest -->
  <testcase classname="com.menumitratCommonAPITestScript.MenuCreateTestScript" name="createMenuUsigValidInputData" time="0.0">
    <skipped/>
  </testcase> <!-- createMenuUsigValidInputData -->
  <testcase classname="com.menumitratCommonAPITestScript.GetSupplierListTestScript" name="getSupplierList" time="0.049"/>
  <testcase classname="com.menumitratCommonAPITestScript.InventoryCategoryCreate" name="createInventoryCategory" time="0.0">
    <skipped/>
  </testcase> <!-- createInventoryCategory -->
  <testcase classname="com.menumitratCommonAPITestScript.GetAllMenuListByCategory" name="getAllMenuListByCategory" time="0.0">
    <skipped/>
  </testcase> <!-- getAllMenuListByCategory -->
  <testcase classname="com.menumitratCommonAPITestScript.GetSupplierListTestScript" name="getSupplierListNegativeTest" time="0.071"/>
  <testcase classname="com.menumitratCommonAPITestScript.GetFoodTypeList" name="verifyFoodTypeList" time="0.001">
    <skipped/>
  </testcase> <!-- verifyFoodTypeList -->
  <testcase classname="com.menumitratCommonAPITestScript.InventoryDeleteTestScript" name="deleteInventory" time="0.074">
    <failure type="com.menumitra.utilityclass.customException" message="Test execution failed: Status code validation failed - Expected: 200, Actual: 404">
      <![CDATA[com.menumitra.utilityclass.customException: Test execution failed: Status code validation failed - Expected: 200, Actual: 404
	at com.menumitratCommonAPITestScript.InventoryDeleteTestScript.deleteInventory(InventoryDeleteTestScript.java:252)
	at java.base/java.util.concurrent.ThreadPoolExecutor.runWorker(ThreadPoolExecutor.java:1144)
	at java.base/java.util.concurrent.ThreadPoolExecutor$Worker.run(ThreadPoolExecutor.java:642)
	at java.base/java.lang.Thread.run(Thread.java:1583)
... Removed 8 stack frames]]>
    </failure>
  </testcase> <!-- deleteInventory -->
  <testcase classname="com.menumitratCommonAPITestScript.InventoryDeleteTestScript" name="deleteInventoryNegative" time="0.073"/>
  <testcase classname="com.menumitratCommonAPITestScript.TicketViewTestScript" name="ticketViewTest" time="0.453"/>
  <testcase classname="com.menumitratCommonAPITestScript.InventoryDeleteTestScript" name="deleteInventoryNegative" time="0.083"/>
  <testcase classname="com.menumitratCommonAPITestScript.InventoryUpdateTestScript" name="updateInventory" time="0.054">
    <failure type="com.menumitra.utilityclass.customException" message="Test execution failed: Status code validation failed - Expected: 200, Actual: 404">
      <![CDATA[com.menumitra.utilityclass.customException: Test execution failed: Status code validation failed - Expected: 200, Actual: 404
	at com.menumitratCommonAPITestScript.InventoryUpdateTestScript.updateInventory(InventoryUpdateTestScript.java:307)
	at java.base/java.util.concurrent.ThreadPoolExecutor.runWorker(ThreadPoolExecutor.java:1144)
	at java.base/java.util.concurrent.ThreadPoolExecutor$Worker.run(ThreadPoolExecutor.java:642)
	at java.base/java.lang.Thread.run(Thread.java:1583)
... Removed 8 stack frames]]>
    </failure>
  </testcase> <!-- updateInventory -->
  <testcase classname="com.menumitratCommonAPITestScript.StaffCreateTestScript" name="createStaff" time="0.069"/>
  <testcase classname="com.menumitratCommonAPITestScript.OutletTypeTestScript" name="verifyOutletType" time="0.074"/>
  <testcase classname="com.menumitratCommonAPITestScript.MenuCategoryListViewTestScript" name="menuCategoryListViewNegativeTest" time="0.0">
    <skipped/>
  </testcase> <!-- menuCategoryListViewNegativeTest -->
  <testcase classname="com.menumitratCommonAPITestScript.MenuCategoryListViewTestScript" name="verifyMenuCategoryListView" time="0.0">
    <skipped/>
  </testcase> <!-- verifyMenuCategoryListView -->
  <testcase classname="com.menumitratCommonAPITestScript.supplierViewTestScript" name="supplierViewNegativeTest" time="0.053"/>
  <testcase classname="com.menumitratCommonAPITestScript.TableListTestScript" name="verifyTableListView" time="0.001"/>
  <testcase classname="com.menumitratCommonAPITestScript.tableView" name="tableViewNegativeTest" time="0.055"/>
  <testcase classname="com.menumitratCommonAPITestScript.tableView" name="verifyTableView" time="0.0">
    <skipped/>
  </testcase> <!-- verifyTableView -->
  <testcase classname="com.menumitratCommonAPITestScript.GetAvailableTablesTestScript" name="getAvailableTablesNegativeTest" time="0.081"/>
  <testcase classname="com.menumitratCommonAPITestScript.GetAvailableTablesTestScript" name="getAvailableTablesNegativeTest" time="0.089"/>
  <testcase classname="com.menumitratCommonAPITestScript.GetAvailableTablesTestScript" name="getAvailableTablesNegativeTest" time="0.068"/>
  <testcase classname="com.menumitratCommonAPITestScript.GetAvailableTablesTestScript" name="getAvailableTablesTest" time="0.0">
    <skipped/>
  </testcase> <!-- getAvailableTablesTest -->
  <testcase classname="com.menumitratCommonAPITestScript.SupplierDeleteTestScript" name="testSupplierDelete" time="0.076">
    <failure type="com.menumitra.utilityclass.customException" message="Error during supplier deletion test execution: Status code mismatch - Expected: 200, Actual: 404">
      <![CDATA[com.menumitra.utilityclass.customException: Error during supplier deletion test execution: Status code mismatch - Expected: 200, Actual: 404
	at com.menumitratCommonAPITestScript.SupplierDeleteTestScript.testSupplierDelete(SupplierDeleteTestScript.java:237)
	at java.base/java.util.concurrent.ThreadPoolExecutor.runWorker(ThreadPoolExecutor.java:1144)
	at java.base/java.util.concurrent.ThreadPoolExecutor$Worker.run(ThreadPoolExecutor.java:642)
	at java.base/java.lang.Thread.run(Thread.java:1583)
... Removed 8 stack frames]]>
    </failure>
  </testcase> <!-- testSupplierDelete -->
  <testcase classname="com.menumitratCommonAPITestScript.UpdateOutletTestScript" name="updateOutletNegativeTest" time="0.039"/>
  <testcase classname="com.menumitratCommonAPITestScript.UpdateOutletTestScript" name="updateOutletNegativeTest" time="0.004">
    <failure type="com.menumitra.utilityclass.customException" message="Error in update outlet negative test: Expected a &amp;apos;,&amp;apos; or &amp;apos;}&amp;apos; at 30 [character 31 line 1]">
      <![CDATA[com.menumitra.utilityclass.customException: Error in update outlet negative test: Expected a ',' or '}' at 30 [character 31 line 1]
	at com.menumitratCommonAPITestScript.UpdateOutletTestScript.updateOutletNegativeTest(UpdateOutletTestScript.java:464)
	at java.base/java.util.concurrent.ThreadPoolExecutor.runWorker(ThreadPoolExecutor.java:1144)
	at java.base/java.util.concurrent.ThreadPoolExecutor$Worker.run(ThreadPoolExecutor.java:642)
	at java.base/java.lang.Thread.run(Thread.java:1583)
... Removed 8 stack frames]]>
    </failure>
  </testcase> <!-- updateOutletNegativeTest -->
  <testcase classname="com.menumitratCommonAPITestScript.UpdateOutletTestScript" name="updateOutletNegativeTest" time="0.004">
    <failure type="com.menumitra.utilityclass.customException" message="Error in update outlet negative test: Expected a &amp;apos;,&amp;apos; or &amp;apos;}&amp;apos; at 328 [character 329 line 1]">
      <![CDATA[com.menumitra.utilityclass.customException: Error in update outlet negative test: Expected a ',' or '}' at 328 [character 329 line 1]
	at com.menumitratCommonAPITestScript.UpdateOutletTestScript.updateOutletNegativeTest(UpdateOutletTestScript.java:464)
	at java.base/java.util.concurrent.ThreadPoolExecutor.runWorker(ThreadPoolExecutor.java:1144)
	at java.base/java.util.concurrent.ThreadPoolExecutor$Worker.run(ThreadPoolExecutor.java:642)
	at java.base/java.lang.Thread.run(Thread.java:1583)
... Removed 8 stack frames]]>
    </failure>
  </testcase> <!-- updateOutletNegativeTest -->
  <testcase classname="com.menumitratCommonAPITestScript.UpdateOrderTestScript" name="updateOrderNegativeTest" time="0.077"/>
  <testcase classname="com.menumitratCommonAPITestScript.UpdateOrderTestScript" name="updateOrderNegativeTest" time="0.094"/>
  <testcase classname="com.menumitratCommonAPITestScript.UpdateOutletTestScript" name="verifyUpdateOutlet" time="0.113"/>
  <testcase classname="com.menumitratCommonAPITestScript.supplierViewTestScript" name="supplierViewNegativeTest" time="1.126">
    <failure type="com.menumitra.utilityclass.customException" message="Error in supplier view negative test: Error validating response: Error processing success response: Actual response does not match expected response">
      <![CDATA[com.menumitra.utilityclass.customException: Error in supplier view negative test: Error validating response: Error processing success response: Actual response does not match expected response
	at com.menumitratCommonAPITestScript.supplierViewTestScript.supplierViewNegativeTest(supplierViewTestScript.java:416)
	at java.base/java.util.concurrent.ThreadPoolExecutor.runWorker(ThreadPoolExecutor.java:1144)
	at java.base/java.util.concurrent.ThreadPoolExecutor$Worker.run(ThreadPoolExecutor.java:642)
	at java.base/java.lang.Thread.run(Thread.java:1583)
... Removed 8 stack frames]]>
    </failure>
  </testcase> <!-- supplierViewNegativeTest -->
  <testcase classname="com.menumitratCommonAPITestScript.UpdateOrderTestScript" name="updateDineInOrder" time="0.693">
    <failure type="com.menumitra.utilityclass.customException" message="Exception in update Dine-In order test: Status code mismatch - Expected: 200, Actual: 400">
      <![CDATA[com.menumitra.utilityclass.customException: Exception in update Dine-In order test: Status code mismatch - Expected: 200, Actual: 400
	at com.menumitratCommonAPITestScript.UpdateOrderTestScript.updateDineInOrder(UpdateOrderTestScript.java:368)
	at java.base/java.util.concurrent.ThreadPoolExecutor.runWorker(ThreadPoolExecutor.java:1144)
	at java.base/java.util.concurrent.ThreadPoolExecutor$Worker.run(ThreadPoolExecutor.java:642)
	at java.base/java.lang.Thread.run(Thread.java:1583)
... Removed 8 stack frames]]>
    </failure>
  </testcase> <!-- updateDineInOrder -->
  <testcase classname="com.menumitratCommonAPITestScript.supplierViewTestScript" name="verifySupplierView" time="0.609">
    <failure type="com.menumitra.utilityclass.customException" message="Error in supplier view test: Status code mismatch - Expected: 200, Actual: 400">
      <![CDATA[com.menumitra.utilityclass.customException: Error in supplier view test: Status code mismatch - Expected: 200, Actual: 400
	at com.menumitratCommonAPITestScript.supplierViewTestScript.verifySupplierView(supplierViewTestScript.java:222)
	at java.base/java.util.concurrent.ThreadPoolExecutor.runWorker(ThreadPoolExecutor.java:1144)
	at java.base/java.util.concurrent.ThreadPoolExecutor$Worker.run(ThreadPoolExecutor.java:642)
	at java.base/java.lang.Thread.run(Thread.java:1583)
... Removed 8 stack frames]]>
    </failure>
  </testcase> <!-- verifySupplierView -->
  <testcase classname="com.menumitratCommonAPITestScript.InventoryViewTestScript" name="verifyInventoryView" time="1.181">
    <failure type="com.menumitra.utilityclass.customException" message="Error in inventory view test: Status code mismatch - Expected: 200, Actual: 400">
      <![CDATA[com.menumitra.utilityclass.customException: Error in inventory view test: Status code mismatch - Expected: 200, Actual: 400
	at com.menumitratCommonAPITestScript.InventoryViewTestScript.verifyInventoryView(InventoryViewTestScript.java:232)
	at java.base/java.util.concurrent.ThreadPoolExecutor.runWorker(ThreadPoolExecutor.java:1144)
	at java.base/java.util.concurrent.ThreadPoolExecutor$Worker.run(ThreadPoolExecutor.java:642)
	at java.base/java.lang.Thread.run(Thread.java:1583)
... Removed 8 stack frames]]>
    </failure>
  </testcase> <!-- verifyInventoryView -->
  <testcase classname="com.menumitratCommonAPITestScript.UpdateOrderTestScript" name="updateDeliveryOrder" time="0.328"/>
  <testcase classname="com.menumitratCommonAPITestScript.MenuCategoryCreateTestScript" name="createMenuCategoryUsingValidInputData" time="0.265"/>
  <testcase classname="com.menumitratCommonAPITestScript.StaffUpdateTestScript" name="updateStaff" time="0.145"/>
  <testcase classname="com.menumitratCommonAPITestScript.MenuCategoryCreateTestScript" name="menuCategoryCreateNegativeTest" time="0.01">
    <failure type="com.menumitra.utilityclass.customException" message="Error in menu category create negative test: JSONObject[&amp;quot;images&amp;quot;] not found.">
      <![CDATA[com.menumitra.utilityclass.customException: Error in menu category create negative test: JSONObject["images"] not found.
	at com.menumitratCommonAPITestScript.MenuCategoryCreateTestScript.menuCategoryCreateNegativeTest(MenuCategoryCreateTestScript.java:392)
	at java.base/java.util.concurrent.ThreadPoolExecutor.runWorker(ThreadPoolExecutor.java:1144)
	at java.base/java.util.concurrent.ThreadPoolExecutor$Worker.run(ThreadPoolExecutor.java:642)
	at java.base/java.lang.Thread.run(Thread.java:1583)
... Removed 8 stack frames]]>
    </failure>
  </testcase> <!-- menuCategoryCreateNegativeTest -->
  <testcase classname="com.menumitratCommonAPITestScript.MenuCategoryCreateTestScript" name="menuCategoryCreateNegativeTest" time="0.021">
    <failure type="com.menumitra.utilityclass.customException" message="Error in menu category create negative test: JSONObject[&amp;quot;images&amp;quot;] not found.">
      <![CDATA[com.menumitra.utilityclass.customException: Error in menu category create negative test: JSONObject["images"] not found.
	at com.menumitratCommonAPITestScript.MenuCategoryCreateTestScript.menuCategoryCreateNegativeTest(MenuCategoryCreateTestScript.java:392)
	at java.base/java.util.concurrent.ThreadPoolExecutor.runWorker(ThreadPoolExecutor.java:1144)
	at java.base/java.util.concurrent.ThreadPoolExecutor$Worker.run(ThreadPoolExecutor.java:642)
	at java.base/java.lang.Thread.run(Thread.java:1583)
... Removed 8 stack frames]]>
    </failure>
  </testcase> <!-- menuCategoryCreateNegativeTest -->
  <testcase classname="com.menumitratCommonAPITestScript.UpdateOrderTestScript" name="updateParcelOrder" time="0.539"/>
  <testcase classname="com.menumitratCommonAPITestScript.verifyOTPTestScript" name="verifyOTPAPiUsingValidInputData" time="0.083"/>
  <testcase classname="com.menumitratCommonAPITestScript.UpdateOrderTestScript" name="updateDriveThroughOrder" time="0.206"/>
  <testcase classname="com.menumitratCommonAPITestScript.verifyOTPTestScript" name="verifyOTPusingInvalidData" time="0.148"/>
  <testcase classname="com.menumitratCommonAPITestScript.verifyOTPTestScript" name="verifyOTPusingInvalidData" time="0.056"/>
  <testcase classname="com.menumitratCommonAPITestScript.GetTemplates" name="verifyTemplates" time="0.068"/>
  <testcase classname="com.menumitratCommonAPITestScript.verifyOTPTestScript" name="verifyOTPusingInvalidData" time="0.054"/>
  <testcase classname="com.menumitratCommonAPITestScript.verifyOTPTestScript" name="verifyOTPusingInvalidData" time="0.058"/>
  <testcase classname="com.menumitratCommonAPITestScript.UpdateOrderTestScript" name="updateCounterOrder" time="0.253"/>
  <testcase classname="com.menumitratCommonAPITestScript.loginTestScript" name="verifyloginUsingValidInputData" time="0.079">
    <failure type="com.menumitra.utilityclass.customException" message="Login verification failed: Error validating response: Error processing success response: Actual response does not match expected response">
      <![CDATA[com.menumitra.utilityclass.customException: Login verification failed: Error validating response: Error processing success response: Actual response does not match expected response
	at com.menumitratCommonAPITestScript.loginTestScript.verifyloginUsingValidInputData(loginTestScript.java:256)
	at java.base/java.util.concurrent.ThreadPoolExecutor.runWorker(ThreadPoolExecutor.java:1144)
	at java.base/java.util.concurrent.ThreadPoolExecutor$Worker.run(ThreadPoolExecutor.java:642)
	at java.base/java.lang.Thread.run(Thread.java:1583)
... Removed 8 stack frames]]>
    </failure>
  </testcase> <!-- verifyloginUsingValidInputData -->
  <testcase classname="com.menumitratCommonAPITestScript.ViewProfileTestScript" name="verifyViewProfile" time="5.014"/>
  <testcase classname="com.menumitratCommonAPITestScript.loginTestScript" name="verifyLoginUsingInvalidInputData" time="0.0">
    <skipped/>
  </testcase> <!-- verifyLoginUsingInvalidInputData -->
  <testcase classname="com.menumitratCommonAPITestScript.ResendOTPTestScript" name="verifyRessendOTPUSingPositiveInputData" time="0.079"/>
  <testcase classname="com.menumitratCommonAPITestScript.SectionDeleteTestScript" name="verifySectionDeleteUsingValidInputData" time="0.062">
    <failure type="com.menumitra.utilityclass.customException" message="Error during section delete verification">
      <![CDATA[com.menumitra.utilityclass.customException: Error during section delete verification
	at com.menumitratCommonAPITestScript.SectionDeleteTestScript.verifySectionDeleteUsingValidInputData(SectionDeleteTestScript.java:209)
	at java.base/java.util.concurrent.ThreadPoolExecutor.runWorker(ThreadPoolExecutor.java:1144)
	at java.base/java.util.concurrent.ThreadPoolExecutor$Worker.run(ThreadPoolExecutor.java:642)
	at java.base/java.lang.Thread.run(Thread.java:1583)
... Removed 8 stack frames]]>
    </failure>
  </testcase> <!-- verifySectionDeleteUsingValidInputData -->
  <testcase classname="com.menumitratCommonAPITestScript.sectionCreateTestScript" name="verifySectionUsingValidInputData" time="0.373"/>
  <testcase classname="com.menumitratCommonAPITestScript.sectionCreateTestScript" name="sectionCreateNegativeTest" time="0.056"/>
  <testcase classname="com.menumitratCommonAPITestScript.ViewProfileTestScript" name="verifyViewProfile" time="5.089">
    <failure type="com.menumitra.utilityclass.customException" message="Error in view profile test: For input string: &amp;quot;&amp;quot;">
      <![CDATA[com.menumitra.utilityclass.customException: Error in view profile test: For input string: ""
	at com.menumitratCommonAPITestScript.ViewProfileTestScript.verifyViewProfile(ViewProfileTestScript.java:259)
	at java.base/java.util.concurrent.ThreadPoolExecutor.runWorker(ThreadPoolExecutor.java:1144)
	at java.base/java.util.concurrent.ThreadPoolExecutor$Worker.run(ThreadPoolExecutor.java:642)
	at java.base/java.lang.Thread.run(Thread.java:1583)
... Removed 8 stack frames]]>
    </failure>
  </testcase> <!-- verifyViewProfile -->
  <testcase classname="com.menumitratCommonAPITestScript.ViewProfileTestScript" name="viewProfileNegativeTest" time="0.061"/>
  <testcase classname="com.menumitratCommonAPITestScript.ViewProfileTestScript" name="viewProfileNegativeTest" time="0.057"/>
</testsuite> <!-- Test -->
