<?xml version="1.0" encoding="UTF-8"?>
<!-- Generated by org.testng.reporters.JUnitXMLReporter -->
<testsuite hostname="LAPTOP-G790OGBU" failures="1" tests="13" name="Test" time="3.038" errors="0" timestamp="29 Apr 2025 09:38:06 GMT">
  <testcase classname="com.menumitratCommonAPITestScript.StaffCreateTestScript" name="@BeforeClass setup" time="0.0">
    <failure type="java.lang.Error" message="Unresolved compilation problem: 
	The method getDeviceToken() is undefined for the type TokenManagers
">
      <![CDATA[java.lang.Error: Unresolved compilation problem: 
	The method getDeviceToken() is undefined for the type TokenManagers

	at com.menumitratCommonAPITestScript.StaffCreateTestScript.setup(StaffCreateTestScript.java:185)
... Removed 28 stack frames]]>
    </failure>
  </testcase> <!-- @BeforeClass setup -->
  <testcase classname="com.menumitratCommonAPITestScript.StaffCreateTestScript" name="@AfterClass tearDown" time="0.0">
    <skipped/>
  </testcase> <!-- @AfterClass tearDown -->
  <testcase classname="com.menumitratCommonAPITestScript.loginTestScript" name="verifyloginUsingValidInputData" time="1.556"/>
  <testcase classname="com.menumitratCommonAPITestScript.loginTestScript" name="verifyLoginUsingInvalidInputData" time="0.083"/>
  <testcase classname="com.menumitratCommonAPITestScript.loginTestScript" name="verifyLoginUsingInvalidInputData" time="0.068"/>
  <testcase classname="com.menumitratCommonAPITestScript.loginTestScript" name="verifyLoginUsingInvalidInputData" time="0.081"/>
  <testcase classname="com.menumitratCommonAPITestScript.loginTestScript" name="verifyLoginUsingInvalidInputData" time="0.062"/>
  <testcase classname="com.menumitratCommonAPITestScript.loginTestScript" name="verifyLoginUsingInvalidInputData" time="0.061">
    <failure type="com.menumitra.utilityclass.customException" message="Error in negative test case login_006: Error validating response: success response validate failed: Acutal response does not matched expected response expected [{details= This Mobile Number is not resistered}] but found [{msg=Your OTP is sent successfully., st=1, role=null}]">
      <![CDATA[com.menumitra.utilityclass.customException: Error in negative test case login_006: Error validating response: success response validate failed: Acutal response does not matched expected response expected [{details= This Mobile Number is not resistered}] but found [{msg=Your OTP is sent successfully., st=1, role=null}]
	at com.menumitratCommonAPITestScript.loginTestScript.verifyLoginUsingInvalidInputData(loginTestScript.java:306)
... Removed 28 stack frames]]>
    </failure>
  </testcase> <!-- verifyLoginUsingInvalidInputData -->
  <testcase classname="com.menumitratCommonAPITestScript.loginTestScript" name="verifyLoginUsingInvalidInputData" time="0.069"/>
  <testcase classname="com.menumitratCommonAPITestScript.loginTestScript" name="verifyLoginUsingInvalidInputData" time="0.059"/>
  <testcase classname="com.menumitraOwnerAPITestScript.OwnerverifyOtpTestScript" name="getOwnerUrl" time="0.0"/>
  <testcase classname="com.menumitraOwnerAPITestScript.OwnerverifyOtpTestScript" name="verifyOTPAPiUsingValidInputData" time="0.122"/>
  <testcase classname="com.menumitratCommonAPITestScript.ResendOTPTestScript" name="getResendOTPURL" time="0.0"/>
  <testcase classname="com.menumitratCommonAPITestScript.ResendOTPTestScript" name="verifyRessendOTPUSingPositiveInputData" time="0.123"/>
  <testcase classname="com.menumitratCommonAPITestScript.StaffCreateTestScript" name="createStaff" time="0.001">
    <skipped/>
  </testcase> <!-- createStaff -->
</testsuite> <!-- Test -->
