<?xml version="1.0" encoding="UTF-8"?>
<testng-results total="7" passed="5" failed="2" skipped="0">
  <reporter-output>
  </reporter-output>
  <suite started-at="2025-06-13T10:24:18Z" name="Suite" finished-at="2025-06-13T10:47:32Z" duration-ms="1394201">
    <groups>
    </groups>
    <test started-at="2025-06-13T10:24:18Z" name="Test" finished-at="2025-06-13T10:47:32Z" duration-ms="1394201">
      <class name="com.menumitra.superclass.APIBase">
        <test-method is-config="true" signature="setUp()[pri:0, instance:com.menumitra.superclass.APIBase@934b6cb]" started-at="2025-06-13T15:54:18Z" name="setUp" finished-at="2025-06-13T15:54:18Z" duration-ms="61" status="PASS">
          <reporter-output>
          </reporter-output>
        </test-method> <!-- setUp -->
        <test-method is-config="true" signature="tearDown()[pri:0, instance:com.menumitra.superclass.APIBase@934b6cb]" started-at="2025-06-13T16:17:32Z" name="tearDown" finished-at="2025-06-13T16:17:32Z" duration-ms="1" status="PASS">
          <reporter-output>
          </reporter-output>
        </test-method> <!-- tearDown -->
      </class> <!-- com.menumitra.superclass.APIBase -->
      <class name="com.menumitratCommonAPITestScript.OrderListViewCdskdsTestScript">
        <test-method is-config="true" signature="orderListViewCdskdsSetUp()[pri:0, instance:com.menumitratCommonAPITestScript.OrderListViewCdskdsTestScript@3b74ac8]" started-at="2025-06-13T16:17:21Z" name="orderListViewCdskdsSetUp" finished-at="2025-06-13T16:17:22Z" duration-ms="688" status="PASS">
          <reporter-output>
          </reporter-output>
        </test-method> <!-- orderListViewCdskdsSetUp -->
        <test-method signature="orderListViewCdskdsNegativeTest(java.lang.String, java.lang.String, java.lang.String, java.lang.String, java.lang.String, java.lang.String, java.lang.String, java.lang.String)[pri:0, instance:com.menumitratCommonAPITestScript.OrderListViewCdskdsTestScript@3b74ac8]" started-at="2025-06-13T16:17:22Z" name="orderListViewCdskdsNegativeTest" data-provider="getOrderListViewCdskdsNegativeData" finished-at="2025-06-13T16:17:23Z" duration-ms="224" status="PASS">
          <params>
            <param index="0">
              <value>
                <![CDATA[orderlistviewcdskds]]>
              </value>
            </param>
            <param index="1">
              <value>
                <![CDATA[orderlistviewcdskds_002]]>
              </value>
            </param>
            <param index="2">
              <value>
                <![CDATA[negative]]>
              </value>
            </param>
            <param index="3">
              <value>
                <![CDATA[Verify order list view Cds kds using special character in outlet]]>
              </value>
            </param>
            <param index="4">
              <value>
                <![CDATA[post]]>
              </value>
            </param>
            <param index="5">
              <value>
                <![CDATA[{
    "outlet_id": "@"
}]]>
              </value>
            </param>
            <param index="6">
              <value>
                <![CDATA[{ "detail": "outlet_id must be a number" }]]>
              </value>
            </param>
            <param index="7">
              <value>
                <![CDATA[400]]>
              </value>
            </param>
          </params>
          <reporter-output>
          </reporter-output>
        </test-method> <!-- orderListViewCdskdsNegativeTest -->
        <test-method signature="orderListViewCdskdsTest(java.lang.String, java.lang.String, java.lang.String, java.lang.String, java.lang.String, java.lang.String, java.lang.String, java.lang.String)[pri:0, instance:com.menumitratCommonAPITestScript.OrderListViewCdskdsTestScript@3b74ac8]" started-at="2025-06-13T16:17:23Z" name="orderListViewCdskdsTest" data-provider="getOrderListViewCdskdsData" finished-at="2025-06-13T16:17:32Z" duration-ms="9225" status="PASS">
          <params>
            <param index="0">
              <value>
                <![CDATA[orderlistviewcdskds]]>
              </value>
            </param>
            <param index="1">
              <value>
                <![CDATA[orderlistviewcdskds_001]]>
              </value>
            </param>
            <param index="2">
              <value>
                <![CDATA[positive]]>
              </value>
            </param>
            <param index="3">
              <value>
                <![CDATA[Verify order list view Cds kds]]>
              </value>
            </param>
            <param index="4">
              <value>
                <![CDATA[post]]>
              </value>
            </param>
            <param index="5">
              <value>
                <![CDATA[{
    "outlet_id": "1"
}]]>
              </value>
            </param>
            <param index="6">
              <value>
                <![CDATA[]]>
              </value>
            </param>
            <param index="7">
              <value>
                <![CDATA[200]]>
              </value>
            </param>
          </params>
          <reporter-output>
          </reporter-output>
        </test-method> <!-- orderListViewCdskdsTest -->
      </class> <!-- com.menumitratCommonAPITestScript.OrderListViewCdskdsTestScript -->
      <class name="com.menumitratCommonAPITestScript.LoadOrderTestScripts">
        <test-method is-config="true" signature="loadOrderSetUp()[pri:0, instance:com.menumitratCommonAPITestScript.LoadOrderTestScripts@55cf0d14]" started-at="2025-06-13T15:54:18Z" name="loadOrderSetUp" finished-at="2025-06-13T15:54:22Z" duration-ms="3940" status="PASS">
          <reporter-output>
          </reporter-output>
        </test-method> <!-- loadOrderSetUp -->
        <test-method signature="loadDineInOrder(java.lang.String, java.lang.String, java.lang.String, java.lang.String, java.lang.String, java.lang.String, java.lang.String, java.lang.String)[pri:1, instance:com.menumitratCommonAPITestScript.LoadOrderTestScripts@55cf0d14]" started-at="2025-06-13T15:54:22Z" name="loadDineInOrder" data-provider="getDineInLoadOrderData" finished-at="2025-06-13T15:54:23Z" duration-ms="465" status="FAIL">
          <params>
            <param index="0">
              <value>
                <![CDATA[loadorderdineIn]]>
              </value>
            </param>
            <param index="1">
              <value>
                <![CDATA[loadorderdineIn_001]]>
              </value>
            </param>
            <param index="2">
              <value>
                <![CDATA[positive]]>
              </value>
            </param>
            <param index="3">
              <value>
                <![CDATA[Verify]]>
              </value>
            </param>
            <param index="4">
              <value>
                <![CDATA[post]]>
              </value>
            </param>
            <param index="5">
              <value>
                <![CDATA[{
  "outlet_id": "1",
  "user_id": "2",
  "table_id": 144,
  "section_id": "366",
  "order_type": "dine_in",
  "order_items": [
    {
      "menu_id": 17,
      "quantity": 1,
      "portion_name": "Half",
      "comment": "Extra spicy please"
    }
  ],
  "action": "print_and_settle",
  "customer_name": "John Doe",
  "customer_mobile": "9876543210",
  "customer_address": "123 Main Street, City",
  "customer_alternate_mobile": "8765432109",
  "customer_landmark": "Near Central Park",
  "special_discount": 10,
  "charges": 5,
  "tip": 20,
  "order_payment_settle_type":"paid"
}]]>
              </value>
            </param>
            <param index="6">
              <value>
                <![CDATA[{
  "order_id": 1463,
  "order_number": "1005",
  "ebill_url": "/menumitra/ebill/inc47369"
}]]>
              </value>
            </param>
            <param index="7">
              <value>
                <![CDATA[200]]>
              </value>
            </param>
          </params>
          <exception class="com.menumitra.utilityclass.customException">
            <message>
              <![CDATA[Exception in load Dine-In order test: Status code indicates failure - Received: 400]]>
            </message>
            <full-stacktrace>
              <![CDATA[com.menumitra.utilityclass.customException: Exception in load Dine-In order test: Status code indicates failure - Received: 400
	at com.menumitratCommonAPITestScript.LoadOrderTestScripts.loadDineInOrder(LoadOrderTestScripts.java:264)
	at java.base/jdk.internal.reflect.DirectMethodHandleAccessor.invoke(DirectMethodHandleAccessor.java:103)
	at java.base/java.lang.reflect.Method.invoke(Method.java:580)
	at org.testng.internal.MethodInvocationHelper.invokeMethod(MethodInvocationHelper.java:86)
	at org.testng.internal.Invoker.invokeMethod(Invoker.java:643)
	at org.testng.internal.Invoker.invokeTestMethod(Invoker.java:820)
	at org.testng.internal.Invoker.invokeTestMethods(Invoker.java:1128)
	at org.testng.internal.TestMethodWorker.invokeTestMethods(TestMethodWorker.java:129)
	at org.testng.internal.TestMethodWorker.run(TestMethodWorker.java:112)
	at org.testng.TestRunner.privateRun(TestRunner.java:782)
	at org.testng.TestRunner.run(TestRunner.java:632)
	at org.testng.SuiteRunner.runTest(SuiteRunner.java:366)
	at org.testng.SuiteRunner.runSequentially(SuiteRunner.java:361)
	at org.testng.SuiteRunner.privateRun(SuiteRunner.java:319)
	at org.testng.SuiteRunner.run(SuiteRunner.java:268)
	at org.testng.SuiteRunnerWorker.runSuite(SuiteRunnerWorker.java:52)
	at org.testng.SuiteRunnerWorker.run(SuiteRunnerWorker.java:86)
	at org.testng.TestNG.runSuitesSequentially(TestNG.java:1244)
	at org.testng.TestNG.runSuitesLocally(TestNG.java:1169)
	at org.testng.TestNG.run(TestNG.java:1064)
	at org.testng.remote.AbstractRemoteTestNG.run(AbstractRemoteTestNG.java:115)
	at org.testng.remote.RemoteTestNG.initAndRun(RemoteTestNG.java:293)
	at org.testng.remote.RemoteTestNG.main(RemoteTestNG.java:91)
]]>
            </full-stacktrace>
          </exception> <!-- com.menumitra.utilityclass.customException -->
          <reporter-output>
          </reporter-output>
        </test-method> <!-- loadDineInOrder -->
        <test-method signature="loadDeliveryOrder(java.lang.String, java.lang.String, java.lang.String, java.lang.String, java.lang.String, java.lang.String, java.lang.String, java.lang.String)[pri:2, instance:com.menumitratCommonAPITestScript.LoadOrderTestScripts@55cf0d14]" started-at="2025-06-13T15:54:23Z" name="loadDeliveryOrder" data-provider="getDeliveryLoadOrderData" finished-at="2025-06-13T15:54:23Z" duration-ms="224" status="PASS">
          <params>
            <param index="0">
              <value>
                <![CDATA[loadorderdelivery]]>
              </value>
            </param>
            <param index="1">
              <value>
                <![CDATA[loadorderdelivery_001]]>
              </value>
            </param>
            <param index="2">
              <value>
                <![CDATA[positive]]>
              </value>
            </param>
            <param index="3">
              <value>
                <![CDATA[Verify]]>
              </value>
            </param>
            <param index="4">
              <value>
                <![CDATA[post]]>
              </value>
            </param>
            <param index="5">
              <value>
                <![CDATA[{
  "outlet_id": "1",
  "user_id": "2",
  "table_id": 144,
  "section_id": "366",
  "order_type": "delivery",
  "order_items": [
    {
      "menu_id": 17,
      "quantity": 1,
      "portion_name": "Half",
      "comment": "Extra spicy please"
    }
  ],
  "action": "print_and_settle",
  "customer_name": "John Doe",
  "customer_mobile": "9876543210",
  "customer_address": "123 Main Street, City",
  "customer_alternate_mobile": "8765432109",
  "customer_landmark": "Near Central Park",
  "special_discount": 10,
  "charges": 5,
  "tip": 20,
  "order_payment_settle_type":"paid"
}]]>
              </value>
            </param>
            <param index="6">
              <value>
                <![CDATA[{
  "order_id": 1463,
  "order_number": "1005",
  "ebill_url": "/menumitra/ebill/inc47369"
}]]>
              </value>
            </param>
            <param index="7">
              <value>
                <![CDATA[200]]>
              </value>
            </param>
          </params>
          <reporter-output>
          </reporter-output>
        </test-method> <!-- loadDeliveryOrder -->
        <test-method signature="loadTakeawayOrder(java.lang.String, java.lang.String, java.lang.String, java.lang.String, java.lang.String, java.lang.String, java.lang.String, java.lang.String)[pri:3, instance:com.menumitratCommonAPITestScript.LoadOrderTestScripts@55cf0d14]" started-at="2025-06-13T15:54:24Z" name="loadTakeawayOrder" data-provider="getTakeawayLoadOrderData" finished-at="2025-06-13T15:54:25Z" duration-ms="1205" status="PASS">
          <params>
            <param index="0">
              <value>
                <![CDATA[loadordertakeaway]]>
              </value>
            </param>
            <param index="1">
              <value>
                <![CDATA[loadordertakeaway_001]]>
              </value>
            </param>
            <param index="2">
              <value>
                <![CDATA[positive]]>
              </value>
            </param>
            <param index="3">
              <value>
                <![CDATA[Verify]]>
              </value>
            </param>
            <param index="4">
              <value>
                <![CDATA[post]]>
              </value>
            </param>
            <param index="5">
              <value>
                <![CDATA[{
  "outlet_id": "1",
  "user_id": "2",
  "table_id": 144,
  "section_id": "366",
  "order_type": "parcel",
  "order_items": [
    {
      "menu_id": 17,
      "quantity": 1,
      "portion_name": "Half",
      "comment": "Extra spicy please"
    }
  ],
  "action": "print_and_settle",
  "customer_name": "John Doe",
  "customer_mobile": "9876543210",
  "customer_address": "123 Main Street, City",
  "customer_alternate_mobile": "8765432109",
  "customer_landmark": "Near Central Park",
  "special_discount": 10,
  "charges": 5,
  "tip": 20,
  "order_payment_settle_type":"paid"
}]]>
              </value>
            </param>
            <param index="6">
              <value>
                <![CDATA[{
  "order_id": 1463,
  "order_number": "1005",
  "ebill_url": "/menumitra/ebill/inc47369"
}]]>
              </value>
            </param>
            <param index="7">
              <value>
                <![CDATA[200]]>
              </value>
            </param>
          </params>
          <reporter-output>
          </reporter-output>
        </test-method> <!-- loadTakeawayOrder -->
        <test-method signature="loadParcelOrder()[pri:4, instance:com.menumitratCommonAPITestScript.LoadOrderTestScripts@55cf0d14]" started-at="2025-06-13T15:54:25Z" name="loadParcelOrder" data-provider="getParcelLoadOrderData" finished-at="2025-06-13T15:54:25Z" duration-ms="125" status="FAIL">
          <exception class="org.testng.TestNGException">
            <message>
              <![CDATA[
The data provider is trying to pass 8 parameters but the method com.menumitratCommonAPITestScript.LoadOrderTestScripts#loadParcelOrder takes 0]]>
            </message>
            <full-stacktrace>
              <![CDATA[org.testng.TestNGException: 
The data provider is trying to pass 8 parameters but the method com.menumitratCommonAPITestScript.LoadOrderTestScripts#loadParcelOrder takes 0
	at org.testng.internal.Invoker.injectParameters(Invoker.java:1229)
	at org.testng.internal.Invoker.invokeTestMethods(Invoker.java:1122)
	at org.testng.internal.TestMethodWorker.invokeTestMethods(TestMethodWorker.java:129)
	at org.testng.internal.TestMethodWorker.run(TestMethodWorker.java:112)
	at org.testng.TestRunner.privateRun(TestRunner.java:782)
	at org.testng.TestRunner.run(TestRunner.java:632)
	at org.testng.SuiteRunner.runTest(SuiteRunner.java:366)
	at org.testng.SuiteRunner.runSequentially(SuiteRunner.java:361)
	at org.testng.SuiteRunner.privateRun(SuiteRunner.java:319)
	at org.testng.SuiteRunner.run(SuiteRunner.java:268)
	at org.testng.SuiteRunnerWorker.runSuite(SuiteRunnerWorker.java:52)
	at org.testng.SuiteRunnerWorker.run(SuiteRunnerWorker.java:86)
	at org.testng.TestNG.runSuitesSequentially(TestNG.java:1244)
	at org.testng.TestNG.runSuitesLocally(TestNG.java:1169)
	at org.testng.TestNG.run(TestNG.java:1064)
	at org.testng.remote.AbstractRemoteTestNG.run(AbstractRemoteTestNG.java:115)
	at org.testng.remote.RemoteTestNG.initAndRun(RemoteTestNG.java:293)
	at org.testng.remote.RemoteTestNG.main(RemoteTestNG.java:91)
]]>
            </full-stacktrace>
          </exception> <!-- org.testng.TestNGException -->
          <reporter-output>
          </reporter-output>
        </test-method> <!-- loadParcelOrder -->
        <test-method signature="loadTestMultipleOrders()[pri:5, instance:com.menumitratCommonAPITestScript.LoadOrderTestScripts@55cf0d14]" started-at="2025-06-13T15:54:25Z" name="loadTestMultipleOrders" finished-at="2025-06-13T16:17:21Z" duration-ms="1376459" status="PASS">
          <reporter-output>
          </reporter-output>
        </test-method> <!-- loadTestMultipleOrders -->
      </class> <!-- com.menumitratCommonAPITestScript.LoadOrderTestScripts -->
    </test> <!-- Test -->
  </suite> <!-- Suite -->
</testng-results>
