<?xml version="1.0" encoding="UTF-8"?>
<testng-results total="141" passed="66" failed="16" skipped="59">
  <reporter-output>
  </reporter-output>
  <suite started-at="2025-05-22T18:35:10Z" name="Suite" finished-at="2025-05-22T18:35:32Z" duration-ms="22006">
    <groups>
    </groups>
    <test started-at="2025-05-22T18:35:10Z" name="MenuMitra API Tests" finished-at="2025-05-22T18:35:32Z" duration-ms="22006">
      <class name="com.menumitratCommonAPITestScript.verifyOTPTestScript">
        <test-method is-config="true" signature="verifyOTPSetup()[pri:0, instance:com.menumitratCommonAPITestScript.verifyOTPTestScript@7a362b6b]" started-at="2025-05-23T00:05:17Z" name="verifyOTPSetup" finished-at="2025-05-23T00:05:17Z" duration-ms="276" status="PASS">
          <reporter-output>
          </reporter-output>
        </test-method> <!-- verifyOTPSetup -->
        <test-method signature="verifyOTPUsingValidInputData(java.lang.String, java.lang.String, java.lang.String, java.lang.String, java.lang.String, java.lang.String, java.lang.String, java.lang.String)[pri:0, instance:com.menumitratCommonAPITestScript.verifyOTPTestScript@7a362b6b]" started-at="2025-05-23T00:05:17Z" name="verifyOTPUsingValidInputData" data-provider="getVerifyOTPPositiveData" finished-at="2025-05-23T00:05:17Z" duration-ms="2" status="FAIL">
          <params>
            <param index="0">
              <value>
                <![CDATA[verifyotp]]>
              </value>
            </param>
            <param index="1">
              <value>
                <![CDATA[verifyotp_001]]>
              </value>
            </param>
            <param index="2">
              <value>
                <![CDATA[positive]]>
              </value>
            </param>
            <param index="3">
              <value>
                <![CDATA[Verify OTP with valid data]]>
              </value>
            </param>
            <param index="4">
              <value>
                <![CDATA[post]]>
              </value>
            </param>
            <param index="5">
              <value>
                <![CDATA[{ "mobile": "6264335759", "otp": "1234", "fcm_token": "4578963547892", "device_id": "8974561234", "device_model": "Laptop 122" }]]>
              </value>
            </param>
            <param index="6">
              <value>
                <![CDATA[{
    "user_id": 2,
    "name": "Heena",
    "role": "owner",
    "access_token": "eyJhbGciOiJIUzI1NiIsInR5cCI6IkpXVCJ9.eyJzdWIiOiIyIiwiZXhwIjoxNzQ2NTMxOTEyLCJpYXQiOjE3NDU5MjcxMTIsImp0aSI6Ijc5NzRmYzkwLTY1MDAtNGQ2OS1iMWRmLWQwNmIzOWFiNGZiZSIsInJvbGUiOiJvd25lciIsImRldmljZSI6Ijg5NzQ1NjEyMzR8TGFwdG9wIDEyMiJ9.bQ2RYiEhNDHHW6ZAx3CqKkLu3QVdAyIm6Qz49eE9BCA",
    "expires_at": "06 May 2025"
}]]>
              </value>
            </param>
            <param index="7">
              <value>
                <![CDATA[200]]>
              </value>
            </param>
          </params>
          <exception class="java.lang.Exception">
            <message>
              <![CDATA[Error during verify OTP test: JSONObject["mobile_number"] not found.]]>
            </message>
            <full-stacktrace>
              <![CDATA[java.lang.Exception: Error during verify OTP test: JSONObject["mobile_number"] not found.
	at com.menumitratCommonAPITestScript.verifyOTPTestScript.verifyOTPUsingValidInputData(verifyOTPTestScript.java:163)
	at java.base/jdk.internal.reflect.DirectMethodHandleAccessor.invoke(DirectMethodHandleAccessor.java:103)
	at java.base/java.lang.reflect.Method.invoke(Method.java:580)
	at org.testng.internal.MethodInvocationHelper.invokeMethod(MethodInvocationHelper.java:86)
	at org.testng.internal.Invoker.invokeMethod(Invoker.java:643)
	at org.testng.internal.Invoker.invokeTestMethod(Invoker.java:820)
	at org.testng.internal.Invoker.invokeTestMethods(Invoker.java:1128)
	at org.testng.internal.TestMethodWorker.invokeTestMethods(TestMethodWorker.java:129)
	at org.testng.internal.TestMethodWorker.run(TestMethodWorker.java:112)
	at java.base/java.util.concurrent.ThreadPoolExecutor.runWorker(ThreadPoolExecutor.java:1144)
	at java.base/java.util.concurrent.ThreadPoolExecutor$Worker.run(ThreadPoolExecutor.java:642)
	at java.base/java.lang.Thread.run(Thread.java:1583)
]]>
            </full-stacktrace>
          </exception> <!-- java.lang.Exception -->
          <reporter-output>
          </reporter-output>
        </test-method> <!-- verifyOTPUsingValidInputData -->
      </class> <!-- com.menumitratCommonAPITestScript.verifyOTPTestScript -->
      <class name="com.menumitratCommonAPITestScript.OrderViewTestScript">
        <test-method is-config="true" signature="orderViewSetUp()[pri:0, instance:com.menumitratCommonAPITestScript.OrderViewTestScript@6cce16f4]" started-at="2025-05-23T00:05:15Z" name="orderViewSetUp" finished-at="2025-05-23T00:05:15Z" duration-ms="0" status="FAIL">
          <exception class="com.menumitra.utilityclass.customException">
            <message>
              <![CDATA[Error in order view setup: Error in getting order view URL: Unexpected error occurred while reading excel sheet: Cannot get a STRING value from a NUMERIC cell]]>
            </message>
            <full-stacktrace>
              <![CDATA[com.menumitra.utilityclass.customException: Error in order view setup: Error in getting order view URL: Unexpected error occurred while reading excel sheet: Cannot get a STRING value from a NUMERIC cell
	at com.menumitratCommonAPITestScript.OrderViewTestScript.orderViewSetUp(OrderViewTestScript.java:88)
	at java.base/jdk.internal.reflect.DirectMethodHandleAccessor.invoke(DirectMethodHandleAccessor.java:103)
	at java.base/java.lang.reflect.Method.invoke(Method.java:580)
	at org.testng.internal.MethodInvocationHelper.invokeMethod(MethodInvocationHelper.java:86)
	at org.testng.internal.Invoker.invokeConfigurationMethod(Invoker.java:514)
	at org.testng.internal.Invoker.invokeConfigurations(Invoker.java:215)
	at org.testng.internal.Invoker.invokeConfigurations(Invoker.java:142)
	at org.testng.internal.TestMethodWorker.invokeBeforeClassMethods(TestMethodWorker.java:178)
	at org.testng.internal.TestMethodWorker.run(TestMethodWorker.java:108)
	at java.base/java.util.concurrent.ThreadPoolExecutor.runWorker(ThreadPoolExecutor.java:1144)
	at java.base/java.util.concurrent.ThreadPoolExecutor$Worker.run(ThreadPoolExecutor.java:642)
	at java.base/java.lang.Thread.run(Thread.java:1583)
]]>
            </full-stacktrace>
          </exception> <!-- com.menumitra.utilityclass.customException -->
          <reporter-output>
          </reporter-output>
        </test-method> <!-- orderViewSetUp -->
        <test-method signature="verifyOrderView(java.lang.String, java.lang.String, java.lang.String, java.lang.String, java.lang.String, java.lang.String, java.lang.String, java.lang.String)[pri:0, instance:com.menumitratCommonAPITestScript.OrderViewTestScript@6cce16f4]" started-at="2025-05-23T00:05:16Z" name="verifyOrderView" data-provider="getOrderViewData" finished-at="2025-05-23T00:05:16Z" duration-ms="0" status="SKIP">
          <exception class="java.lang.RuntimeException">
            <message>
              <![CDATA[com.menumitra.utilityclass.customException: Error in getting order view test data: Unexpected error occurred while reading excel sheet: Cannot get a NUMERIC value from a STRING cell]]>
            </message>
            <full-stacktrace>
              <![CDATA[java.lang.RuntimeException: com.menumitra.utilityclass.customException: Error in getting order view test data: Unexpected error occurred while reading excel sheet: Cannot get a NUMERIC value from a STRING cell
	at org.testng.internal.MethodInvocationHelper.invokeDataProvider(MethodInvocationHelper.java:163)
	at org.testng.internal.Parameters.handleParameters(Parameters.java:430)
	at org.testng.internal.Invoker.handleParameters(Invoker.java:1274)
	at org.testng.internal.Invoker.createParameters(Invoker.java:989)
	at org.testng.internal.Invoker.invokeTestMethods(Invoker.java:1079)
	at org.testng.internal.TestMethodWorker.invokeTestMethods(TestMethodWorker.java:129)
	at org.testng.internal.TestMethodWorker.run(TestMethodWorker.java:112)
	at java.base/java.util.concurrent.ThreadPoolExecutor.runWorker(ThreadPoolExecutor.java:1144)
	at java.base/java.util.concurrent.ThreadPoolExecutor$Worker.run(ThreadPoolExecutor.java:642)
	at java.base/java.lang.Thread.run(Thread.java:1583)
Caused by: com.menumitra.utilityclass.customException: Error in getting order view test data: Unexpected error occurred while reading excel sheet: Cannot get a NUMERIC value from a STRING cell
	at com.menumitratCommonAPITestScript.OrderViewTestScript.getOrderViewData(OrderViewTestScript.java:168)
	at java.base/jdk.internal.reflect.DirectMethodHandleAccessor.invoke(DirectMethodHandleAccessor.java:103)
	at java.base/java.lang.reflect.Method.invoke(Method.java:580)
	at org.testng.internal.MethodInvocationHelper.invokeMethod(MethodInvocationHelper.java:86)
	at org.testng.internal.MethodInvocationHelper.invokeDataProvider(MethodInvocationHelper.java:137)
	... 9 more
]]>
            </full-stacktrace>
          </exception> <!-- java.lang.RuntimeException -->
          <reporter-output>
          </reporter-output>
        </test-method> <!-- verifyOrderView -->
      </class> <!-- com.menumitratCommonAPITestScript.OrderViewTestScript -->
      <class name="com.menumitratCommonAPITestScript.ChefDeleteTestScript">
        <test-method is-config="true" signature="setup()[pri:0, instance:com.menumitratCommonAPITestScript.ChefDeleteTestScript@1869fbd2]" started-at="2025-05-23T00:05:15Z" name="setup" finished-at="2025-05-23T00:05:16Z" duration-ms="434" status="PASS">
          <reporter-output>
          </reporter-output>
        </test-method> <!-- setup -->
        <test-method signature="deleteChef(java.lang.String, java.lang.String, java.lang.String, java.lang.String, java.lang.String, java.lang.String, java.lang.String, java.lang.String)[pri:0, instance:com.menumitratCommonAPITestScript.ChefDeleteTestScript@1869fbd2]" started-at="2025-05-23T00:05:16Z" name="deleteChef" data-provider="getChefDeleteData" finished-at="2025-05-23T00:05:16Z" duration-ms="0" status="SKIP">
          <exception class="java.lang.RuntimeException">
            <message>
              <![CDATA[com.menumitra.utilityclass.customException: Error while reading chef delete test scenario data from Excel sheet: Unexpected error occurred while reading excel sheet: Cannot invoke "org.apache.poi.ss.usermodel.Cell.getStringCellValue()" because "com.menumitra.utilityclass.DataDriven.cell" is null]]>
            </message>
            <full-stacktrace>
              <![CDATA[java.lang.RuntimeException: com.menumitra.utilityclass.customException: Error while reading chef delete test scenario data from Excel sheet: Unexpected error occurred while reading excel sheet: Cannot invoke "org.apache.poi.ss.usermodel.Cell.getStringCellValue()" because "com.menumitra.utilityclass.DataDriven.cell" is null
	at org.testng.internal.MethodInvocationHelper.invokeDataProvider(MethodInvocationHelper.java:163)
	at org.testng.internal.Parameters.handleParameters(Parameters.java:430)
	at org.testng.internal.Invoker.handleParameters(Invoker.java:1274)
	at org.testng.internal.Invoker.createParameters(Invoker.java:989)
	at org.testng.internal.Invoker.invokeTestMethods(Invoker.java:1079)
	at org.testng.internal.TestMethodWorker.invokeTestMethods(TestMethodWorker.java:129)
	at org.testng.internal.TestMethodWorker.run(TestMethodWorker.java:112)
	at java.base/java.util.concurrent.ThreadPoolExecutor.runWorker(ThreadPoolExecutor.java:1144)
	at java.base/java.util.concurrent.ThreadPoolExecutor$Worker.run(ThreadPoolExecutor.java:642)
	at java.base/java.lang.Thread.run(Thread.java:1583)
Caused by: com.menumitra.utilityclass.customException: Error while reading chef delete test scenario data from Excel sheet: Unexpected error occurred while reading excel sheet: Cannot invoke "org.apache.poi.ss.usermodel.Cell.getStringCellValue()" because "com.menumitra.utilityclass.DataDriven.cell" is null
	at com.menumitratCommonAPITestScript.ChefDeleteTestScript.getChefDeleteData(ChefDeleteTestScript.java:105)
	at java.base/jdk.internal.reflect.DirectMethodHandleAccessor.invoke(DirectMethodHandleAccessor.java:103)
	at java.base/java.lang.reflect.Method.invoke(Method.java:580)
	at org.testng.internal.MethodInvocationHelper.invokeMethod(MethodInvocationHelper.java:86)
	at org.testng.internal.MethodInvocationHelper.invokeDataProvider(MethodInvocationHelper.java:137)
	... 9 more
]]>
            </full-stacktrace>
          </exception> <!-- java.lang.RuntimeException -->
          <reporter-output>
          </reporter-output>
        </test-method> <!-- deleteChef -->
      </class> <!-- com.menumitratCommonAPITestScript.ChefDeleteTestScript -->
      <class name="com.menumitratCommonAPITestScript.WaiterUpdateTestScript">
        <test-method is-config="true" signature="waiterUpdateSetUp()[pri:0, instance:com.menumitratCommonAPITestScript.WaiterUpdateTestScript@265adfad]" started-at="2025-05-23T00:05:20Z" name="waiterUpdateSetUp" finished-at="2025-05-23T00:05:20Z" duration-ms="0" status="FAIL">
          <exception class="com.menumitra.utilityclass.customException">
            <message>
              <![CDATA[Error in waiter update setup: Error in getWaiterUpdateUrl: Error reading the Excel file: Failed to read zip entry source]]>
            </message>
            <full-stacktrace>
              <![CDATA[com.menumitra.utilityclass.customException: Error in waiter update setup: Error in getWaiterUpdateUrl: Error reading the Excel file: Failed to read zip entry source
	at com.menumitratCommonAPITestScript.WaiterUpdateTestScript.waiterUpdateSetUp(WaiterUpdateTestScript.java:95)
	at java.base/jdk.internal.reflect.DirectMethodHandleAccessor.invoke(DirectMethodHandleAccessor.java:103)
	at java.base/java.lang.reflect.Method.invoke(Method.java:580)
	at org.testng.internal.MethodInvocationHelper.invokeMethod(MethodInvocationHelper.java:86)
	at org.testng.internal.Invoker.invokeConfigurationMethod(Invoker.java:514)
	at org.testng.internal.Invoker.invokeConfigurations(Invoker.java:215)
	at org.testng.internal.Invoker.invokeConfigurations(Invoker.java:142)
	at org.testng.internal.TestMethodWorker.invokeBeforeClassMethods(TestMethodWorker.java:178)
	at org.testng.internal.TestMethodWorker.run(TestMethodWorker.java:108)
	at java.base/java.util.concurrent.ThreadPoolExecutor.runWorker(ThreadPoolExecutor.java:1144)
	at java.base/java.util.concurrent.ThreadPoolExecutor$Worker.run(ThreadPoolExecutor.java:642)
	at java.base/java.lang.Thread.run(Thread.java:1583)
]]>
            </full-stacktrace>
          </exception> <!-- com.menumitra.utilityclass.customException -->
          <reporter-output>
          </reporter-output>
        </test-method> <!-- waiterUpdateSetUp -->
        <test-method signature="updateWaiter(java.lang.String, java.lang.String, java.lang.String, java.lang.String, java.lang.String, java.lang.String, java.lang.String, java.lang.String)[pri:0, instance:com.menumitratCommonAPITestScript.WaiterUpdateTestScript@265adfad]" started-at="2025-05-23T00:05:21Z" name="updateWaiter" data-provider="getWaiterUpdateData" finished-at="2025-05-23T00:05:21Z" duration-ms="5" status="SKIP">
          <params>
            <param index="0">
              <value>
                <![CDATA[waiterupdate]]>
              </value>
            </param>
            <param index="1">
              <value>
                <![CDATA[waiterupdate_001]]>
              </value>
            </param>
            <param index="2">
              <value>
                <![CDATA[positive]]>
              </value>
            </param>
            <param index="3">
              <value>
                <![CDATA[verify waiter update]]>
              </value>
            </param>
            <param index="4">
              <value>
                <![CDATA[patch]]>
              </value>
            </param>
            <param index="5">
              <value>
                <![CDATA[{
 "update_user_id":"2",
 "user_id":"15",
 "outlet_id":"1",
 "name":"Waiter ram",
 "mobile":"6146340038",
 "address":"satara",
 "aadhar_number":"343332322328",
 "dob":"12 Jan 2023",
 "email":"waiter@gmail.com"


}]]>
              </value>
            </param>
            <param index="6">
              <value>
                <![CDATA[{
    "detail": "Waiter updated successfully",
    "data": {
        "user_id": 10,
        "name": "waitvaibhav"
    }
}]]>
              </value>
            </param>
            <param index="7">
              <value>
                <![CDATA[200]]>
              </value>
            </param>
          </params>
          <reporter-output>
          </reporter-output>
        </test-method> <!-- updateWaiter -->
        <test-method signature="updateWaiter(java.lang.String, java.lang.String, java.lang.String, java.lang.String, java.lang.String, java.lang.String, java.lang.String, java.lang.String)[pri:0, instance:com.menumitratCommonAPITestScript.WaiterUpdateTestScript@265adfad]" started-at="2025-05-23T00:05:21Z" name="updateWaiter" data-provider="getWaiterUpdateData" finished-at="2025-05-23T00:05:21Z" duration-ms="3" status="SKIP">
          <params>
            <param index="0">
              <value>
                <![CDATA[waiterupdate]]>
              </value>
            </param>
            <param index="1">
              <value>
                <![CDATA[waiterupdate_001]]>
              </value>
            </param>
            <param index="2">
              <value>
                <![CDATA[positive]]>
              </value>
            </param>
            <param index="3">
              <value>
                <![CDATA[verify waiter update]]>
              </value>
            </param>
            <param index="4">
              <value>
                <![CDATA[patch]]>
              </value>
            </param>
            <param index="5">
              <value>
                <![CDATA[{
 "update_user_id":"2",
 "user_id":"15",
 "outlet_id":"1",
 "name":"Waiter ram",
 "mobile":"6146340038",
 "address":"satara",
 "aadhar_number":"343332322328",
 "dob":"12 Jan 2023",
 "email":"h@gmail"


}]]>
              </value>
            </param>
            <param index="6">
              <value>
                <![CDATA[{
    "detail": "Waiter updated successfully",
    "data": {
        "user_id": 10,
        "name": "waitvaibhav"
    }
}]]>
              </value>
            </param>
            <param index="7">
              <value>
                <![CDATA[200]]>
              </value>
            </param>
          </params>
          <reporter-output>
          </reporter-output>
        </test-method> <!-- updateWaiter -->
      </class> <!-- com.menumitratCommonAPITestScript.WaiterUpdateTestScript -->
      <class name="com.menumitratCommonAPITestScript.OrderListViewCdskdsTestScript">
        <test-method is-config="true" signature="orderListViewCdskdsSetUp()[pri:0, instance:com.menumitratCommonAPITestScript.OrderListViewCdskdsTestScript@1e461e41]" started-at="2025-05-23T00:05:21Z" name="orderListViewCdskdsSetUp" finished-at="2025-05-23T00:05:21Z" duration-ms="389" status="PASS">
          <reporter-output>
          </reporter-output>
        </test-method> <!-- orderListViewCdskdsSetUp -->
        <test-method signature="orderListViewCdskdsNegativeTest(java.lang.String, java.lang.String, java.lang.String, java.lang.String, java.lang.String, java.lang.String, java.lang.String, java.lang.String)[pri:0, instance:com.menumitratCommonAPITestScript.OrderListViewCdskdsTestScript@1e461e41]" started-at="2025-05-23T00:05:22Z" name="orderListViewCdskdsNegativeTest" data-provider="getOrderListViewCdskdsNegativeData" finished-at="2025-05-23T00:05:22Z" duration-ms="118" status="PASS">
          <params>
            <param index="0">
              <value>
                <![CDATA[orderlistviewcdskds]]>
              </value>
            </param>
            <param index="1">
              <value>
                <![CDATA[orderlistviewcdskds_002]]>
              </value>
            </param>
            <param index="2">
              <value>
                <![CDATA[negative]]>
              </value>
            </param>
            <param index="3">
              <value>
                <![CDATA[Verify order list view Cds kds using special character in outlet]]>
              </value>
            </param>
            <param index="4">
              <value>
                <![CDATA[post]]>
              </value>
            </param>
            <param index="5">
              <value>
                <![CDATA[{
    "outlet_id": "@"
}]]>
              </value>
            </param>
            <param index="6">
              <value>
                <![CDATA[{ "detail": "outlet_id must be a number" }]]>
              </value>
            </param>
            <param index="7">
              <value>
                <![CDATA[400]]>
              </value>
            </param>
          </params>
          <reporter-output>
          </reporter-output>
        </test-method> <!-- orderListViewCdskdsNegativeTest -->
        <test-method signature="orderListViewCdskdsTest(java.lang.String, java.lang.String, java.lang.String, java.lang.String, java.lang.String, java.lang.String, java.lang.String, java.lang.String)[pri:0, instance:com.menumitratCommonAPITestScript.OrderListViewCdskdsTestScript@1e461e41]" started-at="2025-05-23T00:05:22Z" name="orderListViewCdskdsTest" data-provider="getOrderListViewCdskdsData" finished-at="2025-05-23T00:05:22Z" duration-ms="3" status="FAIL">
          <params>
            <param index="0">
              <value>
                <![CDATA[orderlistviewcdskds]]>
              </value>
            </param>
            <param index="1">
              <value>
                <![CDATA[orderlistviewcdskds_001]]>
              </value>
            </param>
            <param index="2">
              <value>
                <![CDATA[positive]]>
              </value>
            </param>
            <param index="3">
              <value>
                <![CDATA[Verify order list view Cds kds]]>
              </value>
            </param>
            <param index="4">
              <value>
                <![CDATA[post]]>
              </value>
            </param>
            <param index="5">
              <value>
                <![CDATA[{
    "outlet_id": "1"
}]]>
              </value>
            </param>
            <param index="6">
              <value>
                <![CDATA[]]>
              </value>
            </param>
            <param index="7">
              <value>
                <![CDATA[200]]>
              </value>
            </param>
          </params>
          <exception class="com.menumitra.utilityclass.customException">
            <message>
              <![CDATA[Error in order list view cdskds test: JSONObject["order_status"] not found.]]>
            </message>
            <full-stacktrace>
              <![CDATA[com.menumitra.utilityclass.customException: Error in order list view cdskds test: JSONObject["order_status"] not found.
	at com.menumitratCommonAPITestScript.OrderListViewCdskdsTestScript.orderListViewCdskdsTest(OrderListViewCdskdsTestScript.java:367)
	at java.base/jdk.internal.reflect.DirectMethodHandleAccessor.invoke(DirectMethodHandleAccessor.java:103)
	at java.base/java.lang.reflect.Method.invoke(Method.java:580)
	at org.testng.internal.MethodInvocationHelper.invokeMethod(MethodInvocationHelper.java:86)
	at org.testng.internal.Invoker.invokeMethod(Invoker.java:643)
	at org.testng.internal.Invoker.invokeTestMethod(Invoker.java:820)
	at org.testng.internal.Invoker.invokeTestMethods(Invoker.java:1128)
	at org.testng.internal.TestMethodWorker.invokeTestMethods(TestMethodWorker.java:129)
	at org.testng.internal.TestMethodWorker.run(TestMethodWorker.java:112)
	at java.base/java.util.concurrent.ThreadPoolExecutor.runWorker(ThreadPoolExecutor.java:1144)
	at java.base/java.util.concurrent.ThreadPoolExecutor$Worker.run(ThreadPoolExecutor.java:642)
	at java.base/java.lang.Thread.run(Thread.java:1583)
]]>
            </full-stacktrace>
          </exception> <!-- com.menumitra.utilityclass.customException -->
          <reporter-output>
          </reporter-output>
        </test-method> <!-- orderListViewCdskdsTest -->
      </class> <!-- com.menumitratCommonAPITestScript.OrderListViewCdskdsTestScript -->
      <class name="com.menumitratCommonAPITestScript.GetStaffListWithRole">
        <test-method is-config="true" signature="getStaffListWithRoleSetUp()[pri:0, instance:com.menumitratCommonAPITestScript.GetStaffListWithRole@3daf7722]" started-at="2025-05-23T00:05:10Z" name="getStaffListWithRoleSetUp" finished-at="2025-05-23T00:05:10Z" duration-ms="0" status="FAIL">
          <exception class="com.menumitra.utilityclass.customException">
            <message>
              <![CDATA[Error in staff list with role setup: Error in getting staff list with role URL: Unexpected error occurred while reading excel sheet No valid entries or contents found, this is not a valid OOXML (Office Open XML) file]]>
            </message>
            <full-stacktrace>
              <![CDATA[com.menumitra.utilityclass.customException: Error in staff list with role setup: Error in getting staff list with role URL: Unexpected error occurred while reading excel sheet No valid entries or contents found, this is not a valid OOXML (Office Open XML) file
	at com.menumitratCommonAPITestScript.GetStaffListWithRole.getStaffListWithRoleSetUp(GetStaffListWithRole.java:88)
	at java.base/jdk.internal.reflect.DirectMethodHandleAccessor.invoke(DirectMethodHandleAccessor.java:103)
	at java.base/java.lang.reflect.Method.invoke(Method.java:580)
	at org.testng.internal.MethodInvocationHelper.invokeMethod(MethodInvocationHelper.java:86)
	at org.testng.internal.Invoker.invokeConfigurationMethod(Invoker.java:514)
	at org.testng.internal.Invoker.invokeConfigurations(Invoker.java:215)
	at org.testng.internal.Invoker.invokeConfigurations(Invoker.java:142)
	at org.testng.internal.TestMethodWorker.invokeBeforeClassMethods(TestMethodWorker.java:178)
	at org.testng.internal.TestMethodWorker.run(TestMethodWorker.java:108)
	at java.base/java.util.concurrent.ThreadPoolExecutor.runWorker(ThreadPoolExecutor.java:1144)
	at java.base/java.util.concurrent.ThreadPoolExecutor$Worker.run(ThreadPoolExecutor.java:642)
	at java.base/java.lang.Thread.run(Thread.java:1583)
]]>
            </full-stacktrace>
          </exception> <!-- com.menumitra.utilityclass.customException -->
          <reporter-output>
          </reporter-output>
        </test-method> <!-- getStaffListWithRoleSetUp -->
        <test-method signature="getStaffListWithRoleTest(java.lang.String, java.lang.String, java.lang.String, java.lang.String, java.lang.String, java.lang.String, java.lang.String, java.lang.String)[pri:0, instance:com.menumitratCommonAPITestScript.GetStaffListWithRole@3daf7722]" started-at="2025-05-23T00:05:14Z" name="getStaffListWithRoleTest" data-provider="getStaffListWithRoleData" finished-at="2025-05-23T00:05:14Z" duration-ms="0" status="SKIP">
          <exception class="java.lang.RuntimeException">
            <message>
              <![CDATA[com.menumitra.utilityclass.customException: Error in getting staff list with role test data: Unexpected error occurred while reading excel sheet: Cannot get a NUMERIC value from a STRING cell]]>
            </message>
            <full-stacktrace>
              <![CDATA[java.lang.RuntimeException: com.menumitra.utilityclass.customException: Error in getting staff list with role test data: Unexpected error occurred while reading excel sheet: Cannot get a NUMERIC value from a STRING cell
	at org.testng.internal.MethodInvocationHelper.invokeDataProvider(MethodInvocationHelper.java:163)
	at org.testng.internal.Parameters.handleParameters(Parameters.java:430)
	at org.testng.internal.Invoker.handleParameters(Invoker.java:1274)
	at org.testng.internal.Invoker.createParameters(Invoker.java:989)
	at org.testng.internal.Invoker.invokeTestMethods(Invoker.java:1079)
	at org.testng.internal.TestMethodWorker.invokeTestMethods(TestMethodWorker.java:129)
	at org.testng.internal.TestMethodWorker.run(TestMethodWorker.java:112)
	at java.base/java.util.concurrent.ThreadPoolExecutor.runWorker(ThreadPoolExecutor.java:1144)
	at java.base/java.util.concurrent.ThreadPoolExecutor$Worker.run(ThreadPoolExecutor.java:642)
	at java.base/java.lang.Thread.run(Thread.java:1583)
Caused by: com.menumitra.utilityclass.customException: Error in getting staff list with role test data: Unexpected error occurred while reading excel sheet: Cannot get a NUMERIC value from a STRING cell
	at com.menumitratCommonAPITestScript.GetStaffListWithRole.getStaffListWithRoleData(GetStaffListWithRole.java:168)
	at java.base/jdk.internal.reflect.DirectMethodHandleAccessor.invoke(DirectMethodHandleAccessor.java:103)
	at java.base/java.lang.reflect.Method.invoke(Method.java:580)
	at org.testng.internal.MethodInvocationHelper.invokeMethod(MethodInvocationHelper.java:86)
	at org.testng.internal.MethodInvocationHelper.invokeDataProvider(MethodInvocationHelper.java:137)
	... 9 more
]]>
            </full-stacktrace>
          </exception> <!-- java.lang.RuntimeException -->
          <reporter-output>
          </reporter-output>
        </test-method> <!-- getStaffListWithRoleTest -->
      </class> <!-- com.menumitratCommonAPITestScript.GetStaffListWithRole -->
      <class name="com.menumitratCommonAPITestScript.StaffViewTestScript">
        <test-method is-config="true" signature="staffviewsetUp()[pri:0, instance:com.menumitratCommonAPITestScript.StaffViewTestScript@6ccdb29f]" started-at="2025-05-23T00:05:19Z" name="staffviewsetUp" finished-at="2025-05-23T00:05:20Z" duration-ms="665" status="PASS">
          <reporter-output>
          </reporter-output>
        </test-method> <!-- staffviewsetUp -->
        <test-method signature="verifyStaffView(java.lang.String, java.lang.String, java.lang.String, java.lang.String, java.lang.String, java.lang.String, java.lang.String, java.lang.String)[pri:0, instance:com.menumitratCommonAPITestScript.StaffViewTestScript@6ccdb29f]" started-at="2025-05-23T00:05:20Z" name="verifyStaffView" data-provider="getstaffviewValidData" finished-at="2025-05-23T00:05:20Z" duration-ms="109" status="PASS">
          <params>
            <param index="0">
              <value>
                <![CDATA[staffview]]>
              </value>
            </param>
            <param index="1">
              <value>
                <![CDATA[staffview_001]]>
              </value>
            </param>
            <param index="2">
              <value>
                <![CDATA[positive]]>
              </value>
            </param>
            <param index="3">
              <value>
                <![CDATA[verify staff view using valid data]]>
              </value>
            </param>
            <param index="4">
              <value>
                <![CDATA[post]]>
              </value>
            </param>
            <param index="5">
              <value>
                <![CDATA[{
    "staff_id": 1,
    "outlet_id": 1
}]]>
              </value>
            </param>
            <param index="6">
              <value>
                <![CDATA[]]>
              </value>
            </param>
            <param index="7">
              <value>
                <![CDATA[200]]>
              </value>
            </param>
          </params>
          <reporter-output>
          </reporter-output>
        </test-method> <!-- verifyStaffView -->
        <test-method signature="verifyStaffViewNegative(java.lang.String, java.lang.String, java.lang.String, java.lang.String, java.lang.String, java.lang.String, java.lang.String, java.lang.String)[pri:0, instance:com.menumitratCommonAPITestScript.StaffViewTestScript@6ccdb29f]" started-at="2025-05-23T00:05:20Z" name="verifyStaffViewNegative" data-provider="getstaffviewNegativeData" finished-at="2025-05-23T00:05:20Z" duration-ms="93" status="PASS">
          <params>
            <param index="0">
              <value>
                <![CDATA[staffview]]>
              </value>
            </param>
            <param index="1">
              <value>
                <![CDATA[staffview_002]]>
              </value>
            </param>
            <param index="2">
              <value>
                <![CDATA[negative]]>
              </value>
            </param>
            <param index="3">
              <value>
                <![CDATA[Invalid staff view with missing data]]>
              </value>
            </param>
            <param index="4">
              <value>
                <![CDATA[post]]>
              </value>
            </param>
            <param index="5">
              <value>
                <![CDATA[{ "staff_id": "", "outlet_id": 1}]]>
              </value>
            </param>
            <param index="6">
              <value>
                <![CDATA[{"detail":"staff_id is required"}]]>
              </value>
            </param>
            <param index="7">
              <value>
                <![CDATA[400]]>
              </value>
            </param>
          </params>
          <reporter-output>
          </reporter-output>
        </test-method> <!-- verifyStaffViewNegative -->
      </class> <!-- com.menumitratCommonAPITestScript.StaffViewTestScript -->
      <class name="com.menumitratCommonAPITestScript.GetVegOrNonVegList">
        <test-method is-config="true" signature="getVegOrNonVegListSetUp()[pri:0, instance:com.menumitratCommonAPITestScript.GetVegOrNonVegList@1c93f6e1]" started-at="2025-05-23T00:05:18Z" name="getVegOrNonVegListSetUp" finished-at="2025-05-23T00:05:18Z" duration-ms="434" status="PASS">
          <reporter-output>
          </reporter-output>
        </test-method> <!-- getVegOrNonVegListSetUp -->
        <test-method signature="verifyVegOrNonVegList(java.lang.String, java.lang.String, java.lang.String, java.lang.String, java.lang.String, java.lang.String, java.lang.String, java.lang.String)[pri:0, instance:com.menumitratCommonAPITestScript.GetVegOrNonVegList@1c93f6e1]" started-at="2025-05-23T00:05:18Z" name="verifyVegOrNonVegList" data-provider="getVegOrNonVegListData" finished-at="2025-05-23T00:05:18Z" duration-ms="140" status="PASS">
          <params>
            <param index="0">
              <value>
                <![CDATA[getvegornonveglist]]>
              </value>
            </param>
            <param index="1">
              <value>
                <![CDATA[getvegornonveglist_001]]>
              </value>
            </param>
            <param index="2">
              <value>
                <![CDATA[positive]]>
              </value>
            </param>
            <param index="3">
              <value>
                <![CDATA[verify Get Veg or non veg list]]>
              </value>
            </param>
            <param index="4">
              <value>
                <![CDATA[get]]>
              </value>
            </param>
            <param index="5">
              <value>
                <![CDATA[]]>
              </value>
            </param>
            <param index="6">
              <value>
                <![CDATA[]]>
              </value>
            </param>
            <param index="7">
              <value>
                <![CDATA[200]]>
              </value>
            </param>
          </params>
          <reporter-output>
          </reporter-output>
        </test-method> <!-- verifyVegOrNonVegList -->
      </class> <!-- com.menumitratCommonAPITestScript.GetVegOrNonVegList -->
      <class name="com.menumitratCommonAPITestScript.UpdateTemplatesTestScript">
        <test-method is-config="true" signature="setup()[pri:0, instance:com.menumitratCommonAPITestScript.UpdateTemplatesTestScript@78641d23]" started-at="2025-05-23T00:05:10Z" name="setup" finished-at="2025-05-23T00:05:10Z" duration-ms="0" status="FAIL">
          <exception class="com.menumitra.utilityclass.customException">
            <message>
              <![CDATA[Error during setup: Error While Reading Update Templates API endpoint data from Excel sheet]]>
            </message>
            <full-stacktrace>
              <![CDATA[com.menumitra.utilityclass.customException: Error during setup: Error While Reading Update Templates API endpoint data from Excel sheet
	at com.menumitratCommonAPITestScript.UpdateTemplatesTestScript.setup(UpdateTemplatesTestScript.java:143)
	at java.base/jdk.internal.reflect.DirectMethodHandleAccessor.invoke(DirectMethodHandleAccessor.java:103)
	at java.base/java.lang.reflect.Method.invoke(Method.java:580)
	at org.testng.internal.MethodInvocationHelper.invokeMethod(MethodInvocationHelper.java:86)
	at org.testng.internal.Invoker.invokeConfigurationMethod(Invoker.java:514)
	at org.testng.internal.Invoker.invokeConfigurations(Invoker.java:215)
	at org.testng.internal.Invoker.invokeConfigurations(Invoker.java:142)
	at org.testng.internal.TestMethodWorker.invokeBeforeClassMethods(TestMethodWorker.java:178)
	at org.testng.internal.TestMethodWorker.run(TestMethodWorker.java:108)
	at java.base/java.util.concurrent.ThreadPoolExecutor.runWorker(ThreadPoolExecutor.java:1144)
	at java.base/java.util.concurrent.ThreadPoolExecutor$Worker.run(ThreadPoolExecutor.java:642)
	at java.base/java.lang.Thread.run(Thread.java:1583)
]]>
            </full-stacktrace>
          </exception> <!-- com.menumitra.utilityclass.customException -->
          <reporter-output>
          </reporter-output>
        </test-method> <!-- setup -->
        <test-method signature="updateTemplatesUsingValidInputData(java.lang.String, java.lang.String, java.lang.String, java.lang.String, java.lang.String, java.lang.String, java.lang.String, java.lang.String)[pri:0, instance:com.menumitratCommonAPITestScript.UpdateTemplatesTestScript@78641d23]" started-at="2025-05-23T00:05:14Z" name="updateTemplatesUsingValidInputData" data-provider="getUpdateTemplatesData" finished-at="2025-05-23T00:05:14Z" duration-ms="0" status="SKIP">
          <exception class="java.lang.RuntimeException">
            <message>
              <![CDATA[com.menumitra.utilityclass.customException: Error while reading update templates test scenario data: Unexpected error occurred while reading excel sheet: Cannot get a NUMERIC value from a STRING cell]]>
            </message>
            <full-stacktrace>
              <![CDATA[java.lang.RuntimeException: com.menumitra.utilityclass.customException: Error while reading update templates test scenario data: Unexpected error occurred while reading excel sheet: Cannot get a NUMERIC value from a STRING cell
	at org.testng.internal.MethodInvocationHelper.invokeDataProvider(MethodInvocationHelper.java:163)
	at org.testng.internal.Parameters.handleParameters(Parameters.java:430)
	at org.testng.internal.Invoker.handleParameters(Invoker.java:1274)
	at org.testng.internal.Invoker.createParameters(Invoker.java:989)
	at org.testng.internal.Invoker.invokeTestMethods(Invoker.java:1079)
	at org.testng.internal.TestMethodWorker.invokeTestMethods(TestMethodWorker.java:129)
	at org.testng.internal.TestMethodWorker.run(TestMethodWorker.java:112)
	at java.base/java.util.concurrent.ThreadPoolExecutor.runWorker(ThreadPoolExecutor.java:1144)
	at java.base/java.util.concurrent.ThreadPoolExecutor$Worker.run(ThreadPoolExecutor.java:642)
	at java.base/java.lang.Thread.run(Thread.java:1583)
Caused by: com.menumitra.utilityclass.customException: Error while reading update templates test scenario data: Unexpected error occurred while reading excel sheet: Cannot get a NUMERIC value from a STRING cell
	at com.menumitratCommonAPITestScript.UpdateTemplatesTestScript.getUpdateTemplatesData(UpdateTemplatesTestScript.java:99)
	at java.base/jdk.internal.reflect.DirectMethodHandleAccessor.invoke(DirectMethodHandleAccessor.java:103)
	at java.base/java.lang.reflect.Method.invoke(Method.java:580)
	at org.testng.internal.MethodInvocationHelper.invokeMethod(MethodInvocationHelper.java:86)
	at org.testng.internal.MethodInvocationHelper.invokeDataProvider(MethodInvocationHelper.java:137)
	... 9 more
]]>
            </full-stacktrace>
          </exception> <!-- java.lang.RuntimeException -->
          <reporter-output>
          </reporter-output>
        </test-method> <!-- updateTemplatesUsingValidInputData -->
        <test-method is-config="true" signature="tearDown()[pri:0, instance:com.menumitratCommonAPITestScript.UpdateTemplatesTestScript@78641d23]" started-at="2025-05-23T00:05:14Z" name="tearDown" finished-at="2025-05-23T00:05:14Z" duration-ms="0" status="SKIP">
          <reporter-output>
          </reporter-output>
        </test-method> <!-- tearDown -->
      </class> <!-- com.menumitratCommonAPITestScript.UpdateTemplatesTestScript -->
      <class name="com.menumitratCommonAPITestScript.WaiterCreateTestScript">
        <test-method is-config="true" signature="waiterCreateSetUp()[pri:0, instance:com.menumitratCommonAPITestScript.WaiterCreateTestScript@146dfe6]" started-at="2025-05-23T00:05:14Z" name="waiterCreateSetUp" finished-at="2025-05-23T00:05:15Z" duration-ms="545" status="PASS">
          <reporter-output>
          </reporter-output>
        </test-method> <!-- waiterCreateSetUp -->
        <test-method signature="verifyWaiterCreate(java.lang.String, java.lang.String, java.lang.String, java.lang.String, java.lang.String, java.lang.String, java.lang.String, java.lang.String)[pri:0, instance:com.menumitratCommonAPITestScript.WaiterCreateTestScript@146dfe6]" started-at="2025-05-23T00:05:15Z" name="verifyWaiterCreate" data-provider="getWaiterCreateData" finished-at="2025-05-23T00:05:15Z" duration-ms="0" status="SKIP">
          <exception class="java.lang.RuntimeException">
            <message>
              <![CDATA[com.menumitra.utilityclass.customException: Error in getWaiterCreateData: Unexpected error occurred while reading excel sheet: Cannot get a STRING value from a NUMERIC cell]]>
            </message>
            <full-stacktrace>
              <![CDATA[java.lang.RuntimeException: com.menumitra.utilityclass.customException: Error in getWaiterCreateData: Unexpected error occurred while reading excel sheet: Cannot get a STRING value from a NUMERIC cell
	at org.testng.internal.MethodInvocationHelper.invokeDataProvider(MethodInvocationHelper.java:163)
	at org.testng.internal.Parameters.handleParameters(Parameters.java:430)
	at org.testng.internal.Invoker.handleParameters(Invoker.java:1274)
	at org.testng.internal.Invoker.createParameters(Invoker.java:989)
	at org.testng.internal.Invoker.invokeTestMethods(Invoker.java:1079)
	at org.testng.internal.TestMethodWorker.invokeTestMethods(TestMethodWorker.java:129)
	at org.testng.internal.TestMethodWorker.run(TestMethodWorker.java:112)
	at java.base/java.util.concurrent.ThreadPoolExecutor.runWorker(ThreadPoolExecutor.java:1144)
	at java.base/java.util.concurrent.ThreadPoolExecutor$Worker.run(ThreadPoolExecutor.java:642)
	at java.base/java.lang.Thread.run(Thread.java:1583)
Caused by: com.menumitra.utilityclass.customException: Error in getWaiterCreateData: Unexpected error occurred while reading excel sheet: Cannot get a STRING value from a NUMERIC cell
	at com.menumitratCommonAPITestScript.WaiterCreateTestScript.getWaiterCreateData(WaiterCreateTestScript.java:185)
	at java.base/jdk.internal.reflect.DirectMethodHandleAccessor.invoke(DirectMethodHandleAccessor.java:103)
	at java.base/java.lang.reflect.Method.invoke(Method.java:580)
	at org.testng.internal.MethodInvocationHelper.invokeMethod(MethodInvocationHelper.java:86)
	at org.testng.internal.MethodInvocationHelper.invokeDataProvider(MethodInvocationHelper.java:137)
	... 9 more
]]>
            </full-stacktrace>
          </exception> <!-- java.lang.RuntimeException -->
          <reporter-output>
          </reporter-output>
        </test-method> <!-- verifyWaiterCreate -->
      </class> <!-- com.menumitratCommonAPITestScript.WaiterCreateTestScript -->
      <class name="com.menumitratCommonAPITestScript.ActivityLogTestScript">
        <test-method is-config="true" signature="setup()[pri:0, instance:com.menumitratCommonAPITestScript.ActivityLogTestScript@6c2c1385]" started-at="2025-05-23T00:05:10Z" name="setup" finished-at="2025-05-23T00:05:10Z" duration-ms="0" status="FAIL">
          <exception class="com.menumitra.utilityclass.customException">
            <message>
              <![CDATA[Error during setup: Error While Reading Activity Log API endpoint data from Excel sheet]]>
            </message>
            <full-stacktrace>
              <![CDATA[com.menumitra.utilityclass.customException: Error during setup: Error While Reading Activity Log API endpoint data from Excel sheet
	at com.menumitratCommonAPITestScript.ActivityLogTestScript.setup(ActivityLogTestScript.java:152)
	at java.base/jdk.internal.reflect.DirectMethodHandleAccessor.invoke(DirectMethodHandleAccessor.java:103)
	at java.base/java.lang.reflect.Method.invoke(Method.java:580)
	at org.testng.internal.MethodInvocationHelper.invokeMethod(MethodInvocationHelper.java:86)
	at org.testng.internal.Invoker.invokeConfigurationMethod(Invoker.java:514)
	at org.testng.internal.Invoker.invokeConfigurations(Invoker.java:215)
	at org.testng.internal.Invoker.invokeConfigurations(Invoker.java:142)
	at org.testng.internal.TestMethodWorker.invokeBeforeClassMethods(TestMethodWorker.java:178)
	at org.testng.internal.TestMethodWorker.run(TestMethodWorker.java:108)
	at java.base/java.util.concurrent.ThreadPoolExecutor.runWorker(ThreadPoolExecutor.java:1144)
	at java.base/java.util.concurrent.ThreadPoolExecutor$Worker.run(ThreadPoolExecutor.java:642)
	at java.base/java.lang.Thread.run(Thread.java:1583)
]]>
            </full-stacktrace>
          </exception> <!-- com.menumitra.utilityclass.customException -->
          <reporter-output>
          </reporter-output>
        </test-method> <!-- setup -->
        <test-method signature="activityLogTest(java.lang.String, java.lang.String, java.lang.String, java.lang.String, java.lang.String, java.lang.String, java.lang.String, java.lang.String)[pri:0, instance:com.menumitratCommonAPITestScript.ActivityLogTestScript@6c2c1385]" started-at="2025-05-23T00:05:14Z" name="activityLogTest" data-provider="getActivityLogData" finished-at="2025-05-23T00:05:14Z" duration-ms="0" status="SKIP">
          <exception class="java.lang.RuntimeException">
            <message>
              <![CDATA[com.menumitra.utilityclass.customException: Error while reading activity log test scenario data: Unexpected error occurred while reading excel sheet: Cannot get a STRING value from a NUMERIC cell]]>
            </message>
            <full-stacktrace>
              <![CDATA[java.lang.RuntimeException: com.menumitra.utilityclass.customException: Error while reading activity log test scenario data: Unexpected error occurred while reading excel sheet: Cannot get a STRING value from a NUMERIC cell
	at org.testng.internal.MethodInvocationHelper.invokeDataProvider(MethodInvocationHelper.java:163)
	at org.testng.internal.Parameters.handleParameters(Parameters.java:430)
	at org.testng.internal.Invoker.handleParameters(Invoker.java:1274)
	at org.testng.internal.Invoker.createParameters(Invoker.java:989)
	at org.testng.internal.Invoker.invokeTestMethods(Invoker.java:1079)
	at org.testng.internal.TestMethodWorker.invokeTestMethods(TestMethodWorker.java:129)
	at org.testng.internal.TestMethodWorker.run(TestMethodWorker.java:112)
	at java.base/java.util.concurrent.ThreadPoolExecutor.runWorker(ThreadPoolExecutor.java:1144)
	at java.base/java.util.concurrent.ThreadPoolExecutor$Worker.run(ThreadPoolExecutor.java:642)
	at java.base/java.lang.Thread.run(Thread.java:1583)
Caused by: com.menumitra.utilityclass.customException: Error while reading activity log test scenario data: Unexpected error occurred while reading excel sheet: Cannot get a STRING value from a NUMERIC cell
	at com.menumitratCommonAPITestScript.ActivityLogTestScript.getActivityLogData(ActivityLogTestScript.java:104)
	at java.base/jdk.internal.reflect.DirectMethodHandleAccessor.invoke(DirectMethodHandleAccessor.java:103)
	at java.base/java.lang.reflect.Method.invoke(Method.java:580)
	at org.testng.internal.MethodInvocationHelper.invokeMethod(MethodInvocationHelper.java:86)
	at org.testng.internal.MethodInvocationHelper.invokeDataProvider(MethodInvocationHelper.java:137)
	... 9 more
]]>
            </full-stacktrace>
          </exception> <!-- java.lang.RuntimeException -->
          <reporter-output>
          </reporter-output>
        </test-method> <!-- activityLogTest -->
      </class> <!-- com.menumitratCommonAPITestScript.ActivityLogTestScript -->
      <class name="com.menumitratCommonAPITestScript.MenuCategoryCreateTestScript">
        <test-method is-config="true" signature="setup()[pri:0, instance:com.menumitratCommonAPITestScript.MenuCategoryCreateTestScript@77102b91]" started-at="2025-05-23T00:05:28Z" name="setup" finished-at="2025-05-23T00:05:28Z" duration-ms="227" status="PASS">
          <reporter-output>
          </reporter-output>
        </test-method> <!-- setup -->
        <test-method signature="createMenuCategoryUsingValidInputData(java.lang.String, java.lang.String, java.lang.String, java.lang.String, java.lang.String, java.lang.String, java.lang.String, java.lang.String)[pri:0, instance:com.menumitratCommonAPITestScript.MenuCategoryCreateTestScript@77102b91]" started-at="2025-05-23T00:05:28Z" name="createMenuCategoryUsingValidInputData" data-provider="getMenuCategoryCreateData" finished-at="2025-05-23T00:05:29Z" duration-ms="1156" status="PASS">
          <params>
            <param index="0">
              <value>
                <![CDATA[menucategorycreate]]>
              </value>
            </param>
            <param index="1">
              <value>
                <![CDATA[menucategorycreate_001]]>
              </value>
            </param>
            <param index="2">
              <value>
                <![CDATA[positive]]>
              </value>
            </param>
            <param index="3">
              <value>
                <![CDATA[verify menu category create]]>
              </value>
            </param>
            <param index="4">
              <value>
                <![CDATA[post]]>
              </value>
            </param>
            <param index="5">
              <value>
                <![CDATA[{

"outlet_id":"1",
"category_name":"south Indian",
"image":"C:\Users\hp\Downloads\menus\medu vada.jpg",
"user_id": "2"

}]]>
              </value>
            </param>
            <param index="6">
              <value>
                <![CDATA[{
    "st": 1,
    "msg": "success"
}]]>
              </value>
            </param>
            <param index="7">
              <value>
                <![CDATA[200]]>
              </value>
            </param>
          </params>
          <reporter-output>
          </reporter-output>
        </test-method> <!-- createMenuCategoryUsingValidInputData -->
        <test-method is-config="true" signature="tearDown()[pri:0, instance:com.menumitratCommonAPITestScript.MenuCategoryCreateTestScript@77102b91]" started-at="2025-05-23T00:05:29Z" name="tearDown" finished-at="2025-05-23T00:05:29Z" duration-ms="5" status="PASS">
          <reporter-output>
          </reporter-output>
        </test-method> <!-- tearDown -->
      </class> <!-- com.menumitratCommonAPITestScript.MenuCategoryCreateTestScript -->
      <class name="com.menumitratCommonAPITestScript.MenuCategoryUpdateTestScript">
        <test-method is-config="true" signature="setup()[pri:0, instance:com.menumitratCommonAPITestScript.MenuCategoryUpdateTestScript@60df60da]" started-at="2025-05-23T00:05:17Z" name="setup" finished-at="2025-05-23T00:05:17Z" duration-ms="313" status="PASS">
          <reporter-output>
          </reporter-output>
        </test-method> <!-- setup -->
        <test-method signature="menuCategoryUpdateNegativeTest(java.lang.String, java.lang.String, java.lang.String, java.lang.String, java.lang.String, java.lang.String, java.lang.String, java.lang.String)[pri:0, instance:com.menumitratCommonAPITestScript.MenuCategoryUpdateTestScript@60df60da]" started-at="2025-05-23T00:05:17Z" name="menuCategoryUpdateNegativeTest" data-provider="getMenuCategoryUpdateNegativeData" finished-at="2025-05-23T00:05:18Z" duration-ms="402" status="PASS">
          <params>
            <param index="0">
              <value>
                <![CDATA[menucategoryupdate]]>
              </value>
            </param>
            <param index="1">
              <value>
                <![CDATA[menucategoryupdate_002]]>
              </value>
            </param>
            <param index="2">
              <value>
                <![CDATA[negative]]>
              </value>
            </param>
            <param index="3">
              <value>
                <![CDATA[Invalid menu_cat_id with missing or incorrect fields]]>
              </value>
            </param>
            <param index="4">
              <value>
                <![CDATA[patch]]>
              </value>
            </param>
            <param index="5">
              <value>
                <![CDATA[{

"outlet_id":"1",
"menu_cat_id":"",
"user_id":"2",
"category_name":"Gujrati",
"food_type":"veg",
"image":""

}]]>
              </value>
            </param>
            <param index="6">
              <value>
                <![CDATA[{ "detail": "Menu_cat_id must be a number" }]]>
              </value>
            </param>
            <param index="7">
              <value>
                <![CDATA[400]]>
              </value>
            </param>
          </params>
          <reporter-output>
          </reporter-output>
        </test-method> <!-- menuCategoryUpdateNegativeTest -->
        <test-method signature="menuCategoryUpdateNegativeTest(java.lang.String, java.lang.String, java.lang.String, java.lang.String, java.lang.String, java.lang.String, java.lang.String, java.lang.String)[pri:0, instance:com.menumitratCommonAPITestScript.MenuCategoryUpdateTestScript@60df60da]" started-at="2025-05-23T00:05:18Z" name="menuCategoryUpdateNegativeTest" data-provider="getMenuCategoryUpdateNegativeData" finished-at="2025-05-23T00:05:18Z" duration-ms="67" status="PASS">
          <params>
            <param index="0">
              <value>
                <![CDATA[menucategoryupdate]]>
              </value>
            </param>
            <param index="1">
              <value>
                <![CDATA[menucategoryupdate_004]]>
              </value>
            </param>
            <param index="2">
              <value>
                <![CDATA[negative]]>
              </value>
            </param>
            <param index="3">
              <value>
                <![CDATA[category_name ]]>
              </value>
            </param>
            <param index="4">
              <value>
                <![CDATA[patch]]>
              </value>
            </param>
            <param index="5">
              <value>
                <![CDATA[{

"outlet_id":"1",
"menu_cat_id":"demo",
"user_id":"",
"category_name":"",
"food_type":"veg",
"image":""

}]]>
              </value>
            </param>
            <param index="6">
              <value>
                <![CDATA[{ "detail": "Menu_cat_id must be a number" }]]>
              </value>
            </param>
            <param index="7">
              <value>
                <![CDATA[400]]>
              </value>
            </param>
          </params>
          <reporter-output>
          </reporter-output>
        </test-method> <!-- menuCategoryUpdateNegativeTest -->
        <test-method is-config="true" signature="tearDown()[pri:0, instance:com.menumitratCommonAPITestScript.MenuCategoryUpdateTestScript@60df60da]" started-at="2025-05-23T00:05:18Z" name="tearDown" finished-at="2025-05-23T00:05:18Z" duration-ms="1" status="PASS">
          <reporter-output>
          </reporter-output>
        </test-method> <!-- tearDown -->
      </class> <!-- com.menumitratCommonAPITestScript.MenuCategoryUpdateTestScript -->
      <class name="com.menumitratCommonAPITestScript.TicketViewTestScript">
        <test-method is-config="true" signature="ticketViewSetUp()[pri:0, instance:com.menumitratCommonAPITestScript.TicketViewTestScript@22f31dec]" started-at="2025-05-23T00:05:26Z" name="ticketViewSetUp" finished-at="2025-05-23T00:05:26Z" duration-ms="208" status="PASS">
          <reporter-output>
          </reporter-output>
        </test-method> <!-- ticketViewSetUp -->
        <test-method signature="ticketViewTest(java.lang.String, java.lang.String, java.lang.String, java.lang.String, java.lang.String, java.lang.String, java.lang.String, java.lang.String)[pri:0, instance:com.menumitratCommonAPITestScript.TicketViewTestScript@22f31dec]" started-at="2025-05-23T00:05:26Z" name="ticketViewTest" data-provider="getTicketViewData" finished-at="2025-05-23T00:05:27Z" duration-ms="853" status="PASS">
          <params>
            <param index="0">
              <value>
                <![CDATA[ticketview]]>
              </value>
            </param>
            <param index="1">
              <value>
                <![CDATA[ticketview_001]]>
              </value>
            </param>
            <param index="2">
              <value>
                <![CDATA[positive]]>
              </value>
            </param>
            <param index="3">
              <value>
                <![CDATA[verfiy Ticket View]]>
              </value>
            </param>
            <param index="4">
              <value>
                <![CDATA[post]]>
              </value>
            </param>
            <param index="5">
              <value>
                <![CDATA[{
    "ticket_id":"4"
}]]>
              </value>
            </param>
            <param index="6">
              <value>
                <![CDATA[{
    "detail": "Ticket details of ticket ID: 2",
    "ticket": {
        "ticket_number": null,
        "title": "Issue with system",
        "description": "The system was not working.",
        "status": "wip",
        "created_on": "02 May 2025 05:40 PM",
        "user_name": "Heena",
        "user_role": "owner",
        "attachment_1": "uploads/tickets/2_1746187816_1.jpg",
        "attachment_2": "uploads/tickets/2_1746187816_2.jpg"
    },
    "chat": [
        {
            "ticket_chat_id": 2,
            "message": "Hello, How can I help you!",
            "flag": "1",
            "created_on": "02-05-2025 05:40 PM",
            "user_name": "Admin",
            "user_role": "admin"
        }
    ]
}]]>
              </value>
            </param>
            <param index="7">
              <value>
                <![CDATA[200]]>
              </value>
            </param>
          </params>
          <reporter-output>
          </reporter-output>
        </test-method> <!-- ticketViewTest -->
      </class> <!-- com.menumitratCommonAPITestScript.TicketViewTestScript -->
      <class name="com.menumitratCommonAPITestScript.CreateOrderTestScript">
        <test-method is-config="true" signature="createOrderSetUp()[pri:0, instance:com.menumitratCommonAPITestScript.CreateOrderTestScript@61fe30]" started-at="2025-05-23T00:05:30Z" name="createOrderSetUp" finished-at="2025-05-23T00:05:30Z" duration-ms="409" status="PASS">
          <reporter-output>
          </reporter-output>
        </test-method> <!-- createOrderSetUp -->
        <test-method signature="createDineInOrder(java.lang.String, java.lang.String, java.lang.String, java.lang.String, java.lang.String, java.lang.String, java.lang.String, java.lang.String)[pri:1, instance:com.menumitratCommonAPITestScript.CreateOrderTestScript@61fe30]" started-at="2025-05-23T00:05:30Z" name="createDineInOrder" data-provider="getDineInOrderData" finished-at="2025-05-23T00:05:31Z" duration-ms="493" status="FAIL">
          <params>
            <param index="0">
              <value>
                <![CDATA[createorderdineIn]]>
              </value>
            </param>
            <param index="1">
              <value>
                <![CDATA[createorder_001]]>
              </value>
            </param>
            <param index="2">
              <value>
                <![CDATA[positive]]>
              </value>
            </param>
            <param index="3">
              <value>
                <![CDATA[Verify create order dine-in]]>
              </value>
            </param>
            <param index="4">
              <value>
                <![CDATA[post]]>
              </value>
            </param>
            <param index="5">
              <value>
                <![CDATA[{
  "outlet_id": "1",
  "user_id": "2",
  "tables": [78],
  "section_id": "17",
  "order_type": "dine-in",
  "payment_method": "upi",
  "order_items": [
    {
      "menu_id": 13,
      "quantity": 21,
      "portion_name": "",
      "comment": "Extra spicy please"
    }
  ],
  "action": "KOT_and_save",
  "customer_name": "John Doe",
  "customer_mobile": "9876543210",
  "customer_address": "123 Main Street, City",
  "customer_alternate_mobile": "8765432109",
  "customer_landmark": "Near Central Park",
  "special_discount": "10.50",
  "charges": "5.00",
  "tip": "20.00"
}]]>
              </value>
            </param>
            <param index="6">
              <value>
                <![CDATA[]]>
              </value>
            </param>
            <param index="7">
              <value>
                <![CDATA[200]]>
              </value>
            </param>
          </params>
          <exception class="com.menumitra.utilityclass.customException">
            <message>
              <![CDATA[Exception in create Dine-In order test: Status code mismatch - Expected: 200, Actual: 400]]>
            </message>
            <full-stacktrace>
              <![CDATA[com.menumitra.utilityclass.customException: Exception in create Dine-In order test: Status code mismatch - Expected: 200, Actual: 400
	at com.menumitratCommonAPITestScript.CreateOrderTestScript.createDineInOrder(CreateOrderTestScript.java:366)
	at java.base/jdk.internal.reflect.DirectMethodHandleAccessor.invoke(DirectMethodHandleAccessor.java:103)
	at java.base/java.lang.reflect.Method.invoke(Method.java:580)
	at org.testng.internal.MethodInvocationHelper.invokeMethod(MethodInvocationHelper.java:86)
	at org.testng.internal.Invoker.invokeMethod(Invoker.java:643)
	at org.testng.internal.Invoker.invokeTestMethod(Invoker.java:820)
	at org.testng.internal.Invoker.invokeTestMethods(Invoker.java:1128)
	at org.testng.internal.TestMethodWorker.invokeTestMethods(TestMethodWorker.java:129)
	at org.testng.internal.TestMethodWorker.run(TestMethodWorker.java:112)
	at java.base/java.util.concurrent.ThreadPoolExecutor.runWorker(ThreadPoolExecutor.java:1144)
	at java.base/java.util.concurrent.ThreadPoolExecutor$Worker.run(ThreadPoolExecutor.java:642)
	at java.base/java.lang.Thread.run(Thread.java:1583)
]]>
            </full-stacktrace>
          </exception> <!-- com.menumitra.utilityclass.customException -->
          <reporter-output>
          </reporter-output>
        </test-method> <!-- createDineInOrder -->
        <test-method signature="createDeliveryOrder(java.lang.String, java.lang.String, java.lang.String, java.lang.String, java.lang.String, java.lang.String, java.lang.String, java.lang.String)[pri:2, instance:com.menumitratCommonAPITestScript.CreateOrderTestScript@61fe30]" started-at="2025-05-23T00:05:31Z" name="createDeliveryOrder" data-provider="getDeliveryOrderData" finished-at="2025-05-23T00:05:31Z" duration-ms="565" status="FAIL">
          <params>
            <param index="0">
              <value>
                <![CDATA[deliveryorder]]>
              </value>
            </param>
            <param index="1">
              <value>
                <![CDATA[]]>
              </value>
            </param>
            <param index="2">
              <value>
                <![CDATA[positive]]>
              </value>
            </param>
            <param index="3">
              <value>
                <![CDATA[Verify create order delivery]]>
              </value>
            </param>
            <param index="4">
              <value>
                <![CDATA[post]]>
              </value>
            </param>
            <param index="5">
              <value>
                <![CDATA[{
  "outlet_id": "1",
  "user_id": "2",
  
  "order_type": "delivery",
  "payment_method": "upi",
  "order_items": [
    {
      "menu_id": 13,
      "quantity": 21,
      "portion_name": "",
      "comment": "Extra spicy please"
    }
  ],
  "action": "KOT_and_save",
  "customer_name": "John Doe",
  "customer_mobile": "9876543210",
  "customer_address": "123 Main Street, City",
  "customer_alternate_mobile": "8765432109",
  "customer_landmark": "Near Central Park",
  "special_discount": "10.50",
  "charges": "5.00",
  "tip": "20.00"
}]]>
              </value>
            </param>
            <param index="6">
              <value>
                <![CDATA[]]>
              </value>
            </param>
            <param index="7">
              <value>
                <![CDATA[200]]>
              </value>
            </param>
          </params>
          <exception class="com.menumitra.utilityclass.customException">
            <message>
              <![CDATA[Exception in create Delivery order test: Status code mismatch - Expected: 200, Actual: 201]]>
            </message>
            <full-stacktrace>
              <![CDATA[com.menumitra.utilityclass.customException: Exception in create Delivery order test: Status code mismatch - Expected: 200, Actual: 201
	at com.menumitratCommonAPITestScript.CreateOrderTestScript.createDeliveryOrder(CreateOrderTestScript.java:475)
	at java.base/jdk.internal.reflect.DirectMethodHandleAccessor.invoke(DirectMethodHandleAccessor.java:103)
	at java.base/java.lang.reflect.Method.invoke(Method.java:580)
	at org.testng.internal.MethodInvocationHelper.invokeMethod(MethodInvocationHelper.java:86)
	at org.testng.internal.Invoker.invokeMethod(Invoker.java:643)
	at org.testng.internal.Invoker.invokeTestMethod(Invoker.java:820)
	at org.testng.internal.Invoker.invokeTestMethods(Invoker.java:1128)
	at org.testng.internal.TestMethodWorker.invokeTestMethods(TestMethodWorker.java:129)
	at org.testng.internal.TestMethodWorker.run(TestMethodWorker.java:112)
	at java.base/java.util.concurrent.ThreadPoolExecutor.runWorker(ThreadPoolExecutor.java:1144)
	at java.base/java.util.concurrent.ThreadPoolExecutor$Worker.run(ThreadPoolExecutor.java:642)
	at java.base/java.lang.Thread.run(Thread.java:1583)
]]>
            </full-stacktrace>
          </exception> <!-- com.menumitra.utilityclass.customException -->
          <reporter-output>
          </reporter-output>
        </test-method> <!-- createDeliveryOrder -->
        <test-method signature="createParcelOrderString(java.lang.String, java.lang.String, java.lang.String, java.lang.String, java.lang.String, java.lang.String, java.lang.String, java.lang.String)[pri:3, instance:com.menumitratCommonAPITestScript.CreateOrderTestScript@61fe30]" started-at="2025-05-23T00:05:31Z" name="createParcelOrderString" data-provider="getParcelOrderData" finished-at="2025-05-23T00:05:32Z" duration-ms="328" status="FAIL">
          <params>
            <param index="0">
              <value>
                <![CDATA[createorderparcel]]>
              </value>
            </param>
            <param index="1">
              <value>
                <![CDATA[createorder_002]]>
              </value>
            </param>
            <param index="2">
              <value>
                <![CDATA[positive]]>
              </value>
            </param>
            <param index="3">
              <value>
                <![CDATA[Verify create order parcel]]>
              </value>
            </param>
            <param index="4">
              <value>
                <![CDATA[post]]>
              </value>
            </param>
            <param index="5">
              <value>
                <![CDATA[{
  "outlet_id": "1",
  "user_id": "2",
  
  "order_type": "parcel",
  "payment_method": "upi",
  "order_items": [
    {
      "menu_id": 13,
      "quantity": 21,
      "portion_name": "",
      "comment": "Extra spicy please"
    }
  ],
  "action": "KOT_and_save",
  "customer_name": "John Doe",
  "customer_mobile": "9876543210",
  "customer_address": "123 Main Street, City",
  "customer_alternate_mobile": "8765432109",
  "customer_landmark": "Near Central Park",
  "special_discount": "10.50",
  "charges": "5.00",
  "tip": "20.00"
}]]>
              </value>
            </param>
            <param index="6">
              <value>
                <![CDATA[]]>
              </value>
            </param>
            <param index="7">
              <value>
                <![CDATA[200]]>
              </value>
            </param>
          </params>
          <exception class="com.menumitra.utilityclass.customException">
            <message>
              <![CDATA[Exception in create Parcel order test: Status code mismatch - Expected: 200, Actual: 201]]>
            </message>
            <full-stacktrace>
              <![CDATA[com.menumitra.utilityclass.customException: Exception in create Parcel order test: Status code mismatch - Expected: 200, Actual: 201
	at com.menumitratCommonAPITestScript.CreateOrderTestScript.createParcelOrderString(CreateOrderTestScript.java:564)
	at java.base/jdk.internal.reflect.DirectMethodHandleAccessor.invoke(DirectMethodHandleAccessor.java:103)
	at java.base/java.lang.reflect.Method.invoke(Method.java:580)
	at org.testng.internal.MethodInvocationHelper.invokeMethod(MethodInvocationHelper.java:86)
	at org.testng.internal.Invoker.invokeMethod(Invoker.java:643)
	at org.testng.internal.Invoker.invokeTestMethod(Invoker.java:820)
	at org.testng.internal.Invoker.invokeTestMethods(Invoker.java:1128)
	at org.testng.internal.TestMethodWorker.invokeTestMethods(TestMethodWorker.java:129)
	at org.testng.internal.TestMethodWorker.run(TestMethodWorker.java:112)
	at java.base/java.util.concurrent.ThreadPoolExecutor.runWorker(ThreadPoolExecutor.java:1144)
	at java.base/java.util.concurrent.ThreadPoolExecutor$Worker.run(ThreadPoolExecutor.java:642)
	at java.base/java.lang.Thread.run(Thread.java:1583)
]]>
            </full-stacktrace>
          </exception> <!-- com.menumitra.utilityclass.customException -->
          <reporter-output>
          </reporter-output>
        </test-method> <!-- createParcelOrderString -->
        <test-method signature="createDriveThroughOrder(java.lang.String, java.lang.String, java.lang.String, java.lang.String, java.lang.String, java.lang.String, java.lang.String, java.lang.String)[pri:4, instance:com.menumitratCommonAPITestScript.CreateOrderTestScript@61fe30]" started-at="2025-05-23T00:05:32Z" name="createDriveThroughOrder" data-provider="getDriveThroughOrderData" finished-at="2025-05-23T00:05:32Z" duration-ms="234" status="FAIL">
          <params>
            <param index="0">
              <value>
                <![CDATA[createorderdrivethrough]]>
              </value>
            </param>
            <param index="1">
              <value>
                <![CDATA[createorder_004]]>
              </value>
            </param>
            <param index="2">
              <value>
                <![CDATA[]]>
              </value>
            </param>
            <param index="3">
              <value>
                <![CDATA[Verify create order drive-through]]>
              </value>
            </param>
            <param index="4">
              <value>
                <![CDATA[post]]>
              </value>
            </param>
            <param index="5">
              <value>
                <![CDATA[{
  "outlet_id": "1",
  "user_id": 2,
  
  "order_type": "drive-through",
  "payment_method": "upi",
  "order_items": [
    {
      "menu_id": 13,
      "quantity": 21,
      "portion_name": "",
      "comment": "Extra spicy please"
    }
  ],
  "action": "KOT_and_save",
  "customer_name": "John Doe",
  "customer_mobile": "9876543210",
  "customer_address": "123 Main Street, City",
  "customer_alternate_mobile": "8765432109",
  "customer_landmark": "Near Central Park",
  "special_discount": "10.50",
  "charges": "5.00",
  "tip": "20.00"
}]]>
              </value>
            </param>
            <param index="6">
              <value>
                <![CDATA[]]>
              </value>
            </param>
            <param index="7">
              <value>
                <![CDATA[200]]>
              </value>
            </param>
          </params>
          <exception class="com.menumitra.utilityclass.customException">
            <message>
              <![CDATA[Exception in create Drive-Through order test: Status code mismatch - Expected: 200, Actual: 201]]>
            </message>
            <full-stacktrace>
              <![CDATA[com.menumitra.utilityclass.customException: Exception in create Drive-Through order test: Status code mismatch - Expected: 200, Actual: 201
	at com.menumitratCommonAPITestScript.CreateOrderTestScript.createDriveThroughOrder(CreateOrderTestScript.java:653)
	at java.base/jdk.internal.reflect.DirectMethodHandleAccessor.invoke(DirectMethodHandleAccessor.java:103)
	at java.base/java.lang.reflect.Method.invoke(Method.java:580)
	at org.testng.internal.MethodInvocationHelper.invokeMethod(MethodInvocationHelper.java:86)
	at org.testng.internal.Invoker.invokeMethod(Invoker.java:643)
	at org.testng.internal.Invoker.invokeTestMethod(Invoker.java:820)
	at org.testng.internal.Invoker.invokeTestMethods(Invoker.java:1128)
	at org.testng.internal.TestMethodWorker.invokeTestMethods(TestMethodWorker.java:129)
	at org.testng.internal.TestMethodWorker.run(TestMethodWorker.java:112)
	at java.base/java.util.concurrent.ThreadPoolExecutor.runWorker(ThreadPoolExecutor.java:1144)
	at java.base/java.util.concurrent.ThreadPoolExecutor$Worker.run(ThreadPoolExecutor.java:642)
	at java.base/java.lang.Thread.run(Thread.java:1583)
]]>
            </full-stacktrace>
          </exception> <!-- com.menumitra.utilityclass.customException -->
          <reporter-output>
          </reporter-output>
        </test-method> <!-- createDriveThroughOrder -->
        <test-method signature="createCounterOrder(java.lang.String, java.lang.String, java.lang.String, java.lang.String, java.lang.String, java.lang.String, java.lang.String, java.lang.String)[pri:5, instance:com.menumitratCommonAPITestScript.CreateOrderTestScript@61fe30]" started-at="2025-05-23T00:05:32Z" name="createCounterOrder" data-provider="getCounterOrderData" finished-at="2025-05-23T00:05:32Z" duration-ms="81" status="FAIL">
          <params>
            <param index="0">
              <value>
                <![CDATA[createordercounter]]>
              </value>
            </param>
            <param index="1">
              <value>
                <![CDATA[createorder_003]]>
              </value>
            </param>
            <param index="2">
              <value>
                <![CDATA[positive]]>
              </value>
            </param>
            <param index="3">
              <value>
                <![CDATA[Verify create order counter]]>
              </value>
            </param>
            <param index="4">
              <value>
                <![CDATA[post]]>
              </value>
            </param>
            <param index="5">
              <value>
                <![CDATA[{
  "outlet_id": "1",
  "user_id": "2",
  
  "order_type": "counter",
  "payment_method": "upi",
  "order_items": [
    {
      "menu_id": 13,
      "quantity": 21,
      "portion_name": "",
      "comment": "Extra spicy please"
    }
  ],
  "action": "KOT_and_save",
  "customer_name": "John Doe",
  "customer_mobile": "9876543210",
  "customer_address": "123 Main Street, City",
  "customer_alternate_mobile": "8765432109",
  "customer_landmark": "Near Central Park",
  "special_discount": "10.50",
  "charges": "5.00",
  "tip": "20.00"
}]]>
              </value>
            </param>
            <param index="6">
              <value>
                <![CDATA[]]>
              </value>
            </param>
            <param index="7">
              <value>
                <![CDATA[200]]>
              </value>
            </param>
          </params>
          <exception class="com.menumitra.utilityclass.customException">
            <message>
              <![CDATA[Exception in create Counter order test: Status code mismatch - Expected: 200, Actual: 201]]>
            </message>
            <full-stacktrace>
              <![CDATA[com.menumitra.utilityclass.customException: Exception in create Counter order test: Status code mismatch - Expected: 200, Actual: 201
	at com.menumitratCommonAPITestScript.CreateOrderTestScript.createCounterOrder(CreateOrderTestScript.java:732)
	at java.base/jdk.internal.reflect.DirectMethodHandleAccessor.invoke(DirectMethodHandleAccessor.java:103)
	at java.base/java.lang.reflect.Method.invoke(Method.java:580)
	at org.testng.internal.MethodInvocationHelper.invokeMethod(MethodInvocationHelper.java:86)
	at org.testng.internal.Invoker.invokeMethod(Invoker.java:643)
	at org.testng.internal.Invoker.invokeTestMethod(Invoker.java:820)
	at org.testng.internal.Invoker.invokeTestMethods(Invoker.java:1128)
	at org.testng.internal.TestMethodWorker.invokeTestMethods(TestMethodWorker.java:129)
	at org.testng.internal.TestMethodWorker.run(TestMethodWorker.java:112)
	at java.base/java.util.concurrent.ThreadPoolExecutor.runWorker(ThreadPoolExecutor.java:1144)
	at java.base/java.util.concurrent.ThreadPoolExecutor$Worker.run(ThreadPoolExecutor.java:642)
	at java.base/java.lang.Thread.run(Thread.java:1583)
]]>
            </full-stacktrace>
          </exception> <!-- com.menumitra.utilityclass.customException -->
          <reporter-output>
          </reporter-output>
        </test-method> <!-- createCounterOrder -->
      </class> <!-- com.menumitratCommonAPITestScript.CreateOrderTestScript -->
      <class name="com.menumitratCommonAPITestScript.SupplierCreateTestScript">
        <test-method is-config="true" signature="setup()[pri:0, instance:com.menumitratCommonAPITestScript.SupplierCreateTestScript@3899782c]" started-at="2025-05-23T00:05:21Z" name="setup" finished-at="2025-05-23T00:05:22Z" duration-ms="283" status="PASS">
          <reporter-output>
          </reporter-output>
        </test-method> <!-- setup -->
        <test-method signature="createSupplier(java.lang.String, java.lang.String, java.lang.String, java.lang.String, java.lang.String, java.lang.String, java.lang.String, java.lang.String)[pri:0, instance:com.menumitratCommonAPITestScript.SupplierCreateTestScript@3899782c]" started-at="2025-05-23T00:05:22Z" name="createSupplier" data-provider="getSupplierCreateData" finished-at="2025-05-23T00:05:22Z" duration-ms="0" status="SKIP">
          <exception class="java.lang.RuntimeException">
            <message>
              <![CDATA[java.lang.Exception: Error while reading supplier create test scenario data from Excel sheet: Unexpected error occurred while reading excel sheet: Cannot get a NUMERIC value from a STRING cell]]>
            </message>
            <full-stacktrace>
              <![CDATA[java.lang.RuntimeException: java.lang.Exception: Error while reading supplier create test scenario data from Excel sheet: Unexpected error occurred while reading excel sheet: Cannot get a NUMERIC value from a STRING cell
	at org.testng.internal.MethodInvocationHelper.invokeDataProvider(MethodInvocationHelper.java:163)
[...]
	at org.testng.internal.MethodInvocationHelper.invokeDataProvider(MethodInvocationHelper.java:137)
	... 9 more
]]>
            </full-stacktrace>
          </exception> <!-- java.lang.RuntimeException -->
          <reporter-output>
          </reporter-output>
        </test-method> <!-- chefViewTest -->
      </class> <!-- com.menumitratCommonAPITestScript.ChefViewTestScript -->
      <class name="com.menumitratCommonAPITestScript.CheckVersionTestScript">
        <test-method is-config="true" signature="checkVersionSetUp()[pri:0, instance:com.menumitratCommonAPITestScript.CheckVersionTestScript@512baff6]" started-at="2025-05-23T00:05:17Z" name="checkVersionSetUp" finished-at="2025-05-23T00:05:18Z" duration-ms="394" status="PASS">
          <reporter-output>
          </reporter-output>
        </test-method> <!-- checkVersionSetUp -->
        <test-method signature="checkVersionTest(java.lang.String, java.lang.String, java.lang.String, java.lang.String, java.lang.String, java.lang.String, java.lang.String, java.lang.String)[pri:0, instance:com.menumitratCommonAPITestScript.CheckVersionTestScript@512baff6]" started-at="2025-05-23T00:05:18Z" name="checkVersionTest" data-provider="getCheckVersionData" finished-at="2025-05-23T00:05:18Z" duration-ms="0" status="SKIP">
          <exception class="java.lang.RuntimeException">
            <message>
              <![CDATA[com.menumitra.utilityclass.customException: Error in getting check version test data: Unexpected error occurred while reading excel sheet: Cannot get a STRING value from a NUMERIC cell]]>
            </message>
            <full-stacktrace>
              <![CDATA[java.lang.RuntimeException: com.menumitra.utilityclass.customException: Error in getting check version test data: Unexpected error occurred while reading excel sheet: Cannot get a STRING value from a NUMERIC cell
	at org.testng.internal.MethodInvocationHelper.invokeDataProvider(MethodInvocationHelper.java:163)
	at org.testng.internal.Parameters.handleParameters(Parameters.java:430)
	at org.testng.internal.Invoker.handleParameters(Invoker.java:1274)
	at org.testng.internal.Invoker.createParameters(Invoker.java:989)
	at org.testng.internal.Invoker.invokeTestMethods(Invoker.java:1079)
	at org.testng.internal.TestMethodWorker.invokeTestMethods(TestMethodWorker.java:129)
	at org.testng.internal.TestMethodWorker.run(TestMethodWorker.java:112)
	at java.base/java.util.concurrent.ThreadPoolExecutor.runWorker(ThreadPoolExecutor.java:1144)
	at java.base/java.util.concurrent.ThreadPoolExecutor$Worker.run(ThreadPoolExecutor.java:642)
	at java.base/java.lang.Thread.run(Thread.java:1583)
Caused by: com.menumitra.utilityclass.customException: Error in getting check version test data: Unexpected error occurred while reading excel sheet: Cannot get a STRING value from a NUMERIC cell
	at com.menumitratCommonAPITestScript.CheckVersionTestScript.getCheckVersionData(CheckVersionTestScript.java:167)
	at java.base/jdk.internal.reflect.DirectMethodHandleAccessor.invoke(DirectMethodHandleAccessor.java:103)
	at java.base/java.lang.reflect.Method.invoke(Method.java:580)
	at org.testng.internal.MethodInvocationHelper.invokeMethod(MethodInvocationHelper.java:86)
	at org.testng.internal.MethodInvocationHelper.invokeDataProvider(MethodInvocationHelper.java:137)
	... 9 more
]]>
            </full-stacktrace>
          </exception> <!-- java.lang.RuntimeException -->
          <reporter-output>
          </reporter-output>
        </test-method> <!-- checkVersionTest -->
      </class> <!-- com.menumitratCommonAPITestScript.CheckVersionTestScript -->
      <class name="com.menumitratCommonAPITestScript.sectionUpdateTestScript">
        <test-method is-config="true" signature="sectionUpdateSetup()[pri:0, instance:com.menumitratCommonAPITestScript.sectionUpdateTestScript@291a7e3c]" started-at="2025-05-23T00:05:15Z" name="sectionUpdateSetup" finished-at="2025-05-23T00:05:16Z" duration-ms="404" status="PASS">
          <reporter-output>
          </reporter-output>
        </test-method> <!-- sectionUpdateSetup -->
        <test-method signature="sectionUpdateNegativeTest(java.lang.String, java.lang.String, java.lang.String, java.lang.String, java.lang.String, java.lang.String, java.lang.String, java.lang.String)[pri:0, instance:com.menumitratCommonAPITestScript.sectionUpdateTestScript@291a7e3c]" started-at="2025-05-23T00:05:16Z" name="sectionUpdateNegativeTest" data-provider="getSectionUpdateNegativeData" finished-at="2025-05-23T00:05:16Z" duration-ms="152" status="PASS">
          <params>
            <param index="0">
              <value>
                <![CDATA[sectionupdate]]>
              </value>
            </param>
            <param index="1">
              <value>
                <![CDATA[sectionupdate_002]]>
              </value>
            </param>
            <param index="2">
              <value>
                <![CDATA[negative]]>
              </value>
            </param>
            <param index="3">
              <value>
                <![CDATA[Empty section_name value]]>
              </value>
            </param>
            <param index="4">
              <value>
                <![CDATA[patch]]>
              </value>
            </param>
            <param index="5">
              <value>
                <![CDATA[{ "user_id": 2, "section_id": 17, "outlet_id": 1, "section_name": "" }]]>
              </value>
            </param>
            <param index="6">
              <value>
                <![CDATA[{
    "detail": "Please provide section_name"
}]]>
              </value>
            </param>
            <param index="7">
              <value>
                <![CDATA[400]]>
              </value>
            </param>
          </params>
          <reporter-output>
          </reporter-output>
        </test-method> <!-- sectionUpdateNegativeTest -->
        <test-method signature="verifySectionUpdateUsingValidInputData(java.lang.String, java.lang.String, java.lang.String, java.lang.String, java.lang.String, java.lang.String, java.lang.String, java.lang.String)[pri:1, instance:com.menumitratCommonAPITestScript.sectionUpdateTestScript@291a7e3c]" started-at="2025-05-23T00:05:16Z" name="verifySectionUpdateUsingValidInputData" data-provider="getSectionUpdatePositiveInputData" finished-at="2025-05-23T00:05:16Z" duration-ms="77" status="PASS">
          <params>
            <param index="0">
              <value>
                <![CDATA[sectionupdate]]>
              </value>
            </param>
            <param index="1">
              <value>
                <![CDATA[sectionupdate_001]]>
              </value>
            </param>
            <param index="2">
              <value>
                <![CDATA[positive]]>
              </value>
            </param>
            <param index="3">
              <value>
                <![CDATA[Valid section update]]>
              </value>
            </param>
            <param index="4">
              <value>
                <![CDATA[patch]]>
              </value>
            </param>
            <param index="5">
              <value>
                <![CDATA[{  
    "user_id":2,
    "section_id":17,
    "outlet_id": 1,
    "section_name": "Top"
}]]>
              </value>
            </param>
            <param index="6">
              <value>
                <![CDATA[{"detail":"Outlet Section updated successfully"}]]>
              </value>
            </param>
            <param index="7">
              <value>
                <![CDATA[200]]>
              </value>
            </param>
          </params>
          <reporter-output>
          </reporter-output>
        </test-method> <!-- verifySectionUpdateUsingValidInputData -->
        <test-method signature="verifySectionCreateUsingInvalidData(java.lang.String, java.lang.String, java.lang.String, java.lang.String, java.lang.String, java.lang.String, java.lang.String, java.lang.String)[pri:2, instance:com.menumitratCommonAPITestScript.sectionUpdateTestScript@291a7e3c]" started-at="2025-05-23T00:05:16Z" name="verifySectionCreateUsingInvalidData" data-provider="getSectionUpdateNegativeInputData" finished-at="2025-05-23T00:05:16Z" duration-ms="0" status="SKIP">
          <exception class="java.lang.RuntimeException">
            <message>
              <![CDATA[java.lang.Exception: Error reading section update API negative test scenario data]]>
            </message>
            <full-stacktrace>
              <![CDATA[java.lang.RuntimeException: java.lang.Exception: Error reading section update API negative test scenario data
	at org.testng.internal.MethodInvocationHelper.invokeDataProvider(MethodInvocationHelper.java:163)
	at org.testng.internal.Parameters.handleParameters(Parameters.java:430)
	at org.testng.internal.Invoker.handleParameters(Invoker.java:1274)
	at org.testng.internal.Invoker.createParameters(Invoker.java:989)
	at org.testng.internal.Invoker.invokeTestMethods(Invoker.java:1079)
	at org.testng.internal.TestMethodWorker.invokeTestMethods(TestMethodWorker.java:129)
	at org.testng.internal.TestMethodWorker.run(TestMethodWorker.java:112)
	at java.base/java.util.concurrent.ThreadPoolExecutor.runWorker(ThreadPoolExecutor.java:1144)
	at java.base/java.util.concurrent.ThreadPoolExecutor$Worker.run(ThreadPoolExecutor.java:642)
	at java.base/java.lang.Thread.run(Thread.java:1583)
Caused by: java.lang.Exception: Error reading section update API negative test scenario data
	at com.menumitratCommonAPITestScript.sectionUpdateTestScript.getSectionUpdateNegativeInputData(sectionUpdateTestScript.java:151)
	at java.base/jdk.internal.reflect.DirectMethodHandleAccessor.invoke(DirectMethodHandleAccessor.java:103)
	at java.base/java.lang.reflect.Method.invoke(Method.java:580)
	at org.testng.internal.MethodInvocationHelper.invokeMethod(MethodInvocationHelper.java:86)
	at org.testng.internal.MethodInvocationHelper.invokeDataProvider(MethodInvocationHelper.java:137)
	... 9 more
]]>
            </full-stacktrace>
          </exception> <!-- java.lang.RuntimeException -->
          <reporter-output>
          </reporter-output>
        </test-method> <!-- verifySectionCreateUsingInvalidData -->
      </class> <!-- com.menumitratCommonAPITestScript.sectionUpdateTestScript -->
      <class name="com.menumitratCommonAPITestScript.CaptainDeleteTestScript">
        <test-method is-config="true" signature="setup()[pri:0, instance:com.menumitratCommonAPITestScript.CaptainDeleteTestScript@1046d517]" started-at="2025-05-23T00:05:16Z" name="setup" finished-at="2025-05-23T00:05:16Z" duration-ms="393" status="PASS">
          <reporter-output>
          </reporter-output>
        </test-method> <!-- setup -->
        <test-method signature="deleteCaptain(java.lang.String, java.lang.String, java.lang.String, java.lang.String, java.lang.String, java.lang.String, java.lang.String, java.lang.String)[pri:0, instance:com.menumitratCommonAPITestScript.CaptainDeleteTestScript@1046d517]" started-at="2025-05-23T00:05:17Z" name="deleteCaptain" data-provider="getCaptainDeleteData" finished-at="2025-05-23T00:05:17Z" duration-ms="0" status="SKIP">
          <exception class="java.lang.RuntimeException">
            <message>
              <![CDATA[com.menumitra.utilityclass.customException: Error while reading captain delete test scenario data from Excel sheet: Unexpected error occurred while reading excel sheet: Cannot get a NUMERIC value from a STRING cell]]>
            </message>
            <full-stacktrace>
              <![CDATA[java.lang.RuntimeException: com.menumitra.utilityclass.customException: Error while reading captain delete test scenario data from Excel sheet: Unexpected error occurred while reading excel sheet: Cannot get a NUMERIC value from a STRING cell
	at org.testng.internal.MethodInvocationHelper.invokeDataProvider(MethodInvocationHelper.java:163)
	at org.testng.internal.Parameters.handleParameters(Parameters.java:430)
	at org.testng.internal.Invoker.handleParameters(Invoker.java:1274)
	at org.testng.internal.Invoker.createParameters(Invoker.java:989)
	at org.testng.internal.Invoker.invokeTestMethods(Invoker.java:1079)
	at org.testng.internal.TestMethodWorker.invokeTestMethods(TestMethodWorker.java:129)
	at org.testng.internal.TestMethodWorker.run(TestMethodWorker.java:112)
	at java.base/java.util.concurrent.ThreadPoolExecutor.runWorker(ThreadPoolExecutor.java:1144)
	at java.base/java.util.concurrent.ThreadPoolExecutor$Worker.run(ThreadPoolExecutor.java:642)
	at java.base/java.lang.Thread.run(Thread.java:1583)
Caused by: com.menumitra.utilityclass.customException: Error while reading captain delete test scenario data from Excel sheet: Unexpected error occurred while reading excel sheet: Cannot get a NUMERIC value from a STRING cell
	at com.menumitratCommonAPITestScript.CaptainDeleteTestScript.getCaptainDeleteData(CaptainDeleteTestScript.java:105)
	at java.base/jdk.internal.reflect.DirectMethodHandleAccessor.invoke(DirectMethodHandleAccessor.java:103)
	at java.base/java.lang.reflect.Method.invoke(Method.java:580)
	at org.testng.internal.MethodInvocationHelper.invokeMethod(MethodInvocationHelper.java:86)
	at org.testng.internal.MethodInvocationHelper.invokeDataProvider(MethodInvocationHelper.java:137)
	... 9 more
]]>
            </full-stacktrace>
          </exception> <!-- java.lang.RuntimeException -->
          <reporter-output>
          </reporter-output>
        </test-method> <!-- deleteCaptain -->
      </class> <!-- com.menumitratCommonAPITestScript.CaptainDeleteTestScript -->
      <class name="com.menumitratCommonAPITestScript.MenuCategoryViewTestScript">
        <test-method is-config="true" signature="menuCategoryViewSetUp()[pri:0, instance:com.menumitratCommonAPITestScript.MenuCategoryViewTestScript@73cd37c0]" started-at="2025-05-23T00:05:16Z" name="menuCategoryViewSetUp" finished-at="2025-05-23T00:05:17Z" duration-ms="406" status="PASS">
          <reporter-output>
          </reporter-output>
        </test-method> <!-- menuCategoryViewSetUp -->
        <test-method signature="verifyMenuCategoryView(java.lang.String, java.lang.String, java.lang.String, java.lang.String, java.lang.String, java.lang.String, java.lang.String, java.lang.String)[pri:0, instance:com.menumitratCommonAPITestScript.MenuCategoryViewTestScript@73cd37c0]" started-at="2025-05-23T00:05:17Z" name="verifyMenuCategoryView" data-provider="getMenuCategoryViewData" finished-at="2025-05-23T00:05:17Z" duration-ms="84" status="PASS">
          <params>
            <param index="0">
              <value>
                <![CDATA[menucategoryview]]>
              </value>
            </param>
            <param index="1">
              <value>
                <![CDATA[menucategoryview_001]]>
              </value>
            </param>
            <param index="2">
              <value>
                <![CDATA[positive]]>
              </value>
            </param>
            <param index="3">
              <value>
                <![CDATA[verify menu category view]]>
              </value>
            </param>
            <param index="4">
              <value>
                <![CDATA[post]]>
              </value>
            </param>
            <param index="5">
              <value>
                <![CDATA[{
    "outlet_id":"1",
    "menu_cat_id": "5"
}]]>
              </value>
            </param>
            <param index="6">
              <value>
                <![CDATA[]]>
              </value>
            </param>
            <param index="7">
              <value>
                <![CDATA[200]]>
              </value>
            </param>
          </params>
          <reporter-output>
          </reporter-output>
        </test-method> <!-- verifyMenuCategoryView -->
      </class> <!-- com.menumitratCommonAPITestScript.MenuCategoryViewTestScript -->
      <class name="com.menumitratCommonAPITestScript.GetMenuList">
        <test-method is-config="true" signature="menuListSetUp()[pri:0, instance:com.menumitratCommonAPITestScript.GetMenuList@58326051]" started-at="2025-05-23T00:05:25Z" name="menuListSetUp" finished-at="2025-05-23T00:05:25Z" duration-ms="0" status="FAIL">
          <exception class="com.menumitra.utilityclass.customException">
            <message>
              <![CDATA[Error in menu list setup: Error in getMenuListUrl: Unexpected error occurred while reading excel sheet: Cannot get a NUMERIC value from a STRING cell]]>
            </message>
            <full-stacktrace>
              <![CDATA[com.menumitra.utilityclass.customException: Error in menu list setup: Error in getMenuListUrl: Unexpected error occurred while reading excel sheet: Cannot get a NUMERIC value from a STRING cell
	at com.menumitratCommonAPITestScript.GetMenuList.menuListSetUp(GetMenuList.java:94)
	at java.base/jdk.internal.reflect.DirectMethodHandleAccessor.invoke(DirectMethodHandleAccessor.java:103)
	at java.base/java.lang.reflect.Method.invoke(Method.java:580)
	at org.testng.internal.MethodInvocationHelper.invokeMethod(MethodInvocationHelper.java:86)
	at org.testng.internal.Invoker.invokeConfigurationMethod(Invoker.java:514)
	at org.testng.internal.Invoker.invokeConfigurations(Invoker.java:215)
	at org.testng.internal.Invoker.invokeConfigurations(Invoker.java:142)
	at org.testng.internal.TestMethodWorker.invokeBeforeClassMethods(TestMethodWorker.java:178)
	at org.testng.internal.TestMethodWorker.run(TestMethodWorker.java:108)
	at java.base/java.util.concurrent.ThreadPoolExecutor.runWorker(ThreadPoolExecutor.java:1144)
	at java.base/java.util.concurrent.ThreadPoolExecutor$Worker.run(ThreadPoolExecutor.java:642)
	at java.base/java.lang.Thread.run(Thread.java:1583)
]]>
            </full-stacktrace>
          </exception> <!-- com.menumitra.utilityclass.customException -->
          <reporter-output>
          </reporter-output>
        </test-method> <!-- menuListSetUp -->
        <test-method signature="verifyMenuList(java.lang.String, java.lang.String, java.lang.String, java.lang.String, java.lang.String, java.lang.String, java.lang.String, java.lang.String)[pri:0, instance:com.menumitratCommonAPITestScript.GetMenuList@58326051]" started-at="2025-05-23T00:05:25Z" name="verifyMenuList" data-provider="getMenuListData" finished-at="2025-05-23T00:05:25Z" duration-ms="1" status="SKIP">
          <params>
            <param index="0">
              <value>
                <![CDATA[getmenulist]]>
              </value>
            </param>
            <param index="1">
              <value>
                <![CDATA[getmenu_list_001]]>
              </value>
            </param>
            <param index="2">
              <value>
                <![CDATA[positive]]>
              </value>
            </param>
            <param index="3">
              <value>
                <![CDATA[verify Get Menu List]]>
              </value>
            </param>
            <param index="4">
              <value>
                <![CDATA[post]]>
              </value>
            </param>
            <param index="5">
              <value>
                <![CDATA[{
 "outlet_id":"1"
}]]>
              </value>
            </param>
            <param index="6">
              <value>
                <![CDATA[{
    "menu_list": {
        "Chicken biryani": 17,
        "Chicken Biryani": 9,
        "Chicken Biryani@434": 10,
        "Veg Biryani": 11,
        "Fried Rice": 12,
        "Jeera Rice": 13,
        "Lemon Ricee": 14,
        "Anda Biryani": 18
    }
}]]>
              </value>
            </param>
            <param index="7">
              <value>
                <![CDATA[200]]>
              </value>
            </param>
          </params>
          <reporter-output>
          </reporter-output>
        </test-method> <!-- verifyMenuList -->
      </class> <!-- com.menumitratCommonAPITestScript.GetMenuList -->
    </test> <!-- MenuMitra API Tests -->
  </suite> <!-- Suite -->
</testng-results>
